<?xml version="1.0" encoding="UTF-8"?>
<!-- Generated by org.testng.reporters.JUnitReportReporter -->
<testsuite hostname="SYN-FLX-005" name="scenarios.GEO.v1.ScriptGet" tests="7" failures="0" timestamp="7 Sep 2020 08:23:18 GMT" time="59.936" errors="0">
  <testcase name="TC_05" time="1.462" classname="scenarios.GEO.v1.ScriptGet"/>
  <testcase name="TC_06" time="1.929" classname="scenarios.GEO.v1.ScriptGet"/>
  <testcase name="TC_04" time="1.258" classname="scenarios.GEO.v1.ScriptGet"/>
  <testcase name="TC_03" time="1.763" classname="scenarios.GEO.v1.ScriptGet"/>
  <testcase name="TC_02" time="3.266" classname="scenarios.GEO.v1.ScriptGet"/>
  <testcase name="TC_07" time="1.724" classname="scenarios.GEO.v1.ScriptGet"/>
  <testcase name="TC_01" time="48.534" classname="scenarios.GEO.v1.ScriptGet"/>
</testsuite> <!-- scenarios.GEO.v1.ScriptGet -->
