<?xml version="1.0" encoding="UTF-8"?>
<!-- Generated by org.testng.reporters.JUnitReportReporter -->
<testsuite hostname="SYN-FLX-005" name="scenarios.GEO.v1.GeoRltspTypePost" tests="1" failures="0" timestamp="27 Jul 2020 11:35:52 GMT" time="4.862" errors="0">
  <testcase name="TC_04" time="4.862" classname="scenarios.GEO.v1.GeoRltspTypePost"/>
</testsuite> <!-- scenarios.GEO.v1.GeoRltspTypePost -->
