<?xml version="1.0" encoding="UTF-8"?>
<!-- Generated by org.testng.reporters.JUnitReportReporter -->
<testsuite skipped="0" hostname="COS-3572253-L1" name="scenarios.GEO.GeoOrgStdGet" tests="4" failures="0" timestamp="18 Jul 2019 16:14:20 GMT" time="19.463" errors="0">
  <testcase name="TC_01" time="16.684" classname="scenarios.GEO.GeoOrgStdGet"/>
  <testcase name="TC_02" time="1.097" classname="scenarios.GEO.GeoOrgStdGet"/>
  <testcase name="TC_03" time="0.577" classname="scenarios.GEO.GeoOrgStdGet"/>
  <testcase name="TC_04" time="1.105" classname="scenarios.GEO.GeoOrgStdGet"/>
</testsuite> <!-- scenarios.GEO.GeoOrgStdGet -->
