<?xml version="1.0" encoding="UTF-8"?>
<!-- Generated by org.testng.reporters.JUnitReportReporter -->
<testsuite hostname="SYN-FLX-001" name="scenarios.GEO.ScriptPost" tests="1" failures="0" timestamp="31 Jul 2019 19:45:54 GMT" time="6.118" errors="0">
  <testcase name="TC_01" time="6.118" classname="scenarios.GEO.ScriptPost"/>
</testsuite> <!-- scenarios.GEO.ScriptPost -->
