<?xml version="1.0" encoding="UTF-8"?>
<!-- Generated by org.testng.reporters.JUnitReportReporter -->
<testsuite skipped="0" hostname="COS-3572253-L1" name="scenarios.GEO.GeoGet" tests="1" failures="0" timestamp="11 Jun 2019 15:09:44 GMT" time="126.495" errors="0">
  <testcase name="TC_Get" time="126.495" classname="scenarios.GEO.GeoGet"/>
</testsuite> <!-- scenarios.GEO.GeoGet -->
