<?xml version="1.0" encoding="UTF-8"?>
<!-- Generated by org.testng.reporters.JUnitReportReporter -->
<testsuite hostname="SYN-FLX-005" name="scenarios.GEO.v1.CntryOrgStdPut" tests="31" failures="0" timestamp="7 Sep 2020 12:43:27 GMT" time="65.692" errors="0">
  <testcase name="TC_03" time="2.355" classname="scenarios.GEO.v1.CntryOrgStdPut"/>
  <testcase name="TC_16" time="1.520" classname="scenarios.GEO.v1.CntryOrgStdPut"/>
  <testcase name="TC_02" time="1.501" classname="scenarios.GEO.v1.CntryOrgStdPut"/>
  <testcase name="TC_08" time="1.249" classname="scenarios.GEO.v1.CntryOrgStdPut"/>
  <testcase name="TC_25" time="1.109" classname="scenarios.GEO.v1.CntryOrgStdPut"/>
  <testcase name="TC_12" time="1.341" classname="scenarios.GEO.v1.CntryOrgStdPut"/>
  <testcase name="TC_31" time="9.508" classname="scenarios.GEO.v1.CntryOrgStdPut"/>
  <testcase name="TC_28" time="1.422" classname="scenarios.GEO.v1.CntryOrgStdPut"/>
  <testcase name="TC_15" time="4.097" classname="scenarios.GEO.v1.CntryOrgStdPut"/>
  <testcase name="TC_24" time="1.819" classname="scenarios.GEO.v1.CntryOrgStdPut"/>
  <testcase name="TC_23" time="1.217" classname="scenarios.GEO.v1.CntryOrgStdPut"/>
  <testcase name="TC_04" time="2.418" classname="scenarios.GEO.v1.CntryOrgStdPut"/>
  <testcase name="TC_30" time="1.220" classname="scenarios.GEO.v1.CntryOrgStdPut"/>
  <testcase name="TC_21" time="1.404" classname="scenarios.GEO.v1.CntryOrgStdPut"/>
  <testcase name="TC_09" time="1.204" classname="scenarios.GEO.v1.CntryOrgStdPut"/>
  <testcase name="TC_18" time="2.350" classname="scenarios.GEO.v1.CntryOrgStdPut"/>
  <testcase name="TC_01" time="8.371" classname="scenarios.GEO.v1.CntryOrgStdPut"/>
  <testcase name="TC_20" time="1.232" classname="scenarios.GEO.v1.CntryOrgStdPut"/>
  <testcase name="TC_26" time="1.208" classname="scenarios.GEO.v1.CntryOrgStdPut"/>
  <testcase name="TC_05" time="1.332" classname="scenarios.GEO.v1.CntryOrgStdPut"/>
  <testcase name="TC_10" time="1.325" classname="scenarios.GEO.v1.CntryOrgStdPut"/>
  <testcase name="TC_06" time="1.499" classname="scenarios.GEO.v1.CntryOrgStdPut"/>
  <testcase name="TC_13" time="1.251" classname="scenarios.GEO.v1.CntryOrgStdPut"/>
  <testcase name="TC_19" time="1.371" classname="scenarios.GEO.v1.CntryOrgStdPut"/>
  <testcase name="TC_17" time="1.317" classname="scenarios.GEO.v1.CntryOrgStdPut"/>
  <testcase name="TC_29" time="1.543" classname="scenarios.GEO.v1.CntryOrgStdPut"/>
  <testcase name="TC_22" time="1.427" classname="scenarios.GEO.v1.CntryOrgStdPut"/>
  <testcase name="TC_11" time="1.325" classname="scenarios.GEO.v1.CntryOrgStdPut"/>
  <testcase name="TC_14" time="2.483" classname="scenarios.GEO.v1.CntryOrgStdPut"/>
  <testcase name="TC_07" time="2.861" classname="scenarios.GEO.v1.CntryOrgStdPut"/>
  <testcase name="TC_27" time="1.413" classname="scenarios.GEO.v1.CntryOrgStdPut"/>
</testsuite> <!-- scenarios.GEO.v1.CntryOrgStdPut -->
