<?xml version="1.0" encoding="UTF-8"?>
<!-- Generated by org.testng.reporters.JUnitReportReporter -->
<testsuite skipped="0" hostname="COS-3572253-L1" name="scenarios.GEO.HolidayPut" tests="2" failures="0" timestamp="03 Jul 2019 17:07:01 GMT" time="8.508" errors="0">
  <testcase name="TC_01" time="7.915" classname="scenarios.GEO.HolidayPut"/>
  <testcase name="TC_02" time="0.593" classname="scenarios.GEO.HolidayPut"/>
</testsuite> <!-- scenarios.GEO.HolidayPut -->
