<?xml version="1.0" encoding="UTF-8"?>
<!-- Generated by org.testng.reporters.JUnitReportReporter -->
<testsuite hostname="SYN-FLX-001" name="scenarios.GEO.GeoOrgStdPost" tests="1" failures="0" timestamp="23 Jan 2020 12:14:30 GMT" time="5.740" errors="0">
  <testcase name="TC_01" time="5.740" classname="scenarios.GEO.GeoOrgStdPost"/>
</testsuite> <!-- scenarios.GEO.GeoOrgStdPost -->
