<?xml version="1.0" encoding="UTF-8"?>
<!-- Generated by org.testng.reporters.JUnitReportReporter -->
<testsuite hostname="SYN-FLX-005" name="scenarios.GEO.v1.CountryGet" tests="43" failures="0" timestamp="27 Jul 2020 07:12:16 GMT" time="287.223" errors="0">
  <testcase name="TC_33" time="3.617" classname="scenarios.GEO.v1.CountryGet"/>
  <testcase name="TC_18" time="4.662" classname="scenarios.GEO.v1.CountryGet"/>
  <testcase name="TC_06" time="3.865" classname="scenarios.GEO.v1.CountryGet"/>
  <testcase name="TC_07" time="3.506" classname="scenarios.GEO.v1.CountryGet"/>
  <testcase name="TC_35" time="6.247" classname="scenarios.GEO.v1.CountryGet"/>
  <testcase name="TC_17" time="7.412" classname="scenarios.GEO.v1.CountryGet"/>
  <testcase name="TC_20" time="3.593" classname="scenarios.GEO.v1.CountryGet"/>
  <testcase name="TC_38" time="4.906" classname="scenarios.GEO.v1.CountryGet"/>
  <testcase name="TC_05" time="3.460" classname="scenarios.GEO.v1.CountryGet"/>
  <testcase name="TC_21" time="5.149" classname="scenarios.GEO.v1.CountryGet"/>
  <testcase name="TC_13" time="3.679" classname="scenarios.GEO.v1.CountryGet"/>
  <testcase name="TC_26" time="3.481" classname="scenarios.GEO.v1.CountryGet"/>
  <testcase name="TC_02" time="7.713" classname="scenarios.GEO.v1.CountryGet"/>
  <testcase name="TC_03" time="6.388" classname="scenarios.GEO.v1.CountryGet"/>
  <testcase name="TC_32" time="4.251" classname="scenarios.GEO.v1.CountryGet"/>
  <testcase name="TC_34" time="5.734" classname="scenarios.GEO.v1.CountryGet"/>
  <testcase name="TC_10" time="3.416" classname="scenarios.GEO.v1.CountryGet"/>
  <testcase name="TC_11" time="3.623" classname="scenarios.GEO.v1.CountryGet"/>
  <testcase name="TC_16" time="7.681" classname="scenarios.GEO.v1.CountryGet"/>
  <testcase name="TC_29" time="34.842" classname="scenarios.GEO.v1.CountryGet"/>
  <testcase name="TC_01" time="7.052" classname="scenarios.GEO.v1.CountryGet"/>
  <testcase name="TC_36" time="5.688" classname="scenarios.GEO.v1.CountryGet"/>
  <testcase name="TC_09" time="3.458" classname="scenarios.GEO.v1.CountryGet"/>
  <testcase name="TC_27" time="8.350" classname="scenarios.GEO.v1.CountryGet"/>
  <testcase name="TC_19" time="3.477" classname="scenarios.GEO.v1.CountryGet"/>
  <testcase name="TC_42" time="3.155" classname="scenarios.GEO.v1.CountryGet"/>
  <testcase name="TC_22" time="3.895" classname="scenarios.GEO.v1.CountryGet"/>
  <testcase name="TC_23" time="3.768" classname="scenarios.GEO.v1.CountryGet"/>
  <testcase name="TC_43" time="2.941" classname="scenarios.GEO.v1.CountryGet"/>
  <testcase name="TC_39" time="4.179" classname="scenarios.GEO.v1.CountryGet"/>
  <testcase name="TC_14" time="6.725" classname="scenarios.GEO.v1.CountryGet"/>
  <testcase name="TC_25" time="4.166" classname="scenarios.GEO.v1.CountryGet"/>
  <testcase name="TC_24" time="3.648" classname="scenarios.GEO.v1.CountryGet"/>
  <testcase name="TC_41" time="40.592" classname="scenarios.GEO.v1.CountryGet"/>
  <testcase name="TC_37" time="3.661" classname="scenarios.GEO.v1.CountryGet"/>
  <testcase name="TC_08" time="4.295" classname="scenarios.GEO.v1.CountryGet"/>
  <testcase name="TC_04" time="6.480" classname="scenarios.GEO.v1.CountryGet"/>
  <testcase name="TC_12" time="3.573" classname="scenarios.GEO.v1.CountryGet"/>
  <testcase name="TC_28" time="8.295" classname="scenarios.GEO.v1.CountryGet"/>
  <testcase name="TC_15" time="7.409" classname="scenarios.GEO.v1.CountryGet"/>
  <testcase name="TC_30" time="14.900" classname="scenarios.GEO.v1.CountryGet"/>
  <testcase name="TC_31" time="4.375" classname="scenarios.GEO.v1.CountryGet"/>
  <testcase name="TC_40" time="5.916" classname="scenarios.GEO.v1.CountryGet"/>
</testsuite> <!-- scenarios.GEO.v1.CountryGet -->
