<?xml version="1.0" encoding="UTF-8"?>
<!-- Generated by org.testng.reporters.JUnitReportReporter -->
<testsuite hostname="SYN-FLX-001" name="scenarios.GEO.CntryOrgStdPost" tests="27" failures="0" timestamp="14 Aug 2019 04:40:08 GMT" time="44.999" errors="0">
  <testcase name="TC_22" time="0.835" classname="scenarios.GEO.CntryOrgStdPost"/>
  <testcase name="TC_23" time="1.095" classname="scenarios.GEO.CntryOrgStdPost"/>
  <testcase name="TC_21" time="0.898" classname="scenarios.GEO.CntryOrgStdPost"/>
  <testcase name="TC_26" time="1.118" classname="scenarios.GEO.CntryOrgStdPost"/>
  <testcase name="TC_27" time="1.276" classname="scenarios.GEO.CntryOrgStdPost"/>
  <testcase name="TC_10" time="0.861" classname="scenarios.GEO.CntryOrgStdPost"/>
  <testcase name="TC_02" time="1.116" classname="scenarios.GEO.CntryOrgStdPost"/>
  <testcase name="TC_05" time="0.882" classname="scenarios.GEO.CntryOrgStdPost"/>
  <testcase name="TC_18" time="2.591" classname="scenarios.GEO.CntryOrgStdPost"/>
  <testcase name="TC_19" time="1.098" classname="scenarios.GEO.CntryOrgStdPost"/>
  <testcase name="TC_13" time="1.150" classname="scenarios.GEO.CntryOrgStdPost"/>
  <testcase name="TC_03" time="2.484" classname="scenarios.GEO.CntryOrgStdPost"/>
  <testcase name="TC_25" time="0.991" classname="scenarios.GEO.CntryOrgStdPost"/>
  <testcase name="TC_17" time="2.637" classname="scenarios.GEO.CntryOrgStdPost"/>
  <testcase name="TC_20" time="1.353" classname="scenarios.GEO.CntryOrgStdPost"/>
  <testcase name="TC_16" time="1.042" classname="scenarios.GEO.CntryOrgStdPost"/>
  <testcase name="TC_01" time="5.529" classname="scenarios.GEO.CntryOrgStdPost"/>
  <testcase name="TC_12" time="1.138" classname="scenarios.GEO.CntryOrgStdPost"/>
  <testcase name="TC_06" time="2.201" classname="scenarios.GEO.CntryOrgStdPost"/>
  <testcase name="TC_07" time="2.244" classname="scenarios.GEO.CntryOrgStdPost"/>
  <testcase name="TC_08" time="0.994" classname="scenarios.GEO.CntryOrgStdPost"/>
  <testcase name="TC_24" time="1.313" classname="scenarios.GEO.CntryOrgStdPost"/>
  <testcase name="TC_04" time="3.148" classname="scenarios.GEO.CntryOrgStdPost"/>
  <testcase name="TC_09" time="1.226" classname="scenarios.GEO.CntryOrgStdPost"/>
  <testcase name="TC_15" time="2.313" classname="scenarios.GEO.CntryOrgStdPost"/>
  <testcase name="TC_14" time="2.395" classname="scenarios.GEO.CntryOrgStdPost"/>
  <testcase name="TC_11" time="1.071" classname="scenarios.GEO.CntryOrgStdPost"/>
</testsuite> <!-- scenarios.GEO.CntryOrgStdPost -->
