<?xml version="1.0" encoding="UTF-8"?>
<!-- Generated by org.testng.reporters.JUnitReportReporter -->
<testsuite hostname="SYN-FLX-005" name="scenarios.GEO.v1.GeoTypePut" tests="1" failures="0" timestamp="30 Jul 2020 08:49:01 GMT" time="33.964" errors="0">
  <testcase name="TC_11" time="33.964" classname="scenarios.GEO.v1.GeoTypePut"/>
</testsuite> <!-- scenarios.GEO.v1.GeoTypePut -->
