<?xml version="1.0" encoding="UTF-8"?>
<!-- Generated by org.testng.reporters.JUnitReportReporter -->
<testsuite hostname="SYN-FLX-001" name="scenarios.GEO.v1.DepnCountryRltspTypeGet" tests="4" failures="0" timestamp="18 Jun 2020 08:29:28 GMT" time="15.677" errors="0">
  <testcase name="TC_02" time="1.576" classname="scenarios.GEO.v1.DepnCountryRltspTypeGet"/>
  <testcase name="TC_03" time="1.430" classname="scenarios.GEO.v1.DepnCountryRltspTypeGet"/>
  <testcase name="TC_01" time="11.179" classname="scenarios.GEO.v1.DepnCountryRltspTypeGet"/>
  <testcase name="TC_04" time="1.492" classname="scenarios.GEO.v1.DepnCountryRltspTypeGet"/>
</testsuite> <!-- scenarios.GEO.v1.DepnCountryRltspTypeGet -->
