<?xml version="1.0" encoding="UTF-8"?>
<!-- Generated by org.testng.reporters.JUnitReportReporter -->
<testsuite hostname="SYN-FLX-001" name="scenarios.GEO.StProvStdPut" tests="1" failures="0" timestamp="22 Jan 2020 11:17:52 GMT" time="8.730" errors="0">
  <testcase name="TC_01" time="8.730" classname="scenarios.GEO.StProvStdPut"/>
</testsuite> <!-- scenarios.GEO.StProvStdPut -->
