<?xml version="1.0" encoding="UTF-8"?>
<!-- Generated by org.testng.reporters.JUnitReportReporter -->
<testsuite hostname="SYN-FLX-005" name="scenarios.GEO.v1.GeoRltspPost" tests="29" failures="0" timestamp="9 Sep 2020 13:45:26 GMT" time="56.320" errors="0">
  <testcase name="TC_01" time="6.172" classname="scenarios.GEO.v1.GeoRltspPost"/>
  <testcase name="TC_05" time="3.120" classname="scenarios.GEO.v1.GeoRltspPost"/>
  <testcase name="TC_15" time="1.333" classname="scenarios.GEO.v1.GeoRltspPost"/>
  <testcase name="TC_12" time="1.231" classname="scenarios.GEO.v1.GeoRltspPost"/>
  <testcase name="TC_03" time="1.274" classname="scenarios.GEO.v1.GeoRltspPost"/>
  <testcase name="TC_13" time="1.355" classname="scenarios.GEO.v1.GeoRltspPost"/>
  <testcase name="TC_24" time="1.383" classname="scenarios.GEO.v1.GeoRltspPost"/>
  <testcase name="TC_20" time="1.234" classname="scenarios.GEO.v1.GeoRltspPost"/>
  <testcase name="TC_23" time="1.263" classname="scenarios.GEO.v1.GeoRltspPost"/>
  <testcase name="TC_08" time="1.224" classname="scenarios.GEO.v1.GeoRltspPost"/>
  <testcase name="TC_29" time="9.493" classname="scenarios.GEO.v1.GeoRltspPost"/>
  <testcase name="TC_26" time="1.267" classname="scenarios.GEO.v1.GeoRltspPost"/>
  <testcase name="TC_27" time="2.002" classname="scenarios.GEO.v1.GeoRltspPost"/>
  <testcase name="TC_02" time="1.363" classname="scenarios.GEO.v1.GeoRltspPost"/>
  <testcase name="TC_19" time="1.320" classname="scenarios.GEO.v1.GeoRltspPost"/>
  <testcase name="TC_14" time="1.278" classname="scenarios.GEO.v1.GeoRltspPost"/>
  <testcase name="TC_17" time="2.222" classname="scenarios.GEO.v1.GeoRltspPost"/>
  <testcase name="TC_11" time="1.269" classname="scenarios.GEO.v1.GeoRltspPost"/>
  <testcase name="TC_10" time="1.186" classname="scenarios.GEO.v1.GeoRltspPost"/>
  <testcase name="TC_21" time="1.559" classname="scenarios.GEO.v1.GeoRltspPost"/>
  <testcase name="TC_22" time="1.224" classname="scenarios.GEO.v1.GeoRltspPost"/>
  <testcase name="TC_25" time="1.266" classname="scenarios.GEO.v1.GeoRltspPost"/>
  <testcase name="TC_16" time="2.299" classname="scenarios.GEO.v1.GeoRltspPost"/>
  <testcase name="TC_09" time="1.308" classname="scenarios.GEO.v1.GeoRltspPost"/>
  <testcase name="TC_18" time="1.378" classname="scenarios.GEO.v1.GeoRltspPost"/>
  <testcase name="TC_28" time="1.431" classname="scenarios.GEO.v1.GeoRltspPost"/>
  <testcase name="TC_06" time="2.324" classname="scenarios.GEO.v1.GeoRltspPost"/>
  <testcase name="TC_07" time="1.264" classname="scenarios.GEO.v1.GeoRltspPost"/>
  <testcase name="TC_04" time="1.278" classname="scenarios.GEO.v1.GeoRltspPost"/>
</testsuite> <!-- scenarios.GEO.v1.GeoRltspPost -->
