<?xml version="1.0" encoding="UTF-8"?>
<!-- Generated by org.testng.reporters.JUnitReportReporter -->
<testsuite hostname="SYN-FLX-005" name="scenarios.GEO.v1.DayOfWeekGet" tests="4" failures="0" timestamp="7 Sep 2020 08:04:38 GMT" time="10.166" errors="0">
  <testcase name="TC_01" time="6.202" classname="scenarios.GEO.v1.DayOfWeekGet"/>
  <testcase name="TC_02" time="1.496" classname="scenarios.GEO.v1.DayOfWeekGet"/>
  <testcase name="TC_03" time="1.201" classname="scenarios.GEO.v1.DayOfWeekGet"/>
  <testcase name="TC_04" time="1.267" classname="scenarios.GEO.v1.DayOfWeekGet"/>
</testsuite> <!-- scenarios.GEO.v1.DayOfWeekGet -->
