<?xml version="1.0" encoding="UTF-8"?>
<!-- Generated by org.testng.reporters.JUnitReportReporter -->
<testsuite hostname="SYN-FLX-001" name="scenarios.GEO.DepnCountryRltspPost" tests="1" failures="0" timestamp="22 Jan 2020 11:26:46 GMT" time="5.600" errors="0">
  <testcase name="TC_01" time="5.600" classname="scenarios.GEO.DepnCountryRltspPost"/>
</testsuite> <!-- scenarios.GEO.DepnCountryRltspPost -->
