<?xml version="1.0" encoding="UTF-8"?>
<!-- Generated by org.testng.reporters.JUnitReportReporter -->
<testsuite hostname="SYN-FLX-005" name="scenarios.GEO.v1.GeoOrgStdPost" tests="16" failures="0" timestamp="9 Sep 2020 18:03:41 GMT" time="37.685" errors="0">
  <testcase name="TC_01" time="5.398" classname="scenarios.GEO.v1.GeoOrgStdPost"/>
  <testcase name="TC_09" time="1.270" classname="scenarios.GEO.v1.GeoOrgStdPost"/>
  <testcase name="TC_13" time="1.525" classname="scenarios.GEO.v1.GeoOrgStdPost"/>
  <testcase name="TC_10" time="1.411" classname="scenarios.GEO.v1.GeoOrgStdPost"/>
  <testcase name="TC_12" time="1.764" classname="scenarios.GEO.v1.GeoOrgStdPost"/>
  <testcase name="TC_03" time="2.445" classname="scenarios.GEO.v1.GeoOrgStdPost"/>
  <testcase name="TC_06" time="2.233" classname="scenarios.GEO.v1.GeoOrgStdPost"/>
  <testcase name="TC_11" time="1.915" classname="scenarios.GEO.v1.GeoOrgStdPost"/>
  <testcase name="TC_16" time="10.301" classname="scenarios.GEO.v1.GeoOrgStdPost"/>
  <testcase name="TC_07" time="1.328" classname="scenarios.GEO.v1.GeoOrgStdPost"/>
  <testcase name="TC_14" time="1.338" classname="scenarios.GEO.v1.GeoOrgStdPost"/>
  <testcase name="TC_02" time="1.473" classname="scenarios.GEO.v1.GeoOrgStdPost"/>
  <testcase name="TC_15" time="1.305" classname="scenarios.GEO.v1.GeoOrgStdPost"/>
  <testcase name="TC_05" time="1.454" classname="scenarios.GEO.v1.GeoOrgStdPost"/>
  <testcase name="TC_08" time="1.172" classname="scenarios.GEO.v1.GeoOrgStdPost"/>
  <testcase name="TC_04" time="1.353" classname="scenarios.GEO.v1.GeoOrgStdPost"/>
</testsuite> <!-- scenarios.GEO.v1.GeoOrgStdPost -->
