<?xml version="1.0" encoding="UTF-8"?>
<!-- Generated by org.testng.reporters.JUnitReportReporter -->
<testsuite hostname="SYN-FLX-005" name="scenarios.GEO.v1.GeoRltspTypePut" tests="18" failures="0" timestamp="8 Sep 2020 09:14:09 GMT" time="40.095" errors="0">
  <testcase name="TC_06" time="1.218" classname="scenarios.GEO.v1.GeoRltspTypePut"/>
  <testcase name="TC_14" time="2.443" classname="scenarios.GEO.v1.GeoRltspTypePut"/>
  <testcase name="TC_04" time="1.258" classname="scenarios.GEO.v1.GeoRltspTypePut"/>
  <testcase name="TC_12" time="1.318" classname="scenarios.GEO.v1.GeoRltspTypePut"/>
  <testcase name="TC_03" time="2.454" classname="scenarios.GEO.v1.GeoRltspTypePut"/>
  <testcase name="TC_11" time="1.346" classname="scenarios.GEO.v1.GeoRltspTypePut"/>
  <testcase name="TC_13" time="1.282" classname="scenarios.GEO.v1.GeoRltspTypePut"/>
  <testcase name="TC_16" time="1.396" classname="scenarios.GEO.v1.GeoRltspTypePut"/>
  <testcase name="TC_18" time="9.554" classname="scenarios.GEO.v1.GeoRltspTypePut"/>
  <testcase name="TC_01" time="4.951" classname="scenarios.GEO.v1.GeoRltspTypePut"/>
  <testcase name="TC_05" time="2.853" classname="scenarios.GEO.v1.GeoRltspTypePut"/>
  <testcase name="TC_15" time="1.285" classname="scenarios.GEO.v1.GeoRltspTypePut"/>
  <testcase name="TC_08" time="1.330" classname="scenarios.GEO.v1.GeoRltspTypePut"/>
  <testcase name="TC_02" time="1.440" classname="scenarios.GEO.v1.GeoRltspTypePut"/>
  <testcase name="TC_09" time="1.922" classname="scenarios.GEO.v1.GeoRltspTypePut"/>
  <testcase name="TC_10" time="1.244" classname="scenarios.GEO.v1.GeoRltspTypePut"/>
  <testcase name="TC_07" time="1.315" classname="scenarios.GEO.v1.GeoRltspTypePut"/>
  <testcase name="TC_17" time="1.486" classname="scenarios.GEO.v1.GeoRltspTypePut"/>
</testsuite> <!-- scenarios.GEO.v1.GeoRltspTypePut -->
