<?xml version="1.0" encoding="UTF-8"?>
<!-- Generated by org.testng.reporters.JUnitReportReporter -->
<testsuite hostname="SYN-FLX-001" name="scenarios.GEO.v1.MonthOfYearGet" tests="4" failures="0" timestamp="18 Jun 2020 08:08:50 GMT" time="16.728" errors="0">
  <testcase name="TC_04" time="1.334" classname="scenarios.GEO.v1.MonthOfYearGet"/>
  <testcase name="TC_01" time="11.515" classname="scenarios.GEO.v1.MonthOfYearGet"/>
  <testcase name="TC_03" time="1.597" classname="scenarios.GEO.v1.MonthOfYearGet"/>
  <testcase name="TC_02" time="2.282" classname="scenarios.GEO.v1.MonthOfYearGet"/>
</testsuite> <!-- scenarios.GEO.v1.MonthOfYearGet -->
