<?xml version="1.0" encoding="UTF-8"?>
<!-- Generated by org.testng.reporters.JUnitReportReporter -->
<testsuite hostname="SYN-FLX-001" name="scenarios.GEO.DayOfWeekGet" tests="2" failures="0" timestamp="22 Jan 2020 10:52:54 GMT" time="7.606" errors="0">
  <testcase name="TC_02" time="1.389" classname="scenarios.GEO.DayOfWeekGet"/>
  <testcase name="TC_01" time="6.217" classname="scenarios.GEO.DayOfWeekGet"/>
</testsuite> <!-- scenarios.GEO.DayOfWeekGet -->
