<?xml version="1.0" encoding="UTF-8"?>
<!-- Generated by org.testng.reporters.JUnitReportReporter -->
<testsuite hostname="SYN-FLX-001" name="scenarios.GEO.v1.GeoOrgStdGet" tests="6" failures="0" timestamp="18 Jun 2020 08:19:23 GMT" time="23.371" errors="0">
  <testcase name="TC_06" time="1.897" classname="scenarios.GEO.v1.GeoOrgStdGet"/>
  <testcase name="TC_05" time="1.642" classname="scenarios.GEO.v1.GeoOrgStdGet"/>
  <testcase name="TC_04" time="1.583" classname="scenarios.GEO.v1.GeoOrgStdGet"/>
  <testcase name="TC_01" time="12.925" classname="scenarios.GEO.v1.GeoOrgStdGet"/>
  <testcase name="TC_02" time="3.822" classname="scenarios.GEO.v1.GeoOrgStdGet"/>
  <testcase name="TC_03" time="1.502" classname="scenarios.GEO.v1.GeoOrgStdGet"/>
</testsuite> <!-- scenarios.GEO.v1.GeoOrgStdGet -->
