<?xml version="1.0" encoding="UTF-8"?>
<!-- Generated by org.testng.reporters.JUnitReportReporter -->
<testsuite hostname="SYN-FLX-005" name="scenarios.GEO.v1.DepnCountryRltspTypeGet" tests="4" failures="0" timestamp="7 Sep 2020 08:05:53 GMT" time="14.674" errors="0">
  <testcase name="TC_03" time="1.222" classname="scenarios.GEO.v1.DepnCountryRltspTypeGet"/>
  <testcase name="TC_04" time="1.388" classname="scenarios.GEO.v1.DepnCountryRltspTypeGet"/>
  <testcase name="TC_02" time="1.315" classname="scenarios.GEO.v1.DepnCountryRltspTypeGet"/>
  <testcase name="TC_01" time="10.749" classname="scenarios.GEO.v1.DepnCountryRltspTypeGet"/>
</testsuite> <!-- scenarios.GEO.v1.DepnCountryRltspTypeGet -->
