<?xml version="1.0" encoding="UTF-8"?>
<!-- Generated by org.testng.reporters.JUnitReportReporter -->
<testsuite hostname="SYN-FLX-005" name="scenarios.GEO.v1.AffilTypePost" tests="15" failures="0" timestamp="9 Sep 2020 14:34:39 GMT" time="34.355" errors="0">
  <testcase name="TC_03" time="2.327" classname="scenarios.GEO.v1.AffilTypePost"/>
  <testcase name="TC_06" time="2.242" classname="scenarios.GEO.v1.AffilTypePost"/>
  <testcase name="TC_10" time="1.275" classname="scenarios.GEO.v1.AffilTypePost"/>
  <testcase name="TC_01" time="5.595" classname="scenarios.GEO.v1.AffilTypePost"/>
  <testcase name="TC_11" time="1.201" classname="scenarios.GEO.v1.AffilTypePost"/>
  <testcase name="TC_14" time="1.190" classname="scenarios.GEO.v1.AffilTypePost"/>
  <testcase name="TC_08" time="1.314" classname="scenarios.GEO.v1.AffilTypePost"/>
  <testcase name="TC_02" time="1.241" classname="scenarios.GEO.v1.AffilTypePost"/>
  <testcase name="TC_05" time="1.218" classname="scenarios.GEO.v1.AffilTypePost"/>
  <testcase name="TC_09" time="1.158" classname="scenarios.GEO.v1.AffilTypePost"/>
  <testcase name="TC_12" time="1.301" classname="scenarios.GEO.v1.AffilTypePost"/>
  <testcase name="TC_07" time="1.253" classname="scenarios.GEO.v1.AffilTypePost"/>
  <testcase name="TC_15" time="9.870" classname="scenarios.GEO.v1.AffilTypePost"/>
  <testcase name="TC_04" time="1.847" classname="scenarios.GEO.v1.AffilTypePost"/>
  <testcase name="TC_13" time="1.323" classname="scenarios.GEO.v1.AffilTypePost"/>
</testsuite> <!-- scenarios.GEO.v1.AffilTypePost -->
