<?xml version="1.0" encoding="UTF-8"?>
<!-- Generated by org.testng.reporters.JUnitReportReporter -->
<testsuite skipped="0" hostname="COS-3572253-L1" name="scenarios.GEO.HolidayGet" tests="4" failures="0" timestamp="18 Jul 2019 21:50:56 GMT" time="28.251" errors="0">
  <testcase name="TC_01" time="25.305" classname="scenarios.GEO.HolidayGet"/>
  <testcase name="TC_04" time="0.468" classname="scenarios.GEO.HolidayGet"/>
  <testcase name="TC_02" time="1.895" classname="scenarios.GEO.HolidayGet"/>
  <testcase name="TC_03" time="0.583" classname="scenarios.GEO.HolidayGet"/>
</testsuite> <!-- scenarios.GEO.HolidayGet -->
