<?xml version="1.0" encoding="UTF-8"?>
<!-- Generated by org.testng.reporters.JUnitReportReporter -->
<testsuite hostname="SYN-FLX-001" name="scenarios.GEO.v1.CntryOrgStdPut" tests="31" failures="0" timestamp="18 Jun 2020 14:24:10 GMT" time="67.303" errors="0">
  <testcase name="TC_09" time="1.252" classname="scenarios.GEO.v1.CntryOrgStdPut"/>
  <testcase name="TC_24" time="1.366" classname="scenarios.GEO.v1.CntryOrgStdPut"/>
  <testcase name="TC_25" time="1.466" classname="scenarios.GEO.v1.CntryOrgStdPut"/>
  <testcase name="TC_05" time="1.312" classname="scenarios.GEO.v1.CntryOrgStdPut"/>
  <testcase name="TC_20" time="1.350" classname="scenarios.GEO.v1.CntryOrgStdPut"/>
  <testcase name="TC_07" time="2.659" classname="scenarios.GEO.v1.CntryOrgStdPut"/>
  <testcase name="TC_22" time="1.482" classname="scenarios.GEO.v1.CntryOrgStdPut"/>
  <testcase name="TC_06" time="1.912" classname="scenarios.GEO.v1.CntryOrgStdPut"/>
  <testcase name="TC_17" time="1.291" classname="scenarios.GEO.v1.CntryOrgStdPut"/>
  <testcase name="TC_26" time="1.166" classname="scenarios.GEO.v1.CntryOrgStdPut"/>
  <testcase name="TC_27" time="1.309" classname="scenarios.GEO.v1.CntryOrgStdPut"/>
  <testcase name="TC_08" time="1.286" classname="scenarios.GEO.v1.CntryOrgStdPut"/>
  <testcase name="TC_10" time="1.364" classname="scenarios.GEO.v1.CntryOrgStdPut"/>
  <testcase name="TC_16" time="1.537" classname="scenarios.GEO.v1.CntryOrgStdPut"/>
  <testcase name="TC_18" time="2.824" classname="scenarios.GEO.v1.CntryOrgStdPut"/>
  <testcase name="TC_02" time="1.266" classname="scenarios.GEO.v1.CntryOrgStdPut"/>
  <testcase name="TC_15" time="2.794" classname="scenarios.GEO.v1.CntryOrgStdPut"/>
  <testcase name="TC_31" time="10.035" classname="scenarios.GEO.v1.CntryOrgStdPut"/>
  <testcase name="TC_21" time="1.300" classname="scenarios.GEO.v1.CntryOrgStdPut"/>
  <testcase name="TC_13" time="1.510" classname="scenarios.GEO.v1.CntryOrgStdPut"/>
  <testcase name="TC_01" time="9.044" classname="scenarios.GEO.v1.CntryOrgStdPut"/>
  <testcase name="TC_30" time="1.457" classname="scenarios.GEO.v1.CntryOrgStdPut"/>
  <testcase name="TC_04" time="2.637" classname="scenarios.GEO.v1.CntryOrgStdPut"/>
  <testcase name="TC_12" time="1.466" classname="scenarios.GEO.v1.CntryOrgStdPut"/>
  <testcase name="TC_14" time="2.645" classname="scenarios.GEO.v1.CntryOrgStdPut"/>
  <testcase name="TC_29" time="1.340" classname="scenarios.GEO.v1.CntryOrgStdPut"/>
  <testcase name="TC_03" time="2.547" classname="scenarios.GEO.v1.CntryOrgStdPut"/>
  <testcase name="TC_19" time="1.615" classname="scenarios.GEO.v1.CntryOrgStdPut"/>
  <testcase name="TC_28" time="1.413" classname="scenarios.GEO.v1.CntryOrgStdPut"/>
  <testcase name="TC_11" time="1.334" classname="scenarios.GEO.v1.CntryOrgStdPut"/>
  <testcase name="TC_23" time="1.324" classname="scenarios.GEO.v1.CntryOrgStdPut"/>
</testsuite> <!-- scenarios.GEO.v1.CntryOrgStdPut -->
