<?xml version="1.0" encoding="UTF-8"?>
<!-- Generated by org.testng.reporters.JUnitReportReporter -->
<testsuite hostname="SYN-FLX-001" name="scenarios.GEO.GeoRltspTypePut" tests="1" failures="0" timestamp="31 Jul 2019 18:55:01 GMT" time="5.004" errors="0">
  <testcase name="TC_14" time="5.004" classname="scenarios.GEO.GeoRltspTypePut"/>
</testsuite> <!-- scenarios.GEO.GeoRltspTypePut -->
