<?xml version="1.0" encoding="UTF-8"?>
<!-- Generated by org.testng.reporters.JUnitReportReporter -->
<testsuite hostname="SYN-FLX-005" name="scenarios.GEO.StProvStdPost" tests="1" failures="0" timestamp="25 Feb 2020 12:37:27 GMT" time="8.009" errors="0">
  <testcase name="TC_01" time="8.009" classname="scenarios.GEO.StProvStdPost"/>
</testsuite> <!-- scenarios.GEO.StProvStdPost -->
