<?xml version="1.0" encoding="UTF-8"?>
<!-- Generated by org.testng.reporters.JUnitReportReporter -->
<testsuite hostname="SYN-FLX-001" name="scenarios.GEO.StProvStdPost" tests="23" failures="0" timestamp="14 Aug 2019 06:01:34 GMT" time="38.158" errors="0">
  <testcase name="TC_19" time="1.040" classname="scenarios.GEO.StProvStdPost"/>
  <testcase name="TC_10" time="1.000" classname="scenarios.GEO.StProvStdPost"/>
  <testcase name="TC_07" time="0.950" classname="scenarios.GEO.StProvStdPost"/>
  <testcase name="TC_11" time="1.107" classname="scenarios.GEO.StProvStdPost"/>
  <testcase name="TC_08" time="0.864" classname="scenarios.GEO.StProvStdPost"/>
  <testcase name="TC_17" time="0.990" classname="scenarios.GEO.StProvStdPost"/>
  <testcase name="TC_04" time="2.610" classname="scenarios.GEO.StProvStdPost"/>
  <testcase name="TC_15" time="2.754" classname="scenarios.GEO.StProvStdPost"/>
  <testcase name="TC_05" time="2.627" classname="scenarios.GEO.StProvStdPost"/>
  <testcase name="TC_06" time="2.744" classname="scenarios.GEO.StProvStdPost"/>
  <testcase name="TC_16" time="1.237" classname="scenarios.GEO.StProvStdPost"/>
  <testcase name="TC_09" time="0.929" classname="scenarios.GEO.StProvStdPost"/>
  <testcase name="TC_02" time="0.906" classname="scenarios.GEO.StProvStdPost"/>
  <testcase name="TC_12" time="1.070" classname="scenarios.GEO.StProvStdPost"/>
  <testcase name="TC_14" time="2.590" classname="scenarios.GEO.StProvStdPost"/>
  <testcase name="TC_22" time="1.028" classname="scenarios.GEO.StProvStdPost"/>
  <testcase name="TC_01" time="5.545" classname="scenarios.GEO.StProvStdPost"/>
  <testcase name="TC_03" time="0.995" classname="scenarios.GEO.StProvStdPost"/>
  <testcase name="TC_21" time="0.934" classname="scenarios.GEO.StProvStdPost"/>
  <testcase name="TC_23" time="0.970" classname="scenarios.GEO.StProvStdPost"/>
  <testcase name="TC_13" time="3.103" classname="scenarios.GEO.StProvStdPost"/>
  <testcase name="TC_18" time="1.169" classname="scenarios.GEO.StProvStdPost"/>
  <testcase name="TC_20" time="0.996" classname="scenarios.GEO.StProvStdPost"/>
</testsuite> <!-- scenarios.GEO.StProvStdPost -->
