<?xml version="1.0" encoding="UTF-8"?>
<!-- Generated by org.testng.reporters.JUnitReportReporter -->
<testsuite hostname="SYN-FLX-001" name="scenarios.GEO.GeoRltspPost" tests="1" failures="0" timestamp="22 Jan 2020 09:51:42 GMT" time="8.551" errors="0">
  <testcase name="TC_01" time="8.551" classname="scenarios.GEO.GeoRltspPost"/>
</testsuite> <!-- scenarios.GEO.GeoRltspPost -->
