<?xml version="1.0" encoding="UTF-8"?>
<!-- Generated by org.testng.reporters.JUnitReportReporter -->
<testsuite hostname="SYN-FLX-001" name="scenarios.GEO.GeoRltspPut" tests="1" failures="0" timestamp="22 Jan 2020 09:52:27 GMT" time="8.470" errors="0">
  <testcase name="TC_01" time="8.470" classname="scenarios.GEO.GeoRltspPut"/>
</testsuite> <!-- scenarios.GEO.GeoRltspPut -->
