<?xml version="1.0" encoding="UTF-8"?>
<!-- Generated by org.testng.reporters.JUnitReportReporter -->
<testsuite hostname="SYN-FLX-005" name="scenarios.GEO.v1.GeoRltspPut" tests="29" failures="0" timestamp="8 Sep 2020 09:07:59 GMT" time="55.636" errors="0">
  <testcase name="TC_09" time="1.260" classname="scenarios.GEO.v1.GeoRltspPut"/>
  <testcase name="TC_28" time="1.105" classname="scenarios.GEO.v1.GeoRltspPut"/>
  <testcase name="TC_20" time="1.277" classname="scenarios.GEO.v1.GeoRltspPut"/>
  <testcase name="TC_29" time="9.546" classname="scenarios.GEO.v1.GeoRltspPut"/>
  <testcase name="TC_12" time="1.290" classname="scenarios.GEO.v1.GeoRltspPut"/>
  <testcase name="TC_13" time="1.298" classname="scenarios.GEO.v1.GeoRltspPut"/>
  <testcase name="TC_21" time="1.353" classname="scenarios.GEO.v1.GeoRltspPut"/>
  <testcase name="TC_10" time="1.348" classname="scenarios.GEO.v1.GeoRltspPut"/>
  <testcase name="TC_16" time="1.385" classname="scenarios.GEO.v1.GeoRltspPut"/>
  <testcase name="TC_23" time="1.379" classname="scenarios.GEO.v1.GeoRltspPut"/>
  <testcase name="TC_14" time="1.270" classname="scenarios.GEO.v1.GeoRltspPut"/>
  <testcase name="TC_25" time="1.794" classname="scenarios.GEO.v1.GeoRltspPut"/>
  <testcase name="TC_22" time="1.116" classname="scenarios.GEO.v1.GeoRltspPut"/>
  <testcase name="TC_03" time="1.257" classname="scenarios.GEO.v1.GeoRltspPut"/>
  <testcase name="TC_19" time="1.300" classname="scenarios.GEO.v1.GeoRltspPut"/>
  <testcase name="TC_05" time="1.385" classname="scenarios.GEO.v1.GeoRltspPut"/>
  <testcase name="TC_04" time="1.360" classname="scenarios.GEO.v1.GeoRltspPut"/>
  <testcase name="TC_15" time="1.445" classname="scenarios.GEO.v1.GeoRltspPut"/>
  <testcase name="TC_18" time="1.495" classname="scenarios.GEO.v1.GeoRltspPut"/>
  <testcase name="TC_11" time="1.167" classname="scenarios.GEO.v1.GeoRltspPut"/>
  <testcase name="TC_02" time="1.367" classname="scenarios.GEO.v1.GeoRltspPut"/>
  <testcase name="TC_17" time="2.710" classname="scenarios.GEO.v1.GeoRltspPut"/>
  <testcase name="TC_06" time="2.515" classname="scenarios.GEO.v1.GeoRltspPut"/>
  <testcase name="TC_26" time="1.219" classname="scenarios.GEO.v1.GeoRltspPut"/>
  <testcase name="TC_08" time="1.213" classname="scenarios.GEO.v1.GeoRltspPut"/>
  <testcase name="TC_27" time="1.099" classname="scenarios.GEO.v1.GeoRltspPut"/>
  <testcase name="TC_01" time="8.212" classname="scenarios.GEO.v1.GeoRltspPut"/>
  <testcase name="TC_24" time="1.179" classname="scenarios.GEO.v1.GeoRltspPut"/>
  <testcase name="TC_07" time="1.292" classname="scenarios.GEO.v1.GeoRltspPut"/>
</testsuite> <!-- scenarios.GEO.v1.GeoRltspPut -->
