<?xml version="1.0" encoding="UTF-8"?>
<!-- Generated by org.testng.reporters.JUnitReportReporter -->
<testsuite hostname="SYN-FLX-005" name="scenarios.GEO.v1.AffilTypePost" tests="15" failures="0" timestamp="27 Jul 2020 09:16:17 GMT" time="36.588" errors="0">
  <testcase name="TC_03" time="2.586" classname="scenarios.GEO.v1.AffilTypePost"/>
  <testcase name="TC_06" time="2.679" classname="scenarios.GEO.v1.AffilTypePost"/>
  <testcase name="TC_10" time="1.348" classname="scenarios.GEO.v1.AffilTypePost"/>
  <testcase name="TC_01" time="6.249" classname="scenarios.GEO.v1.AffilTypePost"/>
  <testcase name="TC_11" time="1.338" classname="scenarios.GEO.v1.AffilTypePost"/>
  <testcase name="TC_14" time="1.566" classname="scenarios.GEO.v1.AffilTypePost"/>
  <testcase name="TC_08" time="1.218" classname="scenarios.GEO.v1.AffilTypePost"/>
  <testcase name="TC_02" time="1.348" classname="scenarios.GEO.v1.AffilTypePost"/>
  <testcase name="TC_05" time="1.261" classname="scenarios.GEO.v1.AffilTypePost"/>
  <testcase name="TC_09" time="1.400" classname="scenarios.GEO.v1.AffilTypePost"/>
  <testcase name="TC_12" time="1.296" classname="scenarios.GEO.v1.AffilTypePost"/>
  <testcase name="TC_07" time="1.184" classname="scenarios.GEO.v1.AffilTypePost"/>
  <testcase name="TC_15" time="9.860" classname="scenarios.GEO.v1.AffilTypePost"/>
  <testcase name="TC_04" time="1.983" classname="scenarios.GEO.v1.AffilTypePost"/>
  <testcase name="TC_13" time="1.272" classname="scenarios.GEO.v1.AffilTypePost"/>
</testsuite> <!-- scenarios.GEO.v1.AffilTypePost -->
