<?xml version="1.0" encoding="UTF-8"?>
<!-- Generated by org.testng.reporters.JUnitReportReporter -->
<testsuite hostname="SYN-FLX-001" name="scenarios.GEO.v1.AffilTypePut" tests="15" failures="0" timestamp="18 Jun 2020 14:01:41 GMT" time="35.912" errors="0">
  <testcase name="TC_06" time="2.576" classname="scenarios.GEO.v1.AffilTypePut"/>
  <testcase name="TC_08" time="1.323" classname="scenarios.GEO.v1.AffilTypePut"/>
  <testcase name="TC_11" time="1.315" classname="scenarios.GEO.v1.AffilTypePut"/>
  <testcase name="TC_13" time="1.337" classname="scenarios.GEO.v1.AffilTypePut"/>
  <testcase name="TC_05" time="1.295" classname="scenarios.GEO.v1.AffilTypePut"/>
  <testcase name="TC_04" time="1.456" classname="scenarios.GEO.v1.AffilTypePut"/>
  <testcase name="TC_12" time="1.292" classname="scenarios.GEO.v1.AffilTypePut"/>
  <testcase name="TC_02" time="1.423" classname="scenarios.GEO.v1.AffilTypePut"/>
  <testcase name="TC_14" time="2.009" classname="scenarios.GEO.v1.AffilTypePut"/>
  <testcase name="TC_15" time="10.002" classname="scenarios.GEO.v1.AffilTypePut"/>
  <testcase name="TC_07" time="1.311" classname="scenarios.GEO.v1.AffilTypePut"/>
  <testcase name="TC_01" time="5.213" classname="scenarios.GEO.v1.AffilTypePut"/>
  <testcase name="TC_10" time="1.300" classname="scenarios.GEO.v1.AffilTypePut"/>
  <testcase name="TC_03" time="2.664" classname="scenarios.GEO.v1.AffilTypePut"/>
  <testcase name="TC_09" time="1.396" classname="scenarios.GEO.v1.AffilTypePut"/>
</testsuite> <!-- scenarios.GEO.v1.AffilTypePut -->
