<?xml version="1.0" encoding="UTF-8"?>
<!-- Generated by org.testng.reporters.JUnitReportReporter -->
<testsuite hostname="SYN-FLX-005" name="scenarios.GEO.v1.DayOfWeekGet" tests="4" failures="0" timestamp="27 Jul 2020 11:03:22 GMT" time="10.764" errors="0">
  <testcase name="TC_02" time="1.738" classname="scenarios.GEO.v1.DayOfWeekGet"/>
  <testcase name="TC_01" time="6.317" classname="scenarios.GEO.v1.DayOfWeekGet"/>
  <testcase name="TC_03" time="1.565" classname="scenarios.GEO.v1.DayOfWeekGet"/>
  <testcase name="TC_04" time="1.144" classname="scenarios.GEO.v1.DayOfWeekGet"/>
</testsuite> <!-- scenarios.GEO.v1.DayOfWeekGet -->
