<?xml version="1.0" encoding="UTF-8"?>
<!-- Generated by org.testng.reporters.JUnitReportReporter -->
<testsuite hostname="SYN-FLX-005" name="scenarios.GEO.v1.AddressLabelsPut" tests="1" failures="0" timestamp="9 Sep 2020 17:35:18 GMT" time="48.325" errors="0">
  <testcase name="TC_28" time="48.325" classname="scenarios.GEO.v1.AddressLabelsPut"/>
</testsuite> <!-- scenarios.GEO.v1.AddressLabelsPut -->
