<?xml version="1.0" encoding="UTF-8"?>
<!-- Generated by org.testng.reporters.JUnitReportReporter -->
<testsuite skipped="0" hostname="COS-3572253-L1" name="scenarios.GEO.DayOfWeekGet" tests="2" failures="0" timestamp="22 Jul 2019 16:43:44 GMT" time="29.276" errors="0">
  <testcase name="TC_01" time="26.841" classname="scenarios.GEO.DayOfWeekGet"/>
  <testcase name="TC_02" time="2.435" classname="scenarios.GEO.DayOfWeekGet"/>
</testsuite> <!-- scenarios.GEO.DayOfWeekGet -->
