<?xml version="1.0" encoding="UTF-8"?>
<!-- Generated by org.testng.reporters.JUnitReportReporter -->
<testsuite hostname="SYN-FLX-005" name="scenarios.GEO.v1.GeoTypePost" tests="14" failures="0" timestamp="9 Sep 2020 13:37:03 GMT" time="31.084" errors="0">
  <testcase name="TC_02" time="1.308" classname="scenarios.GEO.v1.GeoTypePost"/>
  <testcase name="TC_13" time="1.315" classname="scenarios.GEO.v1.GeoTypePost"/>
  <testcase name="TC_06" time="1.319" classname="scenarios.GEO.v1.GeoTypePost"/>
  <testcase name="TC_09" time="1.232" classname="scenarios.GEO.v1.GeoTypePost"/>
  <testcase name="TC_05" time="1.279" classname="scenarios.GEO.v1.GeoTypePost"/>
  <testcase name="TC_01" time="5.435" classname="scenarios.GEO.v1.GeoTypePost"/>
  <testcase name="TC_03" time="1.365" classname="scenarios.GEO.v1.GeoTypePost"/>
  <testcase name="TC_08" time="1.877" classname="scenarios.GEO.v1.GeoTypePost"/>
  <testcase name="TC_10" time="1.236" classname="scenarios.GEO.v1.GeoTypePost"/>
  <testcase name="TC_12" time="1.275" classname="scenarios.GEO.v1.GeoTypePost"/>
  <testcase name="TC_07" time="1.189" classname="scenarios.GEO.v1.GeoTypePost"/>
  <testcase name="TC_11" time="1.254" classname="scenarios.GEO.v1.GeoTypePost"/>
  <testcase name="TC_14" time="9.771" classname="scenarios.GEO.v1.GeoTypePost"/>
  <testcase name="TC_04" time="1.229" classname="scenarios.GEO.v1.GeoTypePost"/>
</testsuite> <!-- scenarios.GEO.v1.GeoTypePost -->
