<?xml version="1.0" encoding="UTF-8"?>
<!-- Generated by org.testng.reporters.JUnitReportReporter -->
<testsuite hostname="SYN-FLX-005" name="scenarios.GEO.v1.GeoOrgStdGet" tests="6" failures="0" timestamp="7 Sep 2020 08:07:12 GMT" time="21.314" errors="0">
  <testcase name="TC_02" time="2.531" classname="scenarios.GEO.v1.GeoOrgStdGet"/>
  <testcase name="TC_01" time="12.569" classname="scenarios.GEO.v1.GeoOrgStdGet"/>
  <testcase name="TC_06" time="1.327" classname="scenarios.GEO.v1.GeoOrgStdGet"/>
  <testcase name="TC_05" time="1.826" classname="scenarios.GEO.v1.GeoOrgStdGet"/>
  <testcase name="TC_04" time="1.619" classname="scenarios.GEO.v1.GeoOrgStdGet"/>
  <testcase name="TC_03" time="1.442" classname="scenarios.GEO.v1.GeoOrgStdGet"/>
</testsuite> <!-- scenarios.GEO.v1.GeoOrgStdGet -->
