<?xml version="1.0" encoding="UTF-8"?>
<!-- Generated by org.testng.reporters.JUnitReportReporter -->
<testsuite hostname="SYN-FLX-005" name="scenarios.GEO.v1.AddressLabelsGraphQL" tests="19" failures="0" timestamp="14 Jul 2020 08:54:58 GMT" time="50.952" errors="0">
  <testcase name="TC_09" time="1.148" classname="scenarios.GEO.v1.AddressLabelsGraphQL"/>
  <testcase name="TC_04" time="3.002" classname="scenarios.GEO.v1.AddressLabelsGraphQL"/>
  <testcase name="TC_10" time="1.501" classname="scenarios.GEO.v1.AddressLabelsGraphQL"/>
  <testcase name="TC_06" time="2.571" classname="scenarios.GEO.v1.AddressLabelsGraphQL"/>
  <testcase name="TC_18" time="2.464" classname="scenarios.GEO.v1.AddressLabelsGraphQL"/>
  <testcase name="TC_17" time="2.793" classname="scenarios.GEO.v1.AddressLabelsGraphQL"/>
  <testcase name="TC_11" time="1.512" classname="scenarios.GEO.v1.AddressLabelsGraphQL"/>
  <testcase name="TC_16" time="3.293" classname="scenarios.GEO.v1.AddressLabelsGraphQL"/>
  <testcase name="TC_07" time="2.532" classname="scenarios.GEO.v1.AddressLabelsGraphQL"/>
  <testcase name="TC_15" time="2.631" classname="scenarios.GEO.v1.AddressLabelsGraphQL"/>
  <testcase name="TC_19" time="4.374" classname="scenarios.GEO.v1.AddressLabelsGraphQL"/>
  <testcase name="TC_03" time="2.873" classname="scenarios.GEO.v1.AddressLabelsGraphQL"/>
  <testcase name="TC_02" time="2.933" classname="scenarios.GEO.v1.AddressLabelsGraphQL"/>
  <testcase name="TC_12" time="1.384" classname="scenarios.GEO.v1.AddressLabelsGraphQL"/>
  <testcase name="TC_13" time="2.593" classname="scenarios.GEO.v1.AddressLabelsGraphQL"/>
  <testcase name="TC_14" time="2.606" classname="scenarios.GEO.v1.AddressLabelsGraphQL"/>
  <testcase name="TC_01" time="6.922" classname="scenarios.GEO.v1.AddressLabelsGraphQL"/>
  <testcase name="TC_05" time="2.628" classname="scenarios.GEO.v1.AddressLabelsGraphQL"/>
  <testcase name="TC_08" time="1.192" classname="scenarios.GEO.v1.AddressLabelsGraphQL"/>
</testsuite> <!-- scenarios.GEO.v1.AddressLabelsGraphQL -->
