<?xml version="1.0" encoding="UTF-8"?>
<!-- Generated by org.testng.reporters.JUnitReportReporter -->
<testsuite hostname="SYN-FLX-001" name="scenarios.GEO.LanguagePut" tests="24" failures="0" timestamp="16 Aug 2019 06:40:01 GMT" time="175.685" errors="0">
  <testcase name="TC_19" time="1.137" classname="scenarios.GEO.LanguagePut"/>
  <testcase name="TC_11" time="1.039" classname="scenarios.GEO.LanguagePut"/>
  <testcase name="TC_15" time="0.998" classname="scenarios.GEO.LanguagePut"/>
  <testcase name="TC_09" time="21.527" classname="scenarios.GEO.LanguagePut"/>
  <testcase name="TC_04" time="0.942" classname="scenarios.GEO.LanguagePut"/>
  <testcase name="TC_24" time="1.083" classname="scenarios.GEO.LanguagePut"/>
  <testcase name="TC_05" time="0.951" classname="scenarios.GEO.LanguagePut"/>
  <testcase name="TC_01" time="30.061" classname="scenarios.GEO.LanguagePut"/>
  <testcase name="TC_08" time="22.904" classname="scenarios.GEO.LanguagePut"/>
  <testcase name="TC_12" time="25.405" classname="scenarios.GEO.LanguagePut"/>
  <testcase name="TC_21" time="1.148" classname="scenarios.GEO.LanguagePut"/>
  <testcase name="TC_17" time="1.212" classname="scenarios.GEO.LanguagePut"/>
  <testcase name="TC_13" time="1.184" classname="scenarios.GEO.LanguagePut"/>
  <testcase name="TC_10" time="0.922" classname="scenarios.GEO.LanguagePut"/>
  <testcase name="TC_20" time="0.918" classname="scenarios.GEO.LanguagePut"/>
  <testcase name="TC_07" time="30.905" classname="scenarios.GEO.LanguagePut"/>
  <testcase name="TC_22" time="1.160" classname="scenarios.GEO.LanguagePut"/>
  <testcase name="TC_18" time="1.141" classname="scenarios.GEO.LanguagePut"/>
  <testcase name="TC_06" time="24.971" classname="scenarios.GEO.LanguagePut"/>
  <testcase name="TC_23" time="1.004" classname="scenarios.GEO.LanguagePut"/>
  <testcase name="TC_02" time="1.419" classname="scenarios.GEO.LanguagePut"/>
  <testcase name="TC_16" time="1.580" classname="scenarios.GEO.LanguagePut"/>
  <testcase name="TC_03" time="0.994" classname="scenarios.GEO.LanguagePut"/>
  <testcase name="TC_14" time="1.080" classname="scenarios.GEO.LanguagePut"/>
</testsuite> <!-- scenarios.GEO.LanguagePut -->
