<?xml version="1.0" encoding="UTF-8"?>
<!-- Generated by org.testng.reporters.JUnitReportReporter -->
<testsuite hostname="SYN-FLX-001" name="scenarios.GEO.v1.ScriptPost" tests="1" failures="0" timestamp="19 Jun 2020 08:41:05 GMT" time="6.207" errors="0">
  <testcase name="TC_16" time="6.207" classname="scenarios.GEO.v1.ScriptPost"/>
</testsuite> <!-- scenarios.GEO.v1.ScriptPost -->
