<?xml version="1.0" encoding="UTF-8"?>
<!-- Generated by org.testng.reporters.JUnitReportReporter -->
<testsuite hostname="SYN-FLX-005" name="scenarios.GEO.v1.MonthOfYearPut" tests="22" failures="0" timestamp="27 Jul 2020 12:12:53 GMT" time="44.692" errors="0">
  <testcase name="TC_22" time="9.775" classname="scenarios.GEO.v1.MonthOfYearPut"/>
  <testcase name="TC_14" time="1.327" classname="scenarios.GEO.v1.MonthOfYearPut"/>
  <testcase name="TC_12" time="2.622" classname="scenarios.GEO.v1.MonthOfYearPut"/>
  <testcase name="TC_11" time="1.248" classname="scenarios.GEO.v1.MonthOfYearPut"/>
  <testcase name="TC_16" time="1.369" classname="scenarios.GEO.v1.MonthOfYearPut"/>
  <testcase name="TC_15" time="1.349" classname="scenarios.GEO.v1.MonthOfYearPut"/>
  <testcase name="TC_04" time="1.270" classname="scenarios.GEO.v1.MonthOfYearPut"/>
  <testcase name="TC_20" time="1.329" classname="scenarios.GEO.v1.MonthOfYearPut"/>
  <testcase name="TC_07" time="2.014" classname="scenarios.GEO.v1.MonthOfYearPut"/>
  <testcase name="TC_13" time="1.329" classname="scenarios.GEO.v1.MonthOfYearPut"/>
  <testcase name="TC_10" time="1.335" classname="scenarios.GEO.v1.MonthOfYearPut"/>
  <testcase name="TC_17" time="1.411" classname="scenarios.GEO.v1.MonthOfYearPut"/>
  <testcase name="TC_21" time="1.318" classname="scenarios.GEO.v1.MonthOfYearPut"/>
  <testcase name="TC_06" time="1.273" classname="scenarios.GEO.v1.MonthOfYearPut"/>
  <testcase name="TC_09" time="1.430" classname="scenarios.GEO.v1.MonthOfYearPut"/>
  <testcase name="TC_19" time="1.637" classname="scenarios.GEO.v1.MonthOfYearPut"/>
  <testcase name="TC_05" time="1.245" classname="scenarios.GEO.v1.MonthOfYearPut"/>
  <testcase name="TC_02" time="1.552" classname="scenarios.GEO.v1.MonthOfYearPut"/>
  <testcase name="TC_01" time="5.740" classname="scenarios.GEO.v1.MonthOfYearPut"/>
  <testcase name="TC_08" time="1.453" classname="scenarios.GEO.v1.MonthOfYearPut"/>
  <testcase name="TC_03" time="1.373" classname="scenarios.GEO.v1.MonthOfYearPut"/>
  <testcase name="TC_18" time="1.293" classname="scenarios.GEO.v1.MonthOfYearPut"/>
</testsuite> <!-- scenarios.GEO.v1.MonthOfYearPut -->
