<?xml version="1.0" encoding="UTF-8"?>
<!-- Generated by org.testng.reporters.JUnitReportReporter -->
<testsuite hostname="SYN-FLX-001" name="scenarios.GEO.StProvStdPost" tests="1" failures="0" timestamp="22 Jan 2020 11:16:57 GMT" time="6.312" errors="0">
  <testcase name="TC_01" time="6.312" classname="scenarios.GEO.StProvStdPost"/>
</testsuite> <!-- scenarios.GEO.StProvStdPost -->
