<?xml version="1.0" encoding="UTF-8"?>
<!-- Generated by org.testng.reporters.JUnitReportReporter -->
<testsuite hostname="SYN-FLX-005" name="scenarios.GEO.v1.MonthOfYearGet" tests="4" failures="0" timestamp="7 Sep 2020 08:11:05 GMT" time="15.574" errors="0">
  <testcase name="TC_04" time="1.326" classname="scenarios.GEO.v1.MonthOfYearGet"/>
  <testcase name="TC_03" time="1.377" classname="scenarios.GEO.v1.MonthOfYearGet"/>
  <testcase name="TC_01" time="11.419" classname="scenarios.GEO.v1.MonthOfYearGet"/>
  <testcase name="TC_02" time="1.452" classname="scenarios.GEO.v1.MonthOfYearGet"/>
</testsuite> <!-- scenarios.GEO.v1.MonthOfYearGet -->
