<?xml version="1.0" encoding="UTF-8"?>
<!-- Generated by org.testng.reporters.JUnitReportReporter -->
<testsuite hostname="SYN-FLX-001" name="scenarios.GEO.DepnCountryRltspGet" tests="1" failures="0" timestamp="22 Jan 2020 11:24:06 GMT" time="11.049" errors="0">
  <testcase name="TC_01" time="11.049" classname="scenarios.GEO.DepnCountryRltspGet"/>
</testsuite> <!-- scenarios.GEO.DepnCountryRltspGet -->
