<?xml version="1.0" encoding="UTF-8"?>
<!-- Generated by org.testng.reporters.JUnitReportReporter -->
<testsuite hostname="SYN-FLX-001" name="scenarios.GEO.v1.GeoRltspTypePost" tests="16" failures="0" timestamp="22 Jun 2020 10:29:37 GMT" time="36.561" errors="0">
  <testcase name="TC_02" time="1.405" classname="scenarios.GEO.v1.GeoRltspTypePost"/>
  <testcase name="TC_07" time="1.323" classname="scenarios.GEO.v1.GeoRltspTypePost"/>
  <testcase name="TC_09" time="1.483" classname="scenarios.GEO.v1.GeoRltspTypePost"/>
  <testcase name="TC_13" time="1.148" classname="scenarios.GEO.v1.GeoRltspTypePost"/>
  <testcase name="TC_01" time="5.228" classname="scenarios.GEO.v1.GeoRltspTypePost"/>
  <testcase name="TC_08" time="1.269" classname="scenarios.GEO.v1.GeoRltspTypePost"/>
  <testcase name="TC_14" time="1.178" classname="scenarios.GEO.v1.GeoRltspTypePost"/>
  <testcase name="TC_03" time="2.632" classname="scenarios.GEO.v1.GeoRltspTypePost"/>
  <testcase name="TC_06" time="2.620" classname="scenarios.GEO.v1.GeoRltspTypePost"/>
  <testcase name="TC_11" time="1.807" classname="scenarios.GEO.v1.GeoRltspTypePost"/>
  <testcase name="TC_04" time="1.355" classname="scenarios.GEO.v1.GeoRltspTypePost"/>
  <testcase name="TC_15" time="1.257" classname="scenarios.GEO.v1.GeoRltspTypePost"/>
  <testcase name="TC_16" time="9.984" classname="scenarios.GEO.v1.GeoRltspTypePost"/>
  <testcase name="TC_05" time="1.331" classname="scenarios.GEO.v1.GeoRltspTypePost"/>
  <testcase name="TC_12" time="1.204" classname="scenarios.GEO.v1.GeoRltspTypePost"/>
  <testcase name="TC_10" time="1.337" classname="scenarios.GEO.v1.GeoRltspTypePost"/>
</testsuite> <!-- scenarios.GEO.v1.GeoRltspTypePost -->
