<?xml version="1.0" encoding="UTF-8"?>
<!-- Generated by org.testng.reporters.JUnitReportReporter -->
<testsuite hostname="SYN-FLX-001" name="scenarios.GEO.v1.TestingClass" tests="1" failures="0" timestamp="9 Mar 2020 13:50:33 GMT" time="0.002" errors="0">
  <testcase name="TC_01" time="0.002" classname="scenarios.GEO.v1.TestingClass"/>
</testsuite> <!-- scenarios.GEO.v1.TestingClass -->
