<?xml version="1.0" encoding="UTF-8"?>
<!-- Generated by org.testng.reporters.JUnitReportReporter -->
<testsuite hostname="SYN-FLX-005" name="scenarios.GEO.DayOfWeekGet" tests="2" failures="0" timestamp="24 Feb 2020 09:47:15 GMT" time="10.067" errors="0">
  <testcase name="TC_02" time="2.114" classname="scenarios.GEO.DayOfWeekGet"/>
  <testcase name="TC_01" time="7.953" classname="scenarios.GEO.DayOfWeekGet"/>
</testsuite> <!-- scenarios.GEO.DayOfWeekGet -->
