<?xml version="1.0" encoding="UTF-8"?>
<!-- Generated by org.testng.reporters.JUnitReportReporter -->
<testsuite hostname="SYN-FLX-005" name="scenarios.GEO.DayOfWeekPost" tests="17" failures="2" timestamp="25 Feb 2020 16:26:35 GMT" time="44.341" errors="0">
  <testcase name="TC_14" time="1.387" classname="scenarios.GEO.DayOfWeekPost"/>
  <testcase name="TC_05" time="1.788" classname="scenarios.GEO.DayOfWeekPost">
    <failure type="java.lang.AssertionError" message="Test Failed">
      <![CDATA[java.lang.AssertionError: Test Failed
	at org.testng.Assert.fail(Assert.java:94)
	at scenarios.GEO.DayOfWeekPost.TC_05(DayOfWeekPost.java:702)
	at sun.reflect.NativeMethodAccessorImpl.invoke0(Native Method)
	at sun.reflect.NativeMethodAccessorImpl.invoke(Unknown Source)
	at sun.reflect.DelegatingMethodAccessorImpl.invoke(Unknown Source)
	at java.lang.reflect.Method.invoke(Unknown Source)
	at org.testng.internal.MethodInvocationHelper.invokeMethod(MethodInvocationHelper.java:86)
	at org.testng.internal.Invoker.invokeMethod(Invoker.java:646)
	at org.testng.internal.Invoker.invokeTestMethod(Invoker.java:823)
	at org.testng.internal.Invoker.invokeTestMethods(Invoker.java:1131)
	at org.testng.internal.TestMethodWorker.invokeTestMethods(TestMethodWorker.java:129)
	at org.testng.internal.TestMethodWorker.run(TestMethodWorker.java:112)
	at org.testng.TestRunner.privateRun(TestRunner.java:778)
	at org.testng.TestRunner.run(TestRunner.java:632)
	at org.testng.SuiteRunner.runTest(SuiteRunner.java:366)
	at org.testng.SuiteRunner.runSequentially(SuiteRunner.java:361)
	at org.testng.SuiteRunner.privateRun(SuiteRunner.java:319)
	at org.testng.SuiteRunner.run(SuiteRunner.java:268)
	at org.testng.SuiteRunnerWorker.runSuite(SuiteRunnerWorker.java:52)
	at org.testng.SuiteRunnerWorker.run(SuiteRunnerWorker.java:86)
	at org.testng.TestNG.runSuitesSequentially(TestNG.java:1225)
	at org.testng.TestNG.runSuitesLocally(TestNG.java:1150)
	at org.testng.TestNG.runSuites(TestNG.java:1075)
	at org.testng.TestNG.run(TestNG.java:1047)
	at org.testng.remote.AbstractRemoteTestNG.run(AbstractRemoteTestNG.java:126)
	at org.testng.remote.RemoteTestNG.initAndRun(RemoteTestNG.java:137)
	at org.testng.remote.RemoteTestNG.main(RemoteTestNG.java:58)
]]>
    </failure>
  </testcase> <!-- TC_05 -->
  <testcase name="TC_02" time="1.713" classname="scenarios.GEO.DayOfWeekPost"/>
  <testcase name="TC_10" time="1.499" classname="scenarios.GEO.DayOfWeekPost"/>
  <testcase name="TC_11" time="1.799" classname="scenarios.GEO.DayOfWeekPost"/>
  <testcase name="TC_13" time="1.437" classname="scenarios.GEO.DayOfWeekPost"/>
  <testcase name="TC_01" time="6.745" classname="scenarios.GEO.DayOfWeekPost"/>
  <testcase name="TC_08" time="2.719" classname="scenarios.GEO.DayOfWeekPost"/>
  <testcase name="TC_17" time="10.307" classname="scenarios.GEO.DayOfWeekPost"/>
  <testcase name="TC_09" time="2.266" classname="scenarios.GEO.DayOfWeekPost"/>
  <testcase name="TC_15" time="1.571" classname="scenarios.GEO.DayOfWeekPost"/>
  <testcase name="TC_06" time="1.568" classname="scenarios.GEO.DayOfWeekPost"/>
  <testcase name="TC_16" time="2.758" classname="scenarios.GEO.DayOfWeekPost"/>
  <testcase name="TC_12" time="1.426" classname="scenarios.GEO.DayOfWeekPost"/>
  <testcase name="TC_03" time="1.391" classname="scenarios.GEO.DayOfWeekPost"/>
  <testcase name="TC_07" time="1.459" classname="scenarios.GEO.DayOfWeekPost">
    <failure type="java.lang.AssertionError" message="Test Failed">
      <![CDATA[java.lang.AssertionError: Test Failed
	at org.testng.Assert.fail(Assert.java:94)
	at scenarios.GEO.DayOfWeekPost.TC_07(DayOfWeekPost.java:938)
	at sun.reflect.NativeMethodAccessorImpl.invoke0(Native Method)
	at sun.reflect.NativeMethodAccessorImpl.invoke(Unknown Source)
	at sun.reflect.DelegatingMethodAccessorImpl.invoke(Unknown Source)
	at java.lang.reflect.Method.invoke(Unknown Source)
	at org.testng.internal.MethodInvocationHelper.invokeMethod(MethodInvocationHelper.java:86)
	at org.testng.internal.Invoker.invokeMethod(Invoker.java:646)
	at org.testng.internal.Invoker.invokeTestMethod(Invoker.java:823)
	at org.testng.internal.Invoker.invokeTestMethods(Invoker.java:1131)
	at org.testng.internal.TestMethodWorker.invokeTestMethods(TestMethodWorker.java:129)
	at org.testng.internal.TestMethodWorker.run(TestMethodWorker.java:112)
	at org.testng.TestRunner.privateRun(TestRunner.java:778)
	at org.testng.TestRunner.run(TestRunner.java:632)
	at org.testng.SuiteRunner.runTest(SuiteRunner.java:366)
	at org.testng.SuiteRunner.runSequentially(SuiteRunner.java:361)
	at org.testng.SuiteRunner.privateRun(SuiteRunner.java:319)
	at org.testng.SuiteRunner.run(SuiteRunner.java:268)
	at org.testng.SuiteRunnerWorker.runSuite(SuiteRunnerWorker.java:52)
	at org.testng.SuiteRunnerWorker.run(SuiteRunnerWorker.java:86)
	at org.testng.TestNG.runSuitesSequentially(TestNG.java:1225)
	at org.testng.TestNG.runSuitesLocally(TestNG.java:1150)
	at org.testng.TestNG.runSuites(TestNG.java:1075)
	at org.testng.TestNG.run(TestNG.java:1047)
	at org.testng.remote.AbstractRemoteTestNG.run(AbstractRemoteTestNG.java:126)
	at org.testng.remote.RemoteTestNG.initAndRun(RemoteTestNG.java:137)
	at org.testng.remote.RemoteTestNG.main(RemoteTestNG.java:58)
]]>
    </failure>
  </testcase> <!-- TC_07 -->
  <testcase name="TC_04" time="2.508" classname="scenarios.GEO.DayOfWeekPost"/>
</testsuite> <!-- scenarios.GEO.DayOfWeekPost -->
