<?xml version="1.0" encoding="UTF-8"?>
<!-- Generated by org.testng.reporters.JUnitReportReporter -->
<testsuite hostname="SYN-FLX-005" name="scenarios.GEO.CountryGet" tests="41" failures="0" timestamp="4 Feb 2020 12:20:32 GMT" time="318.421" errors="1">
  <testcase name="TC_39" time="5.603" classname="scenarios.GEO.CountryGet"/>
  <testcase name="TC_29" time="19.775" classname="scenarios.GEO.CountryGet"/>
  <testcase name="TC_14" time="9.808" classname="scenarios.GEO.CountryGet"/>
  <testcase name="TC_18" time="4.399" classname="scenarios.GEO.CountryGet"/>
  <testcase name="TC_01" time="11.180" classname="scenarios.GEO.CountryGet"/>
  <testcase name="TC_11" time="4.230" classname="scenarios.GEO.CountryGet"/>
  <testcase name="TC_27" time="15.048" classname="scenarios.GEO.CountryGet"/>
  <testcase name="TC_13" time="4.583" classname="scenarios.GEO.CountryGet"/>
  <testcase name="TC_32" time="5.383" classname="scenarios.GEO.CountryGet"/>
  <testcase name="TC_34" time="5.307" classname="scenarios.GEO.CountryGet"/>
  <testcase name="TC_21" time="4.843" classname="scenarios.GEO.CountryGet"/>
  <testcase name="TC_36" time="5.173" classname="scenarios.GEO.CountryGet"/>
  <testcase name="TC_38" time="6.757" classname="scenarios.GEO.CountryGet"/>
  <testcase name="TC_35" time="5.045" classname="scenarios.GEO.CountryGet"/>
  <testcase name="TC_23" time="5.138" classname="scenarios.GEO.CountryGet"/>
  <testcase name="TC_09" time="4.776" classname="scenarios.GEO.CountryGet"/>
  <testcase name="TC_31" time="5.082" classname="scenarios.GEO.CountryGet"/>
  <testcase name="TC_41" time="1.834" classname="scenarios.GEO.CountryGet">
    <error type="org.testng.SkipException" message="Execution skipped as per test flag set">
      <![CDATA[org.testng.SkipException: Execution skipped as per test flag set
	at scenarios.GEO.CountryGet.TC_41(CountryGet.java:643)
	at sun.reflect.NativeMethodAccessorImpl.invoke0(Native Method)
	at sun.reflect.NativeMethodAccessorImpl.invoke(Unknown Source)
	at sun.reflect.DelegatingMethodAccessorImpl.invoke(Unknown Source)
	at java.lang.reflect.Method.invoke(Unknown Source)
	at org.testng.internal.MethodInvocationHelper.invokeMethod(MethodInvocationHelper.java:86)
	at org.testng.internal.Invoker.invokeMethod(Invoker.java:646)
	at org.testng.internal.Invoker.invokeTestMethod(Invoker.java:823)
	at org.testng.internal.Invoker.invokeTestMethods(Invoker.java:1131)
	at org.testng.internal.TestMethodWorker.invokeTestMethods(TestMethodWorker.java:129)
	at org.testng.internal.TestMethodWorker.run(TestMethodWorker.java:112)
	at org.testng.TestRunner.privateRun(TestRunner.java:778)
	at org.testng.TestRunner.run(TestRunner.java:632)
	at org.testng.SuiteRunner.runTest(SuiteRunner.java:366)
	at org.testng.SuiteRunner.runSequentially(SuiteRunner.java:361)
	at org.testng.SuiteRunner.privateRun(SuiteRunner.java:319)
	at org.testng.SuiteRunner.run(SuiteRunner.java:268)
	at org.testng.SuiteRunnerWorker.runSuite(SuiteRunnerWorker.java:52)
	at org.testng.SuiteRunnerWorker.run(SuiteRunnerWorker.java:86)
	at org.testng.TestNG.runSuitesSequentially(TestNG.java:1225)
	at org.testng.TestNG.runSuitesLocally(TestNG.java:1150)
	at org.testng.TestNG.runSuites(TestNG.java:1075)
	at org.testng.TestNG.run(TestNG.java:1047)
	at org.testng.remote.AbstractRemoteTestNG.run(AbstractRemoteTestNG.java:126)
	at org.testng.remote.RemoteTestNG.initAndRun(RemoteTestNG.java:137)
	at org.testng.remote.RemoteTestNG.main(RemoteTestNG.java:58)
]]>
    </error>
  </testcase> <!-- TC_41 -->
  <testcase name="TC_25" time="5.046" classname="scenarios.GEO.CountryGet"/>
  <testcase name="TC_30" time="19.056" classname="scenarios.GEO.CountryGet"/>
  <testcase name="TC_20" time="4.873" classname="scenarios.GEO.CountryGet"/>
  <testcase name="TC_08" time="4.134" classname="scenarios.GEO.CountryGet"/>
  <testcase name="TC_10" time="4.240" classname="scenarios.GEO.CountryGet"/>
  <testcase name="TC_02" time="11.154" classname="scenarios.GEO.CountryGet"/>
  <testcase name="TC_24" time="4.906" classname="scenarios.GEO.CountryGet"/>
  <testcase name="TC_16" time="10.283" classname="scenarios.GEO.CountryGet"/>
  <testcase name="TC_04" time="11.731" classname="scenarios.GEO.CountryGet"/>
  <testcase name="TC_17" time="14.492" classname="scenarios.GEO.CountryGet"/>
  <testcase name="TC_12" time="4.847" classname="scenarios.GEO.CountryGet"/>
  <testcase name="TC_26" time="5.472" classname="scenarios.GEO.CountryGet"/>
  <testcase name="TC_28" time="16.230" classname="scenarios.GEO.CountryGet"/>
  <testcase name="TC_22" time="5.388" classname="scenarios.GEO.CountryGet"/>
  <testcase name="TC_37" time="5.615" classname="scenarios.GEO.CountryGet"/>
  <testcase name="TC_33" time="6.251" classname="scenarios.GEO.CountryGet"/>
  <testcase name="TC_03" time="11.210" classname="scenarios.GEO.CountryGet"/>
  <testcase name="TC_05" time="4.861" classname="scenarios.GEO.CountryGet"/>
  <testcase name="TC_40" time="18.786" classname="scenarios.GEO.CountryGet"/>
  <testcase name="TC_07" time="4.226" classname="scenarios.GEO.CountryGet"/>
  <testcase name="TC_06" time="4.682" classname="scenarios.GEO.CountryGet"/>
  <testcase name="TC_19" time="5.035" classname="scenarios.GEO.CountryGet"/>
  <testcase name="TC_15" time="11.939" classname="scenarios.GEO.CountryGet"/>
</testsuite> <!-- scenarios.GEO.CountryGet -->
