<?xml version="1.0" encoding="UTF-8"?>
<!-- Generated by org.testng.reporters.JUnitReportReporter -->
<testsuite hostname="SYN-FLX-005" name="scenarios.GEO.MonthOfYearPost" tests="18" failures="0" timestamp="25 Feb 2020 16:03:18 GMT" time="51.394" errors="0">
  <testcase name="TC_08" time="1.638" classname="scenarios.GEO.MonthOfYearPost"/>
  <testcase name="TC_16" time="1.541" classname="scenarios.GEO.MonthOfYearPost"/>
  <testcase name="TC_04" time="1.365" classname="scenarios.GEO.MonthOfYearPost"/>
  <testcase name="TC_09" time="1.305" classname="scenarios.GEO.MonthOfYearPost"/>
  <testcase name="TC_15" time="1.449" classname="scenarios.GEO.MonthOfYearPost"/>
  <testcase name="TC_12" time="1.434" classname="scenarios.GEO.MonthOfYearPost"/>
  <testcase name="TC_05" time="1.405" classname="scenarios.GEO.MonthOfYearPost"/>
  <testcase name="TC_01" time="14.254" classname="scenarios.GEO.MonthOfYearPost"/>
  <testcase name="TC_17" time="4.111" classname="scenarios.GEO.MonthOfYearPost"/>
  <testcase name="TC_11" time="1.436" classname="scenarios.GEO.MonthOfYearPost"/>
  <testcase name="TC_13" time="2.457" classname="scenarios.GEO.MonthOfYearPost"/>
  <testcase name="TC_18" time="10.273" classname="scenarios.GEO.MonthOfYearPost"/>
  <testcase name="TC_02" time="1.519" classname="scenarios.GEO.MonthOfYearPost"/>
  <testcase name="TC_03" time="1.509" classname="scenarios.GEO.MonthOfYearPost"/>
  <testcase name="TC_07" time="1.392" classname="scenarios.GEO.MonthOfYearPost"/>
  <testcase name="TC_14" time="1.398" classname="scenarios.GEO.MonthOfYearPost"/>
  <testcase name="TC_06" time="1.566" classname="scenarios.GEO.MonthOfYearPost"/>
  <testcase name="TC_10" time="1.342" classname="scenarios.GEO.MonthOfYearPost"/>
</testsuite> <!-- scenarios.GEO.MonthOfYearPost -->
