<?xml version="1.0" encoding="UTF-8"?>
<!-- Generated by org.testng.reporters.JUnitReportReporter -->
<testsuite hostname="SYN-FLX-005" name="scenarios.GEO.MonthOfYearPut" tests="19" failures="0" timestamp="24 Feb 2020 16:29:22 GMT" time="50.265" errors="0">
  <testcase name="TC_14" time="2.612" classname="scenarios.GEO.MonthOfYearPut"/>
  <testcase name="TC_01" time="6.980" classname="scenarios.GEO.MonthOfYearPut"/>
  <testcase name="TC_18" time="2.576" classname="scenarios.GEO.MonthOfYearPut"/>
  <testcase name="TC_16" time="1.354" classname="scenarios.GEO.MonthOfYearPut"/>
  <testcase name="TC_11" time="1.342" classname="scenarios.GEO.MonthOfYearPut"/>
  <testcase name="TC_07" time="1.377" classname="scenarios.GEO.MonthOfYearPut"/>
  <testcase name="TC_09" time="2.345" classname="scenarios.GEO.MonthOfYearPut"/>
  <testcase name="TC_05" time="2.083" classname="scenarios.GEO.MonthOfYearPut"/>
  <testcase name="TC_15" time="2.714" classname="scenarios.GEO.MonthOfYearPut"/>
  <testcase name="TC_04" time="2.192" classname="scenarios.GEO.MonthOfYearPut"/>
  <testcase name="TC_13" time="1.432" classname="scenarios.GEO.MonthOfYearPut"/>
  <testcase name="TC_17" time="1.543" classname="scenarios.GEO.MonthOfYearPut"/>
  <testcase name="TC_06" time="1.540" classname="scenarios.GEO.MonthOfYearPut"/>
  <testcase name="TC_08" time="1.792" classname="scenarios.GEO.MonthOfYearPut"/>
  <testcase name="TC_10" time="1.480" classname="scenarios.GEO.MonthOfYearPut"/>
  <testcase name="TC_19" time="10.603" classname="scenarios.GEO.MonthOfYearPut"/>
  <testcase name="TC_02" time="1.689" classname="scenarios.GEO.MonthOfYearPut"/>
  <testcase name="TC_03" time="1.585" classname="scenarios.GEO.MonthOfYearPut"/>
  <testcase name="TC_12" time="3.026" classname="scenarios.GEO.MonthOfYearPut"/>
</testsuite> <!-- scenarios.GEO.MonthOfYearPut -->
