<?xml version="1.0" encoding="UTF-8"?>
<!-- Generated by org.testng.reporters.JUnitReportReporter -->
<testsuite hostname="SYN-FLX-005" name="scenarios.GEO.v1.DayOfWeekPost" tests="1" failures="0" timestamp="28 Jul 2020 10:56:19 GMT" time="14.246" errors="0">
  <testcase name="TC_01" time="14.246" classname="scenarios.GEO.v1.DayOfWeekPost"/>
</testsuite> <!-- scenarios.GEO.v1.DayOfWeekPost -->
