<?xml version="1.0" encoding="UTF-8"?>
<!-- Generated by org.testng.reporters.JUnitReportReporter -->
<testsuite hostname="SYN-FLX-001" name="scenarios.GEO.LanguagePost" tests="25" failures="0" timestamp="16 Aug 2019 06:47:08 GMT" time="166.740" errors="0">
  <testcase name="TC_03" time="1.045" classname="scenarios.GEO.LanguagePost"/>
  <testcase name="TC_16" time="1.006" classname="scenarios.GEO.LanguagePost"/>
  <testcase name="TC_01" time="28.006" classname="scenarios.GEO.LanguagePost"/>
  <testcase name="TC_19" time="1.041" classname="scenarios.GEO.LanguagePost"/>
  <testcase name="TC_13" time="24.907" classname="scenarios.GEO.LanguagePost"/>
  <testcase name="TC_15" time="1.195" classname="scenarios.GEO.LanguagePost"/>
  <testcase name="TC_25" time="0.984" classname="scenarios.GEO.LanguagePost"/>
  <testcase name="TC_07" time="23.288" classname="scenarios.GEO.LanguagePost"/>
  <testcase name="TC_14" time="1.188" classname="scenarios.GEO.LanguagePost"/>
  <testcase name="TC_17" time="1.036" classname="scenarios.GEO.LanguagePost"/>
  <testcase name="TC_04" time="0.921" classname="scenarios.GEO.LanguagePost"/>
  <testcase name="TC_10" time="1.065" classname="scenarios.GEO.LanguagePost"/>
  <testcase name="TC_24" time="1.096" classname="scenarios.GEO.LanguagePost"/>
  <testcase name="TC_06" time="24.286" classname="scenarios.GEO.LanguagePost"/>
  <testcase name="TC_23" time="1.027" classname="scenarios.GEO.LanguagePost"/>
  <testcase name="TC_11" time="1.042" classname="scenarios.GEO.LanguagePost"/>
  <testcase name="TC_05" time="0.960" classname="scenarios.GEO.LanguagePost"/>
  <testcase name="TC_12" time="0.818" classname="scenarios.GEO.LanguagePost"/>
  <testcase name="TC_20" time="1.111" classname="scenarios.GEO.LanguagePost"/>
  <testcase name="TC_08" time="23.154" classname="scenarios.GEO.LanguagePost"/>
  <testcase name="TC_09" time="22.180" classname="scenarios.GEO.LanguagePost"/>
  <testcase name="TC_22" time="1.120" classname="scenarios.GEO.LanguagePost"/>
  <testcase name="TC_21" time="1.177" classname="scenarios.GEO.LanguagePost"/>
  <testcase name="TC_02" time="1.401" classname="scenarios.GEO.LanguagePost"/>
  <testcase name="TC_18" time="1.686" classname="scenarios.GEO.LanguagePost"/>
</testsuite> <!-- scenarios.GEO.LanguagePost -->
