<?xml version="1.0" encoding="UTF-8"?>
<!-- Generated by org.testng.reporters.JUnitReportReporter -->
<testsuite hostname="SYN-FLX-005" name="scenarios.GEO.v1.UomTypePut" tests="21" failures="0" timestamp="27 Jul 2020 12:31:19 GMT" time="51.723" errors="0">
  <testcase name="TC_02" time="1.649" classname="scenarios.GEO.v1.UomTypePut"/>
  <testcase name="TC_05" time="1.214" classname="scenarios.GEO.v1.UomTypePut"/>
  <testcase name="TC_21" time="10.348" classname="scenarios.GEO.v1.UomTypePut"/>
  <testcase name="TC_11" time="1.375" classname="scenarios.GEO.v1.UomTypePut"/>
  <testcase name="TC_17" time="2.797" classname="scenarios.GEO.v1.UomTypePut"/>
  <testcase name="TC_03" time="1.377" classname="scenarios.GEO.v1.UomTypePut"/>
  <testcase name="TC_09" time="2.202" classname="scenarios.GEO.v1.UomTypePut"/>
  <testcase name="TC_18" time="1.373" classname="scenarios.GEO.v1.UomTypePut"/>
  <testcase name="TC_10" time="1.478" classname="scenarios.GEO.v1.UomTypePut"/>
  <testcase name="TC_08" time="2.915" classname="scenarios.GEO.v1.UomTypePut"/>
  <testcase name="TC_19" time="1.491" classname="scenarios.GEO.v1.UomTypePut"/>
  <testcase name="TC_01" time="8.773" classname="scenarios.GEO.v1.UomTypePut"/>
  <testcase name="TC_04" time="2.582" classname="scenarios.GEO.v1.UomTypePut"/>
  <testcase name="TC_14" time="1.371" classname="scenarios.GEO.v1.UomTypePut"/>
  <testcase name="TC_16" time="1.305" classname="scenarios.GEO.v1.UomTypePut"/>
  <testcase name="TC_07" time="1.258" classname="scenarios.GEO.v1.UomTypePut"/>
  <testcase name="TC_12" time="1.462" classname="scenarios.GEO.v1.UomTypePut"/>
  <testcase name="TC_20" time="1.354" classname="scenarios.GEO.v1.UomTypePut"/>
  <testcase name="TC_15" time="2.605" classname="scenarios.GEO.v1.UomTypePut"/>
  <testcase name="TC_06" time="1.442" classname="scenarios.GEO.v1.UomTypePut"/>
  <testcase name="TC_13" time="1.352" classname="scenarios.GEO.v1.UomTypePut"/>
</testsuite> <!-- scenarios.GEO.v1.UomTypePut -->
