<?xml version="1.0" encoding="UTF-8"?>
<!-- Generated by org.testng.reporters.JUnitReportReporter -->
<testsuite skipped="0" hostname="COS-3572253-L1" name="scenarios.GEO.GeoOrgStdPut" tests="2" failures="0" timestamp="28 Jun 2019 20:21:12 GMT" time="9.997" errors="0">
  <testcase name="TC_01" time="9.442" classname="scenarios.GEO.GeoOrgStdPut"/>
  <testcase name="TC_02" time="0.555" classname="scenarios.GEO.GeoOrgStdPut"/>
</testsuite> <!-- scenarios.GEO.GeoOrgStdPut -->
