<?xml version="1.0" encoding="UTF-8"?>
<!-- Generated by org.testng.reporters.JUnitReportReporter -->
<testsuite hostname="SYN-FLX-005" name="scenarios.GEO.v1.ScriptPost" tests="20" failures="0" timestamp="27 Jul 2020 12:16:51 GMT" time="46.589" errors="0">
  <testcase name="TC_15" time="1.209" classname="scenarios.GEO.v1.ScriptPost"/>
  <testcase name="TC_04" time="2.558" classname="scenarios.GEO.v1.ScriptPost"/>
  <testcase name="TC_03" time="1.429" classname="scenarios.GEO.v1.ScriptPost"/>
  <testcase name="TC_08" time="2.522" classname="scenarios.GEO.v1.ScriptPost"/>
  <testcase name="TC_14" time="1.350" classname="scenarios.GEO.v1.ScriptPost"/>
  <testcase name="TC_06" time="1.323" classname="scenarios.GEO.v1.ScriptPost"/>
  <testcase name="TC_16" time="2.678" classname="scenarios.GEO.v1.ScriptPost"/>
  <testcase name="TC_12" time="1.450" classname="scenarios.GEO.v1.ScriptPost"/>
  <testcase name="TC_01" time="7.825" classname="scenarios.GEO.v1.ScriptPost"/>
  <testcase name="TC_18" time="1.456" classname="scenarios.GEO.v1.ScriptPost"/>
  <testcase name="TC_02" time="1.407" classname="scenarios.GEO.v1.ScriptPost"/>
  <testcase name="TC_09" time="1.351" classname="scenarios.GEO.v1.ScriptPost"/>
  <testcase name="TC_19" time="1.409" classname="scenarios.GEO.v1.ScriptPost"/>
  <testcase name="TC_05" time="1.415" classname="scenarios.GEO.v1.ScriptPost"/>
  <testcase name="TC_07" time="1.275" classname="scenarios.GEO.v1.ScriptPost"/>
  <testcase name="TC_10" time="1.509" classname="scenarios.GEO.v1.ScriptPost"/>
  <testcase name="TC_11" time="1.296" classname="scenarios.GEO.v1.ScriptPost"/>
  <testcase name="TC_20" time="9.835" classname="scenarios.GEO.v1.ScriptPost"/>
  <testcase name="TC_13" time="1.933" classname="scenarios.GEO.v1.ScriptPost"/>
  <testcase name="TC_17" time="1.359" classname="scenarios.GEO.v1.ScriptPost"/>
</testsuite> <!-- scenarios.GEO.v1.ScriptPost -->
