<?xml version="1.0" encoding="UTF-8"?>
<!-- Generated by org.testng.reporters.JUnitReportReporter -->
<testsuite hostname="SYN-FLX-001" name="scenarios.GEO.v1.DayOfWeekGet" tests="4" failures="0" timestamp="18 Jun 2020 07:49:44 GMT" time="10.689" errors="0">
  <testcase name="TC_03" time="1.386" classname="scenarios.GEO.v1.DayOfWeekGet"/>
  <testcase name="TC_02" time="1.423" classname="scenarios.GEO.v1.DayOfWeekGet"/>
  <testcase name="TC_01" time="5.911" classname="scenarios.GEO.v1.DayOfWeekGet"/>
  <testcase name="TC_04" time="1.969" classname="scenarios.GEO.v1.DayOfWeekGet"/>
</testsuite> <!-- scenarios.GEO.v1.DayOfWeekGet -->
