<?xml version="1.0" encoding="UTF-8"?>
<!-- Generated by org.testng.reporters.JUnitReportReporter -->
<testsuite hostname="SYN-FLX-005" name="scenarios.GEO.v1.GeoRltspTypePut" tests="18" failures="0" timestamp="27 Jul 2020 11:30:47 GMT" time="43.923" errors="0">
  <testcase name="TC_06" time="1.466" classname="scenarios.GEO.v1.GeoRltspTypePut"/>
  <testcase name="TC_14" time="2.827" classname="scenarios.GEO.v1.GeoRltspTypePut"/>
  <testcase name="TC_04" time="1.463" classname="scenarios.GEO.v1.GeoRltspTypePut"/>
  <testcase name="TC_12" time="1.344" classname="scenarios.GEO.v1.GeoRltspTypePut"/>
  <testcase name="TC_03" time="2.783" classname="scenarios.GEO.v1.GeoRltspTypePut"/>
  <testcase name="TC_11" time="1.226" classname="scenarios.GEO.v1.GeoRltspTypePut"/>
  <testcase name="TC_13" time="1.546" classname="scenarios.GEO.v1.GeoRltspTypePut"/>
  <testcase name="TC_16" time="1.573" classname="scenarios.GEO.v1.GeoRltspTypePut"/>
  <testcase name="TC_18" time="10.026" classname="scenarios.GEO.v1.GeoRltspTypePut"/>
  <testcase name="TC_01" time="5.952" classname="scenarios.GEO.v1.GeoRltspTypePut"/>
  <testcase name="TC_05" time="2.747" classname="scenarios.GEO.v1.GeoRltspTypePut"/>
  <testcase name="TC_15" time="1.394" classname="scenarios.GEO.v1.GeoRltspTypePut"/>
  <testcase name="TC_08" time="1.548" classname="scenarios.GEO.v1.GeoRltspTypePut"/>
  <testcase name="TC_02" time="1.552" classname="scenarios.GEO.v1.GeoRltspTypePut"/>
  <testcase name="TC_09" time="1.886" classname="scenarios.GEO.v1.GeoRltspTypePut"/>
  <testcase name="TC_10" time="1.522" classname="scenarios.GEO.v1.GeoRltspTypePut"/>
  <testcase name="TC_07" time="1.481" classname="scenarios.GEO.v1.GeoRltspTypePut"/>
  <testcase name="TC_17" time="1.587" classname="scenarios.GEO.v1.GeoRltspTypePut"/>
</testsuite> <!-- scenarios.GEO.v1.GeoRltspTypePut -->
