<?xml version="1.0" encoding="UTF-8"?>
<!-- Generated by org.testng.reporters.JUnitReportReporter -->
<testsuite hostname="SYN-FLX-005" name="scenarios.GEO.v1.DepnCountryRltspTypeGraphQL" tests="2" failures="0" timestamp="14 Jul 2020 08:16:28 GMT" time="7.431" errors="0">
  <testcase name="TC_02" time="1.883" classname="scenarios.GEO.v1.DepnCountryRltspTypeGraphQL"/>
  <testcase name="TC_01" time="5.548" classname="scenarios.GEO.v1.DepnCountryRltspTypeGraphQL"/>
</testsuite> <!-- scenarios.GEO.v1.DepnCountryRltspTypeGraphQL -->
