<?xml version="1.0" encoding="UTF-8"?>
<!-- Generated by org.testng.reporters.JUnitReportReporter -->
<testsuite hostname="SYN-FLX-005" name="scenarios.GEO.v1.UomTypePost" tests="20" failures="0" timestamp="27 Jul 2020 12:33:58 GMT" time="43.742" errors="0">
  <testcase name="TC_12" time="1.280" classname="scenarios.GEO.v1.UomTypePost"/>
  <testcase name="TC_14" time="1.482" classname="scenarios.GEO.v1.UomTypePost"/>
  <testcase name="TC_01" time="5.352" classname="scenarios.GEO.v1.UomTypePost"/>
  <testcase name="TC_06" time="1.311" classname="scenarios.GEO.v1.UomTypePost"/>
  <testcase name="TC_09" time="1.329" classname="scenarios.GEO.v1.UomTypePost"/>
  <testcase name="TC_16" time="2.589" classname="scenarios.GEO.v1.UomTypePost"/>
  <testcase name="TC_10" time="1.247" classname="scenarios.GEO.v1.UomTypePost"/>
  <testcase name="TC_19" time="1.247" classname="scenarios.GEO.v1.UomTypePost"/>
  <testcase name="TC_15" time="1.350" classname="scenarios.GEO.v1.UomTypePost"/>
  <testcase name="TC_11" time="1.282" classname="scenarios.GEO.v1.UomTypePost"/>
  <testcase name="TC_20" time="9.903" classname="scenarios.GEO.v1.UomTypePost"/>
  <testcase name="TC_17" time="1.945" classname="scenarios.GEO.v1.UomTypePost"/>
  <testcase name="TC_18" time="1.301" classname="scenarios.GEO.v1.UomTypePost"/>
  <testcase name="TC_02" time="1.432" classname="scenarios.GEO.v1.UomTypePost"/>
  <testcase name="TC_05" time="1.227" classname="scenarios.GEO.v1.UomTypePost"/>
  <testcase name="TC_08" time="2.820" classname="scenarios.GEO.v1.UomTypePost"/>
  <testcase name="TC_07" time="1.381" classname="scenarios.GEO.v1.UomTypePost"/>
  <testcase name="TC_13" time="1.351" classname="scenarios.GEO.v1.UomTypePost"/>
  <testcase name="TC_03" time="1.350" classname="scenarios.GEO.v1.UomTypePost"/>
  <testcase name="TC_04" time="2.563" classname="scenarios.GEO.v1.UomTypePost"/>
</testsuite> <!-- scenarios.GEO.v1.UomTypePost -->
