<?xml version="1.0" encoding="UTF-8"?>
<!-- Generated by org.testng.reporters.JUnitReportReporter -->
<testsuite skipped="0" hostname="COS-3572253-L1" name="scenarios.GEO.AffilTypePut" tests="2" failures="0" timestamp="16 Jul 2019 16:57:08 GMT" time="9.817" errors="0">
  <testcase name="TC_01" time="8.213" classname="scenarios.GEO.AffilTypePut"/>
  <testcase name="TC_02" time="1.604" classname="scenarios.GEO.AffilTypePut"/>
</testsuite> <!-- scenarios.GEO.AffilTypePut -->
