<?xml version="1.0" encoding="UTF-8"?>
<!-- Generated by org.testng.reporters.JUnitReportReporter -->
<testsuite hostname="SYN-FLX-001" name="scenarios.GEO.v1.HolidayGet" tests="4" failures="0" timestamp="21 Apr 2020 13:57:40 GMT" time="18.417" errors="0">
  <testcase name="TC_02" time="3.086" classname="scenarios.GEO.v1.HolidayGet"/>
  <testcase name="TC_03" time="1.264" classname="scenarios.GEO.v1.HolidayGet"/>
  <testcase name="TC_01" time="12.724" classname="scenarios.GEO.v1.HolidayGet"/>
  <testcase name="TC_04" time="1.343" classname="scenarios.GEO.v1.HolidayGet"/>
</testsuite> <!-- scenarios.GEO.v1.HolidayGet -->
