<?xml version="1.0" encoding="UTF-8"?>
<!-- Generated by org.testng.reporters.JUnitReportReporter -->
<testsuite skipped="0" hostname="COS-3572253-L1" name="scenarios.GEO.DepnCountryRltsp" tests="2" failures="0" timestamp="28 Jun 2019 21:20:53 GMT" time="10.453" errors="0">
  <testcase name="TC_01" time="9.937" classname="scenarios.GEO.DepnCountryRltsp"/>
  <testcase name="TC_02" time="0.516" classname="scenarios.GEO.DepnCountryRltsp"/>
</testsuite> <!-- scenarios.GEO.DepnCountryRltsp -->
