<?xml version="1.0" encoding="UTF-8"?>
<!-- Generated by org.testng.reporters.JUnitReportReporter -->
<testsuite hostname="SYN-FLX-005" name="scenarios.GEO.GeoOrgStdPost" tests="13" failures="0" timestamp="13 Feb 2020 12:57:48 GMT" time="34.213" errors="0">
  <testcase name="TC_04" time="1.377" classname="scenarios.GEO.GeoOrgStdPost"/>
  <testcase name="TC_06" time="2.472" classname="scenarios.GEO.GeoOrgStdPost"/>
  <testcase name="TC_09" time="1.212" classname="scenarios.GEO.GeoOrgStdPost"/>
  <testcase name="TC_03" time="2.260" classname="scenarios.GEO.GeoOrgStdPost"/>
  <testcase name="TC_12" time="1.151" classname="scenarios.GEO.GeoOrgStdPost"/>
  <testcase name="TC_11" time="1.287" classname="scenarios.GEO.GeoOrgStdPost"/>
  <testcase name="TC_07" time="1.267" classname="scenarios.GEO.GeoOrgStdPost"/>
  <testcase name="TC_13" time="10.273" classname="scenarios.GEO.GeoOrgStdPost"/>
  <testcase name="TC_01" time="7.277" classname="scenarios.GEO.GeoOrgStdPost"/>
  <testcase name="TC_05" time="1.292" classname="scenarios.GEO.GeoOrgStdPost"/>
  <testcase name="TC_10" time="1.163" classname="scenarios.GEO.GeoOrgStdPost"/>
  <testcase name="TC_02" time="1.598" classname="scenarios.GEO.GeoOrgStdPost"/>
  <testcase name="TC_08" time="1.584" classname="scenarios.GEO.GeoOrgStdPost"/>
</testsuite> <!-- scenarios.GEO.GeoOrgStdPost -->
