<?xml version="1.0" encoding="UTF-8"?>
<!-- Generated by org.testng.reporters.JUnitReportReporter -->
<testsuite hostname="SYN-FLX-001" name="scenarios.GEO.v1.DayOfWeekGraphQL" tests="3" failures="0" timestamp="16 Jun 2020 16:53:45 GMT" time="9.531" errors="0">
  <testcase name="TC_01" time="6.013" classname="scenarios.GEO.v1.DayOfWeekGraphQL"/>
  <testcase name="TC_02" time="1.458" classname="scenarios.GEO.v1.DayOfWeekGraphQL"/>
  <testcase name="TC_03" time="2.060" classname="scenarios.GEO.v1.DayOfWeekGraphQL"/>
</testsuite> <!-- scenarios.GEO.v1.DayOfWeekGraphQL -->
