<?xml version="1.0" encoding="UTF-8"?>
<!-- Generated by org.testng.reporters.JUnitReportReporter -->
<testsuite hostname="SYN-FLX-005" name="scenarios.GEO.v1.ScriptPost" tests="20" failures="0" timestamp="9 Sep 2020 13:08:43 GMT" time="43.462" errors="0">
  <testcase name="TC_15" time="1.360" classname="scenarios.GEO.v1.ScriptPost"/>
  <testcase name="TC_04" time="2.371" classname="scenarios.GEO.v1.ScriptPost"/>
  <testcase name="TC_03" time="1.300" classname="scenarios.GEO.v1.ScriptPost"/>
  <testcase name="TC_08" time="2.296" classname="scenarios.GEO.v1.ScriptPost"/>
  <testcase name="TC_14" time="1.238" classname="scenarios.GEO.v1.ScriptPost"/>
  <testcase name="TC_06" time="1.259" classname="scenarios.GEO.v1.ScriptPost"/>
  <testcase name="TC_16" time="2.797" classname="scenarios.GEO.v1.ScriptPost"/>
  <testcase name="TC_12" time="1.352" classname="scenarios.GEO.v1.ScriptPost"/>
  <testcase name="TC_01" time="6.707" classname="scenarios.GEO.v1.ScriptPost"/>
  <testcase name="TC_18" time="1.441" classname="scenarios.GEO.v1.ScriptPost"/>
  <testcase name="TC_02" time="1.405" classname="scenarios.GEO.v1.ScriptPost"/>
  <testcase name="TC_09" time="1.223" classname="scenarios.GEO.v1.ScriptPost"/>
  <testcase name="TC_19" time="1.292" classname="scenarios.GEO.v1.ScriptPost"/>
  <testcase name="TC_05" time="1.236" classname="scenarios.GEO.v1.ScriptPost"/>
  <testcase name="TC_07" time="1.258" classname="scenarios.GEO.v1.ScriptPost"/>
  <testcase name="TC_10" time="1.158" classname="scenarios.GEO.v1.ScriptPost"/>
  <testcase name="TC_11" time="1.211" classname="scenarios.GEO.v1.ScriptPost"/>
  <testcase name="TC_20" time="9.472" classname="scenarios.GEO.v1.ScriptPost"/>
  <testcase name="TC_13" time="1.886" classname="scenarios.GEO.v1.ScriptPost"/>
  <testcase name="TC_17" time="1.200" classname="scenarios.GEO.v1.ScriptPost"/>
</testsuite> <!-- scenarios.GEO.v1.ScriptPost -->
