<?xml version="1.0" encoding="UTF-8"?>
<!-- Generated by org.testng.reporters.JUnitReportReporter -->
<testsuite hostname="SYN-FLX-005" name="scenarios.GEO.v1.AffilTypePut" tests="15" failures="0" timestamp="7 Sep 2020 12:33:28 GMT" time="42.550" errors="0">
  <testcase name="TC_08" time="1.455" classname="scenarios.GEO.v1.AffilTypePut"/>
  <testcase name="TC_03" time="2.430" classname="scenarios.GEO.v1.AffilTypePut"/>
  <testcase name="TC_10" time="1.362" classname="scenarios.GEO.v1.AffilTypePut"/>
  <testcase name="TC_14" time="1.195" classname="scenarios.GEO.v1.AffilTypePut"/>
  <testcase name="TC_02" time="1.828" classname="scenarios.GEO.v1.AffilTypePut"/>
  <testcase name="TC_05" time="1.302" classname="scenarios.GEO.v1.AffilTypePut"/>
  <testcase name="TC_12" time="2.017" classname="scenarios.GEO.v1.AffilTypePut"/>
  <testcase name="TC_01" time="10.830" classname="scenarios.GEO.v1.AffilTypePut"/>
  <testcase name="TC_07" time="1.368" classname="scenarios.GEO.v1.AffilTypePut"/>
  <testcase name="TC_13" time="1.531" classname="scenarios.GEO.v1.AffilTypePut"/>
  <testcase name="TC_15" time="10.752" classname="scenarios.GEO.v1.AffilTypePut"/>
  <testcase name="TC_04" time="1.294" classname="scenarios.GEO.v1.AffilTypePut"/>
  <testcase name="TC_11" time="1.294" classname="scenarios.GEO.v1.AffilTypePut"/>
  <testcase name="TC_09" time="1.506" classname="scenarios.GEO.v1.AffilTypePut"/>
  <testcase name="TC_06" time="2.386" classname="scenarios.GEO.v1.AffilTypePut"/>
</testsuite> <!-- scenarios.GEO.v1.AffilTypePut -->
