<?xml version="1.0" encoding="UTF-8"?>
<!-- Generated by org.testng.reporters.JUnitReportReporter -->
<testsuite skipped="0" hostname="COS-3572253-L1" name="scenarios.GEO.TestingClass" tests="1" failures="0" timestamp="23 Jul 2019 01:19:43 GMT" time="0.019" errors="0">
  <testcase name="TC_01" time="0.019" classname="scenarios.GEO.TestingClass"/>
</testsuite> <!-- scenarios.GEO.TestingClass -->
