<?xml version="1.0" encoding="UTF-8"?>
<!-- Generated by org.testng.reporters.JUnitReportReporter -->
<testsuite hostname="SYN-FLX-001" name="scenarios.GEO.v1.GeoOrgStdPost" tests="16" failures="0" timestamp="22 Jun 2020 10:15:56 GMT" time="36.870" errors="0">
  <testcase name="TC_08" time="1.499" classname="scenarios.GEO.v1.GeoOrgStdPost"/>
  <testcase name="TC_12" time="1.354" classname="scenarios.GEO.v1.GeoOrgStdPost"/>
  <testcase name="TC_01" time="5.397" classname="scenarios.GEO.v1.GeoOrgStdPost"/>
  <testcase name="TC_11" time="1.191" classname="scenarios.GEO.v1.GeoOrgStdPost"/>
  <testcase name="TC_16" time="9.928" classname="scenarios.GEO.v1.GeoOrgStdPost"/>
  <testcase name="TC_15" time="1.753" classname="scenarios.GEO.v1.GeoOrgStdPost"/>
  <testcase name="TC_06" time="2.559" classname="scenarios.GEO.v1.GeoOrgStdPost"/>
  <testcase name="TC_04" time="1.222" classname="scenarios.GEO.v1.GeoOrgStdPost"/>
  <testcase name="TC_03" time="2.661" classname="scenarios.GEO.v1.GeoOrgStdPost"/>
  <testcase name="TC_02" time="1.327" classname="scenarios.GEO.v1.GeoOrgStdPost"/>
  <testcase name="TC_14" time="1.363" classname="scenarios.GEO.v1.GeoOrgStdPost"/>
  <testcase name="TC_07" time="1.172" classname="scenarios.GEO.v1.GeoOrgStdPost"/>
  <testcase name="TC_09" time="1.388" classname="scenarios.GEO.v1.GeoOrgStdPost"/>
  <testcase name="TC_05" time="1.325" classname="scenarios.GEO.v1.GeoOrgStdPost"/>
  <testcase name="TC_13" time="1.205" classname="scenarios.GEO.v1.GeoOrgStdPost"/>
  <testcase name="TC_10" time="1.526" classname="scenarios.GEO.v1.GeoOrgStdPost"/>
</testsuite> <!-- scenarios.GEO.v1.GeoOrgStdPost -->
