<?xml version="1.0" encoding="UTF-8"?>
<!-- Generated by org.testng.reporters.JUnitReportReporter -->
<testsuite hostname="SYN-FLX-005" name="scenarios.GEO.GeoOrgStdGet" tests="1" failures="0" timestamp="13 Feb 2020 12:23:45 GMT" time="15.204" errors="0">
  <testcase name="TC_01" time="15.204" classname="scenarios.GEO.GeoOrgStdGet"/>
</testsuite> <!-- scenarios.GEO.GeoOrgStdGet -->
