<?xml version="1.0" encoding="UTF-8"?>
<!-- Generated by org.testng.reporters.JUnitReportReporter -->
<testsuite hostname="SYN-FLX-005" name="scenarios.GEO.v1.GeoOrgStdGet" tests="6" failures="0" timestamp="27 Jul 2020 08:21:07 GMT" time="22.382" errors="0">
  <testcase name="TC_02" time="2.673" classname="scenarios.GEO.v1.GeoOrgStdGet"/>
  <testcase name="TC_01" time="13.721" classname="scenarios.GEO.v1.GeoOrgStdGet"/>
  <testcase name="TC_06" time="1.268" classname="scenarios.GEO.v1.GeoOrgStdGet"/>
  <testcase name="TC_05" time="1.958" classname="scenarios.GEO.v1.GeoOrgStdGet"/>
  <testcase name="TC_04" time="1.214" classname="scenarios.GEO.v1.GeoOrgStdGet"/>
  <testcase name="TC_03" time="1.548" classname="scenarios.GEO.v1.GeoOrgStdGet"/>
</testsuite> <!-- scenarios.GEO.v1.GeoOrgStdGet -->
