<?xml version="1.0" encoding="UTF-8"?>
<!-- Generated by org.testng.reporters.JUnitReportReporter -->
<testsuite hostname="SYN-FLX-005" name="scenarios.GEO.v1.ScriptPut" tests="21" failures="0" timestamp="27 Jul 2020 12:18:34 GMT" time="53.163" errors="0">
  <testcase name="TC_09" time="1.519" classname="scenarios.GEO.v1.ScriptPut"/>
  <testcase name="TC_10" time="1.431" classname="scenarios.GEO.v1.ScriptPut"/>
  <testcase name="TC_05" time="1.403" classname="scenarios.GEO.v1.ScriptPut"/>
  <testcase name="TC_14" time="1.194" classname="scenarios.GEO.v1.ScriptPut"/>
  <testcase name="TC_20" time="1.045" classname="scenarios.GEO.v1.ScriptPut"/>
  <testcase name="TC_07" time="1.419" classname="scenarios.GEO.v1.ScriptPut"/>
  <testcase name="TC_16" time="1.120" classname="scenarios.GEO.v1.ScriptPut"/>
  <testcase name="TC_08" time="4.097" classname="scenarios.GEO.v1.ScriptPut"/>
  <testcase name="TC_21" time="9.819" classname="scenarios.GEO.v1.ScriptPut"/>
  <testcase name="TC_06" time="1.351" classname="scenarios.GEO.v1.ScriptPut"/>
  <testcase name="TC_17" time="2.406" classname="scenarios.GEO.v1.ScriptPut"/>
  <testcase name="TC_04" time="2.908" classname="scenarios.GEO.v1.ScriptPut"/>
  <testcase name="TC_15" time="4.318" classname="scenarios.GEO.v1.ScriptPut"/>
  <testcase name="TC_01" time="9.259" classname="scenarios.GEO.v1.ScriptPut"/>
  <testcase name="TC_18" time="1.350" classname="scenarios.GEO.v1.ScriptPut"/>
  <testcase name="TC_03" time="1.434" classname="scenarios.GEO.v1.ScriptPut"/>
  <testcase name="TC_19" time="1.342" classname="scenarios.GEO.v1.ScriptPut"/>
  <testcase name="TC_12" time="1.385" classname="scenarios.GEO.v1.ScriptPut"/>
  <testcase name="TC_11" time="1.481" classname="scenarios.GEO.v1.ScriptPut"/>
  <testcase name="TC_02" time="1.411" classname="scenarios.GEO.v1.ScriptPut"/>
  <testcase name="TC_13" time="1.471" classname="scenarios.GEO.v1.ScriptPut"/>
</testsuite> <!-- scenarios.GEO.v1.ScriptPut -->
