<?xml version="1.0" encoding="UTF-8"?>
<!-- Generated by org.testng.reporters.JUnitReportReporter -->
<testsuite hostname="SYN-FLX-001" name="scenarios.GEO.v1.GeoRltspTypePut" tests="18" failures="0" timestamp="18 Jun 2020 18:26:30 GMT" time="42.744" errors="0">
  <testcase name="TC_01" time="6.199" classname="scenarios.GEO.v1.GeoRltspTypePut"/>
  <testcase name="TC_10" time="1.310" classname="scenarios.GEO.v1.GeoRltspTypePut"/>
  <testcase name="TC_17" time="1.183" classname="scenarios.GEO.v1.GeoRltspTypePut"/>
  <testcase name="TC_05" time="2.770" classname="scenarios.GEO.v1.GeoRltspTypePut"/>
  <testcase name="TC_08" time="1.409" classname="scenarios.GEO.v1.GeoRltspTypePut"/>
  <testcase name="TC_09" time="1.265" classname="scenarios.GEO.v1.GeoRltspTypePut"/>
  <testcase name="TC_14" time="2.547" classname="scenarios.GEO.v1.GeoRltspTypePut"/>
  <testcase name="TC_02" time="1.427" classname="scenarios.GEO.v1.GeoRltspTypePut"/>
  <testcase name="TC_04" time="1.363" classname="scenarios.GEO.v1.GeoRltspTypePut"/>
  <testcase name="TC_07" time="1.454" classname="scenarios.GEO.v1.GeoRltspTypePut"/>
  <testcase name="TC_06" time="1.489" classname="scenarios.GEO.v1.GeoRltspTypePut"/>
  <testcase name="TC_16" time="1.258" classname="scenarios.GEO.v1.GeoRltspTypePut"/>
  <testcase name="TC_15" time="1.396" classname="scenarios.GEO.v1.GeoRltspTypePut"/>
  <testcase name="TC_03" time="2.627" classname="scenarios.GEO.v1.GeoRltspTypePut"/>
  <testcase name="TC_18" time="10.215" classname="scenarios.GEO.v1.GeoRltspTypePut"/>
  <testcase name="TC_12" time="1.249" classname="scenarios.GEO.v1.GeoRltspTypePut"/>
  <testcase name="TC_11" time="2.122" classname="scenarios.GEO.v1.GeoRltspTypePut"/>
  <testcase name="TC_13" time="1.461" classname="scenarios.GEO.v1.GeoRltspTypePut"/>
</testsuite> <!-- scenarios.GEO.v1.GeoRltspTypePut -->
