<?xml version="1.0" encoding="UTF-8"?>
<!-- Generated by org.testng.reporters.JUnitReportReporter -->
<testsuite hostname="SYN-FLX-005" name="scenarios.GEO.v1.ScriptPut" tests="21" failures="0" timestamp="9 Sep 2020 13:13:33 GMT" time="47.161" errors="0">
  <testcase name="TC_09" time="1.450" classname="scenarios.GEO.v1.ScriptPut"/>
  <testcase name="TC_10" time="1.221" classname="scenarios.GEO.v1.ScriptPut"/>
  <testcase name="TC_05" time="1.300" classname="scenarios.GEO.v1.ScriptPut"/>
  <testcase name="TC_14" time="1.191" classname="scenarios.GEO.v1.ScriptPut"/>
  <testcase name="TC_20" time="1.259" classname="scenarios.GEO.v1.ScriptPut"/>
  <testcase name="TC_07" time="1.208" classname="scenarios.GEO.v1.ScriptPut"/>
  <testcase name="TC_16" time="1.293" classname="scenarios.GEO.v1.ScriptPut"/>
  <testcase name="TC_08" time="4.519" classname="scenarios.GEO.v1.ScriptPut"/>
  <testcase name="TC_21" time="9.566" classname="scenarios.GEO.v1.ScriptPut"/>
  <testcase name="TC_06" time="1.338" classname="scenarios.GEO.v1.ScriptPut"/>
  <testcase name="TC_17" time="2.357" classname="scenarios.GEO.v1.ScriptPut"/>
  <testcase name="TC_04" time="2.520" classname="scenarios.GEO.v1.ScriptPut"/>
  <testcase name="TC_15" time="2.564" classname="scenarios.GEO.v1.ScriptPut"/>
  <testcase name="TC_01" time="6.390" classname="scenarios.GEO.v1.ScriptPut"/>
  <testcase name="TC_18" time="1.272" classname="scenarios.GEO.v1.ScriptPut"/>
  <testcase name="TC_03" time="1.201" classname="scenarios.GEO.v1.ScriptPut"/>
  <testcase name="TC_19" time="1.232" classname="scenarios.GEO.v1.ScriptPut"/>
  <testcase name="TC_12" time="1.426" classname="scenarios.GEO.v1.ScriptPut"/>
  <testcase name="TC_11" time="1.286" classname="scenarios.GEO.v1.ScriptPut"/>
  <testcase name="TC_02" time="1.323" classname="scenarios.GEO.v1.ScriptPut"/>
  <testcase name="TC_13" time="1.245" classname="scenarios.GEO.v1.ScriptPut"/>
</testsuite> <!-- scenarios.GEO.v1.ScriptPut -->
