<?xml version="1.0" encoding="UTF-8"?>
<!-- Generated by org.testng.reporters.JUnitReportReporter -->
<testsuite hostname="SYN-FLX-005" name="scenarios.GEO.v1.AddressLabelsGet" tests="10" failures="0" timestamp="27 Jul 2020 08:46:46 GMT" time="33.027" errors="0">
  <testcase name="TC_08" time="1.298" classname="scenarios.GEO.v1.AddressLabelsGet"/>
  <testcase name="TC_10" time="1.336" classname="scenarios.GEO.v1.AddressLabelsGet"/>
  <testcase name="TC_04" time="3.379" classname="scenarios.GEO.v1.AddressLabelsGet"/>
  <testcase name="TC_03" time="2.674" classname="scenarios.GEO.v1.AddressLabelsGet"/>
  <testcase name="TC_02" time="2.621" classname="scenarios.GEO.v1.AddressLabelsGet"/>
  <testcase name="TC_09" time="1.250" classname="scenarios.GEO.v1.AddressLabelsGet"/>
  <testcase name="TC_07" time="1.416" classname="scenarios.GEO.v1.AddressLabelsGet"/>
  <testcase name="TC_01" time="16.114" classname="scenarios.GEO.v1.AddressLabelsGet"/>
  <testcase name="TC_05" time="1.329" classname="scenarios.GEO.v1.AddressLabelsGet"/>
  <testcase name="TC_06" time="1.610" classname="scenarios.GEO.v1.AddressLabelsGet"/>
</testsuite> <!-- scenarios.GEO.v1.AddressLabelsGet -->
