<?xml version="1.0" encoding="UTF-8"?>
<!-- Generated by org.testng.reporters.JUnitReportReporter -->
<testsuite hostname="SYN-FLX-001" name="scenarios.GEO.v1.StProvStdPut" tests="27" failures="0" timestamp="19 Jun 2020 09:31:44 GMT" time="61.191" errors="0">
  <testcase name="TC_07" time="1.545" classname="scenarios.GEO.v1.StProvStdPut"/>
  <testcase name="TC_06" time="2.656" classname="scenarios.GEO.v1.StProvStdPut"/>
  <testcase name="TC_20" time="1.594" classname="scenarios.GEO.v1.StProvStdPut"/>
  <testcase name="TC_13" time="2.824" classname="scenarios.GEO.v1.StProvStdPut"/>
  <testcase name="TC_05" time="1.372" classname="scenarios.GEO.v1.StProvStdPut"/>
  <testcase name="TC_27" time="10.239" classname="scenarios.GEO.v1.StProvStdPut"/>
  <testcase name="TC_21" time="1.320" classname="scenarios.GEO.v1.StProvStdPut"/>
  <testcase name="TC_16" time="1.558" classname="scenarios.GEO.v1.StProvStdPut"/>
  <testcase name="TC_17" time="1.467" classname="scenarios.GEO.v1.StProvStdPut"/>
  <testcase name="TC_04" time="2.521" classname="scenarios.GEO.v1.StProvStdPut"/>
  <testcase name="TC_19" time="1.310" classname="scenarios.GEO.v1.StProvStdPut"/>
  <testcase name="TC_12" time="1.360" classname="scenarios.GEO.v1.StProvStdPut"/>
  <testcase name="TC_03" time="1.280" classname="scenarios.GEO.v1.StProvStdPut"/>
  <testcase name="TC_09" time="1.277" classname="scenarios.GEO.v1.StProvStdPut"/>
  <testcase name="TC_15" time="2.867" classname="scenarios.GEO.v1.StProvStdPut"/>
  <testcase name="TC_18" time="1.632" classname="scenarios.GEO.v1.StProvStdPut"/>
  <testcase name="TC_26" time="1.423" classname="scenarios.GEO.v1.StProvStdPut"/>
  <testcase name="TC_02" time="1.400" classname="scenarios.GEO.v1.StProvStdPut"/>
  <testcase name="TC_24" time="1.558" classname="scenarios.GEO.v1.StProvStdPut"/>
  <testcase name="TC_23" time="1.435" classname="scenarios.GEO.v1.StProvStdPut"/>
  <testcase name="TC_14" time="1.704" classname="scenarios.GEO.v1.StProvStdPut"/>
  <testcase name="TC_08" time="1.504" classname="scenarios.GEO.v1.StProvStdPut"/>
  <testcase name="TC_25" time="1.353" classname="scenarios.GEO.v1.StProvStdPut"/>
  <testcase name="TC_10" time="1.895" classname="scenarios.GEO.v1.StProvStdPut"/>
  <testcase name="TC_01" time="9.248" classname="scenarios.GEO.v1.StProvStdPut"/>
  <testcase name="TC_22" time="1.380" classname="scenarios.GEO.v1.StProvStdPut"/>
  <testcase name="TC_11" time="1.469" classname="scenarios.GEO.v1.StProvStdPut"/>
</testsuite> <!-- scenarios.GEO.v1.StProvStdPut -->
