<?xml version="1.0" encoding="UTF-8"?>
<!-- Generated by org.testng.reporters.JUnitReportReporter -->
<testsuite hostname="SYN-FLX-005" name="scenarios.GEO.v1.LanguagePut" tests="42" failures="0" timestamp="8 Sep 2020 13:44:39 GMT" time="419.024" errors="0">
  <testcase name="TC_32" time="22.917" classname="scenarios.GEO.v1.LanguagePut"/>
  <testcase name="TC_36" time="22.822" classname="scenarios.GEO.v1.LanguagePut"/>
  <testcase name="TC_14" time="1.633" classname="scenarios.GEO.v1.LanguagePut"/>
  <testcase name="TC_18" time="1.492" classname="scenarios.GEO.v1.LanguagePut"/>
  <testcase name="TC_06" time="21.888" classname="scenarios.GEO.v1.LanguagePut"/>
  <testcase name="TC_02" time="1.921" classname="scenarios.GEO.v1.LanguagePut"/>
  <testcase name="TC_16" time="1.699" classname="scenarios.GEO.v1.LanguagePut"/>
  <testcase name="TC_22" time="1.334" classname="scenarios.GEO.v1.LanguagePut"/>
  <testcase name="TC_33" time="21.846" classname="scenarios.GEO.v1.LanguagePut"/>
  <testcase name="TC_37" time="1.482" classname="scenarios.GEO.v1.LanguagePut"/>
  <testcase name="TC_09" time="3.466" classname="scenarios.GEO.v1.LanguagePut"/>
  <testcase name="TC_03" time="1.191" classname="scenarios.GEO.v1.LanguagePut"/>
  <testcase name="TC_21" time="1.307" classname="scenarios.GEO.v1.LanguagePut"/>
  <testcase name="TC_27" time="1.527" classname="scenarios.GEO.v1.LanguagePut"/>
  <testcase name="TC_26" time="1.319" classname="scenarios.GEO.v1.LanguagePut"/>
  <testcase name="TC_12" time="43.010" classname="scenarios.GEO.v1.LanguagePut"/>
  <testcase name="TC_39" time="1.488" classname="scenarios.GEO.v1.LanguagePut"/>
  <testcase name="TC_17" time="10.458" classname="scenarios.GEO.v1.LanguagePut"/>
  <testcase name="TC_01" time="45.650" classname="scenarios.GEO.v1.LanguagePut"/>
  <testcase name="TC_20" time="1.385" classname="scenarios.GEO.v1.LanguagePut"/>
  <testcase name="TC_40" time="22.926" classname="scenarios.GEO.v1.LanguagePut"/>
  <testcase name="TC_38" time="2.001" classname="scenarios.GEO.v1.LanguagePut"/>
  <testcase name="TC_04" time="1.268" classname="scenarios.GEO.v1.LanguagePut"/>
  <testcase name="TC_23" time="1.325" classname="scenarios.GEO.v1.LanguagePut"/>
  <testcase name="TC_35" time="23.153" classname="scenarios.GEO.v1.LanguagePut"/>
  <testcase name="TC_30" time="22.195" classname="scenarios.GEO.v1.LanguagePut"/>
  <testcase name="TC_08" time="10.337" classname="scenarios.GEO.v1.LanguagePut"/>
  <testcase name="TC_05" time="1.407" classname="scenarios.GEO.v1.LanguagePut"/>
  <testcase name="TC_13" time="1.602" classname="scenarios.GEO.v1.LanguagePut"/>
  <testcase name="TC_31" time="22.172" classname="scenarios.GEO.v1.LanguagePut"/>
  <testcase name="TC_41" time="41.427" classname="scenarios.GEO.v1.LanguagePut"/>
  <testcase name="TC_28" time="1.438" classname="scenarios.GEO.v1.LanguagePut"/>
  <testcase name="TC_24" time="1.413" classname="scenarios.GEO.v1.LanguagePut"/>
  <testcase name="TC_29" time="1.325" classname="scenarios.GEO.v1.LanguagePut"/>
  <testcase name="TC_25" time="1.955" classname="scenarios.GEO.v1.LanguagePut"/>
  <testcase name="TC_34" time="1.452" classname="scenarios.GEO.v1.LanguagePut"/>
  <testcase name="TC_19" time="1.412" classname="scenarios.GEO.v1.LanguagePut"/>
  <testcase name="TC_11" time="1.519" classname="scenarios.GEO.v1.LanguagePut"/>
  <testcase name="TC_42" time="30.623" classname="scenarios.GEO.v1.LanguagePut"/>
  <testcase name="TC_07" time="14.839" classname="scenarios.GEO.v1.LanguagePut"/>
  <testcase name="TC_10" time="1.604" classname="scenarios.GEO.v1.LanguagePut"/>
  <testcase name="TC_15" time="1.796" classname="scenarios.GEO.v1.LanguagePut"/>
</testsuite> <!-- scenarios.GEO.v1.LanguagePut -->
