<?xml version="1.0" encoding="UTF-8"?>
<!-- Generated by org.testng.reporters.JUnitReportReporter -->
<testsuite hostname="SYN-FLX-005" name="scenarios.GEO.MonthOfYearGet" tests="2" failures="0" timestamp="24 Feb 2020 10:42:03 GMT" time="15.008" errors="0">
  <testcase name="TC_02" time="2.021" classname="scenarios.GEO.MonthOfYearGet"/>
  <testcase name="TC_01" time="12.987" classname="scenarios.GEO.MonthOfYearGet"/>
</testsuite> <!-- scenarios.GEO.MonthOfYearGet -->
