<?xml version="1.0" encoding="UTF-8"?>
<!-- Generated by org.testng.reporters.JUnitReportReporter -->
<testsuite skipped="0" hostname="COS-3572253-L1" name="scenarios.GEO.DayOfWeekPut" tests="2" failures="0" timestamp="05 Jul 2019 17:31:55 GMT" time="10.275" errors="0">
  <testcase name="TC_01" time="9.181" classname="scenarios.GEO.DayOfWeekPut"/>
  <testcase name="TC_02" time="1.094" classname="scenarios.GEO.DayOfWeekPut"/>
</testsuite> <!-- scenarios.GEO.DayOfWeekPut -->
