<?xml version="1.0" encoding="UTF-8"?>
<!-- Generated by org.testng.reporters.JUnitReportReporter -->
<testsuite hostname="SYN-FLX-005" name="scenarios.GEO.GeoOrgStdPut" tests="14" failures="0" timestamp="13 Feb 2020 13:06:12 GMT" time="34.625" errors="0">
  <testcase name="TC_03" time="2.377" classname="scenarios.GEO.GeoOrgStdPut"/>
  <testcase name="TC_04" time="1.217" classname="scenarios.GEO.GeoOrgStdPut"/>
  <testcase name="TC_14" time="9.832" classname="scenarios.GEO.GeoOrgStdPut"/>
  <testcase name="TC_12" time="1.397" classname="scenarios.GEO.GeoOrgStdPut"/>
  <testcase name="TC_02" time="1.453" classname="scenarios.GEO.GeoOrgStdPut"/>
  <testcase name="TC_05" time="2.098" classname="scenarios.GEO.GeoOrgStdPut"/>
  <testcase name="TC_07" time="1.187" classname="scenarios.GEO.GeoOrgStdPut"/>
  <testcase name="TC_06" time="2.370" classname="scenarios.GEO.GeoOrgStdPut"/>
  <testcase name="TC_01" time="5.868" classname="scenarios.GEO.GeoOrgStdPut"/>
  <testcase name="TC_08" time="1.328" classname="scenarios.GEO.GeoOrgStdPut"/>
  <testcase name="TC_09" time="1.443" classname="scenarios.GEO.GeoOrgStdPut"/>
  <testcase name="TC_10" time="1.422" classname="scenarios.GEO.GeoOrgStdPut"/>
  <testcase name="TC_13" time="1.259" classname="scenarios.GEO.GeoOrgStdPut"/>
  <testcase name="TC_11" time="1.374" classname="scenarios.GEO.GeoOrgStdPut"/>
</testsuite> <!-- scenarios.GEO.GeoOrgStdPut -->
