<?xml version="1.0" encoding="UTF-8"?>
<!-- Generated by org.testng.reporters.JUnitReportReporter -->
<testsuite skipped="0" hostname="COS-3572253-L1" name="scenarios.GEO.CntryOrgStdPut" tests="2" failures="0" timestamp="10 Jul 2019 14:40:36 GMT" time="9.443" errors="0">
  <testcase name="TC_02" time="0.703" classname="scenarios.GEO.CntryOrgStdPut"/>
  <testcase name="TC_01" time="8.740" classname="scenarios.GEO.CntryOrgStdPut"/>
</testsuite> <!-- scenarios.GEO.CntryOrgStdPut -->
