<?xml version="1.0" encoding="UTF-8"?>
<!-- Generated by org.testng.reporters.JUnitReportReporter -->
<testsuite hostname="SYN-FLX-005" name="scenarios.GEO.v1.DepnCountryRltspPut" tests="15" failures="0" timestamp="8 Sep 2020 08:58:17 GMT" time="34.195" errors="0">
  <testcase name="TC_02" time="1.346" classname="scenarios.GEO.v1.DepnCountryRltspPut"/>
  <testcase name="TC_03" time="1.097" classname="scenarios.GEO.v1.DepnCountryRltspPut"/>
  <testcase name="TC_10" time="1.373" classname="scenarios.GEO.v1.DepnCountryRltspPut"/>
  <testcase name="TC_04" time="1.184" classname="scenarios.GEO.v1.DepnCountryRltspPut"/>
  <testcase name="TC_01" time="5.271" classname="scenarios.GEO.v1.DepnCountryRltspPut"/>
  <testcase name="TC_06" time="1.254" classname="scenarios.GEO.v1.DepnCountryRltspPut"/>
  <testcase name="TC_13" time="1.548" classname="scenarios.GEO.v1.DepnCountryRltspPut"/>
  <testcase name="TC_14" time="1.247" classname="scenarios.GEO.v1.DepnCountryRltspPut"/>
  <testcase name="TC_12" time="1.514" classname="scenarios.GEO.v1.DepnCountryRltspPut"/>
  <testcase name="TC_11" time="1.125" classname="scenarios.GEO.v1.DepnCountryRltspPut"/>
  <testcase name="TC_05" time="1.402" classname="scenarios.GEO.v1.DepnCountryRltspPut"/>
  <testcase name="TC_15" time="11.050" classname="scenarios.GEO.v1.DepnCountryRltspPut"/>
  <testcase name="TC_09" time="2.065" classname="scenarios.GEO.v1.DepnCountryRltspPut"/>
  <testcase name="TC_07" time="1.337" classname="scenarios.GEO.v1.DepnCountryRltspPut"/>
  <testcase name="TC_08" time="1.382" classname="scenarios.GEO.v1.DepnCountryRltspPut"/>
</testsuite> <!-- scenarios.GEO.v1.DepnCountryRltspPut -->
