<?xml version="1.0" encoding="UTF-8"?>
<!-- Generated by org.testng.reporters.JUnitReportReporter -->
<testsuite skipped="1" hostname="COS-3572253-L1" name="scenarios.LOC.LocTypePost" tests="2" failures="0" timestamp="31 May 2019 20:41:14 GMT" time="4.076" errors="0">
  <testcase name="TC_02" time="3.976" classname="scenarios.LOC.LocTypePost"/>
  <testcase name="TC_01" time="0.100" classname="scenarios.LOC.LocTypePost">
    <skipped/>
  </testcase> <!-- TC_01 -->
</testsuite> <!-- scenarios.LOC.LocTypePost -->
