<?xml version="1.0" encoding="UTF-8"?>
<!-- Generated by org.testng.reporters.JUnitReportReporter -->
<testsuite hostname="SYN-FLX-005" name="scenarios.GEO.v1.CntryOrgStdPost" tests="31" failures="0" timestamp="9 Sep 2020 14:32:26 GMT" time="65.906" errors="0">
  <testcase name="TC_29" time="1.362" classname="scenarios.GEO.v1.CntryOrgStdPost"/>
  <testcase name="TC_26" time="1.367" classname="scenarios.GEO.v1.CntryOrgStdPost"/>
  <testcase name="TC_08" time="1.344" classname="scenarios.GEO.v1.CntryOrgStdPost"/>
  <testcase name="TC_11" time="1.286" classname="scenarios.GEO.v1.CntryOrgStdPost"/>
  <testcase name="TC_25" time="1.256" classname="scenarios.GEO.v1.CntryOrgStdPost"/>
  <testcase name="TC_28" time="1.211" classname="scenarios.GEO.v1.CntryOrgStdPost"/>
  <testcase name="TC_20" time="1.145" classname="scenarios.GEO.v1.CntryOrgStdPost"/>
  <testcase name="TC_31" time="11.662" classname="scenarios.GEO.v1.CntryOrgStdPost"/>
  <testcase name="TC_30" time="1.125" classname="scenarios.GEO.v1.CntryOrgStdPost"/>
  <testcase name="TC_18" time="2.372" classname="scenarios.GEO.v1.CntryOrgStdPost"/>
  <testcase name="TC_22" time="1.226" classname="scenarios.GEO.v1.CntryOrgStdPost"/>
  <testcase name="TC_17" time="2.254" classname="scenarios.GEO.v1.CntryOrgStdPost"/>
  <testcase name="TC_23" time="1.289" classname="scenarios.GEO.v1.CntryOrgStdPost"/>
  <testcase name="TC_15" time="2.404" classname="scenarios.GEO.v1.CntryOrgStdPost"/>
  <testcase name="TC_21" time="1.310" classname="scenarios.GEO.v1.CntryOrgStdPost"/>
  <testcase name="TC_14" time="2.353" classname="scenarios.GEO.v1.CntryOrgStdPost"/>
  <testcase name="TC_06" time="2.538" classname="scenarios.GEO.v1.CntryOrgStdPost"/>
  <testcase name="TC_13" time="1.355" classname="scenarios.GEO.v1.CntryOrgStdPost"/>
  <testcase name="TC_03" time="3.048" classname="scenarios.GEO.v1.CntryOrgStdPost"/>
  <testcase name="TC_07" time="2.590" classname="scenarios.GEO.v1.CntryOrgStdPost"/>
  <testcase name="TC_02" time="1.434" classname="scenarios.GEO.v1.CntryOrgStdPost"/>
  <testcase name="TC_10" time="1.439" classname="scenarios.GEO.v1.CntryOrgStdPost"/>
  <testcase name="TC_01" time="6.621" classname="scenarios.GEO.v1.CntryOrgStdPost"/>
  <testcase name="TC_19" time="1.277" classname="scenarios.GEO.v1.CntryOrgStdPost"/>
  <testcase name="TC_24" time="1.194" classname="scenarios.GEO.v1.CntryOrgStdPost"/>
  <testcase name="TC_27" time="1.285" classname="scenarios.GEO.v1.CntryOrgStdPost"/>
  <testcase name="TC_05" time="1.354" classname="scenarios.GEO.v1.CntryOrgStdPost"/>
  <testcase name="TC_09" time="1.307" classname="scenarios.GEO.v1.CntryOrgStdPost"/>
  <testcase name="TC_16" time="1.385" classname="scenarios.GEO.v1.CntryOrgStdPost"/>
  <testcase name="TC_12" time="1.322" classname="scenarios.GEO.v1.CntryOrgStdPost"/>
  <testcase name="TC_04" time="2.791" classname="scenarios.GEO.v1.CntryOrgStdPost"/>
</testsuite> <!-- scenarios.GEO.v1.CntryOrgStdPost -->
