<?xml version="1.0" encoding="UTF-8"?>
<!-- Generated by org.testng.reporters.JUnitReportReporter -->
<testsuite hostname="SYN-FLX-005" name="scenarios.GEO.base.CountryGet" tests="41" failures="0" timestamp="7 Sep 2020 08:02:55 GMT" time="200.666" errors="0">
  <testcase name="TC_01" time="6.699" classname="scenarios.GEO.base.CountryGet"/>
  <testcase name="TC_25" time="3.259" classname="scenarios.GEO.base.CountryGet"/>
  <testcase name="TC_22" time="3.291" classname="scenarios.GEO.base.CountryGet"/>
  <testcase name="TC_12" time="5.198" classname="scenarios.GEO.base.CountryGet"/>
  <testcase name="TC_32" time="4.363" classname="scenarios.GEO.base.CountryGet"/>
  <testcase name="TC_38" time="2.993" classname="scenarios.GEO.base.CountryGet"/>
  <testcase name="TC_36" time="3.437" classname="scenarios.GEO.base.CountryGet"/>
  <testcase name="TC_24" time="2.903" classname="scenarios.GEO.base.CountryGet"/>
  <testcase name="TC_11" time="3.138" classname="scenarios.GEO.base.CountryGet"/>
  <testcase name="TC_23" time="3.014" classname="scenarios.GEO.base.CountryGet"/>
  <testcase name="TC_31" time="3.009" classname="scenarios.GEO.base.CountryGet"/>
  <testcase name="TC_34" time="3.385" classname="scenarios.GEO.base.CountryGet"/>
  <testcase name="TC_02" time="5.088" classname="scenarios.GEO.base.CountryGet"/>
  <testcase name="TC_13" time="3.108" classname="scenarios.GEO.base.CountryGet"/>
  <testcase name="TC_41" time="40.315" classname="scenarios.GEO.base.CountryGet"/>
  <testcase name="TC_26" time="3.330" classname="scenarios.GEO.base.CountryGet"/>
  <testcase name="TC_37" time="3.380" classname="scenarios.GEO.base.CountryGet"/>
  <testcase name="TC_14" time="4.753" classname="scenarios.GEO.base.CountryGet"/>
  <testcase name="TC_08" time="3.139" classname="scenarios.GEO.base.CountryGet"/>
  <testcase name="TC_29" time="6.270" classname="scenarios.GEO.base.CountryGet"/>
  <testcase name="TC_20" time="2.902" classname="scenarios.GEO.base.CountryGet"/>
  <testcase name="TC_21" time="3.095" classname="scenarios.GEO.base.CountryGet"/>
  <testcase name="TC_39" time="3.220" classname="scenarios.GEO.base.CountryGet"/>
  <testcase name="TC_15" time="5.409" classname="scenarios.GEO.base.CountryGet"/>
  <testcase name="TC_19" time="2.987" classname="scenarios.GEO.base.CountryGet"/>
  <testcase name="TC_27" time="4.833" classname="scenarios.GEO.base.CountryGet"/>
  <testcase name="TC_07" time="3.474" classname="scenarios.GEO.base.CountryGet"/>
  <testcase name="TC_04" time="4.534" classname="scenarios.GEO.base.CountryGet"/>
  <testcase name="TC_28" time="6.058" classname="scenarios.GEO.base.CountryGet"/>
  <testcase name="TC_03" time="4.829" classname="scenarios.GEO.base.CountryGet"/>
  <testcase name="TC_33" time="3.281" classname="scenarios.GEO.base.CountryGet"/>
  <testcase name="TC_09" time="3.288" classname="scenarios.GEO.base.CountryGet"/>
  <testcase name="TC_05" time="3.189" classname="scenarios.GEO.base.CountryGet"/>
  <testcase name="TC_35" time="3.398" classname="scenarios.GEO.base.CountryGet"/>
  <testcase name="TC_06" time="3.197" classname="scenarios.GEO.base.CountryGet"/>
  <testcase name="TC_30" time="5.365" classname="scenarios.GEO.base.CountryGet"/>
  <testcase name="TC_40" time="5.525" classname="scenarios.GEO.base.CountryGet"/>
  <testcase name="TC_10" time="3.081" classname="scenarios.GEO.base.CountryGet"/>
  <testcase name="TC_16" time="5.661" classname="scenarios.GEO.base.CountryGet"/>
  <testcase name="TC_18" time="4.121" classname="scenarios.GEO.base.CountryGet"/>
  <testcase name="TC_17" time="5.147" classname="scenarios.GEO.base.CountryGet"/>
</testsuite> <!-- scenarios.GEO.base.CountryGet -->
