<?xml version="1.0" encoding="UTF-8"?>
<!-- Generated by org.testng.reporters.JUnitReportReporter -->
<testsuite hostname="SYN-FLX-001" name="scenarios.GEO.CntryOrgStdPut" tests="27" failures="0" timestamp="14 Aug 2019 04:54:13 GMT" time="41.484" errors="0">
  <testcase name="TC_15" time="2.323" classname="scenarios.GEO.CntryOrgStdPut"/>
  <testcase name="TC_20" time="1.169" classname="scenarios.GEO.CntryOrgStdPut"/>
  <testcase name="TC_02" time="0.921" classname="scenarios.GEO.CntryOrgStdPut"/>
  <testcase name="TC_17" time="1.215" classname="scenarios.GEO.CntryOrgStdPut"/>
  <testcase name="TC_07" time="2.367" classname="scenarios.GEO.CntryOrgStdPut"/>
  <testcase name="TC_08" time="1.078" classname="scenarios.GEO.CntryOrgStdPut"/>
  <testcase name="TC_23" time="1.156" classname="scenarios.GEO.CntryOrgStdPut"/>
  <testcase name="TC_16" time="1.055" classname="scenarios.GEO.CntryOrgStdPut"/>
  <testcase name="TC_13" time="1.054" classname="scenarios.GEO.CntryOrgStdPut"/>
  <testcase name="TC_04" time="2.430" classname="scenarios.GEO.CntryOrgStdPut"/>
  <testcase name="TC_27" time="0.976" classname="scenarios.GEO.CntryOrgStdPut"/>
  <testcase name="TC_03" time="2.340" classname="scenarios.GEO.CntryOrgStdPut"/>
  <testcase name="TC_26" time="0.921" classname="scenarios.GEO.CntryOrgStdPut"/>
  <testcase name="TC_01" time="5.445" classname="scenarios.GEO.CntryOrgStdPut"/>
  <testcase name="TC_05" time="0.923" classname="scenarios.GEO.CntryOrgStdPut"/>
  <testcase name="TC_19" time="0.974" classname="scenarios.GEO.CntryOrgStdPut"/>
  <testcase name="TC_06" time="0.919" classname="scenarios.GEO.CntryOrgStdPut"/>
  <testcase name="TC_25" time="1.085" classname="scenarios.GEO.CntryOrgStdPut"/>
  <testcase name="TC_11" time="1.211" classname="scenarios.GEO.CntryOrgStdPut"/>
  <testcase name="TC_21" time="1.227" classname="scenarios.GEO.CntryOrgStdPut"/>
  <testcase name="TC_14" time="2.249" classname="scenarios.GEO.CntryOrgStdPut"/>
  <testcase name="TC_10" time="1.087" classname="scenarios.GEO.CntryOrgStdPut"/>
  <testcase name="TC_24" time="1.745" classname="scenarios.GEO.CntryOrgStdPut"/>
  <testcase name="TC_09" time="1.122" classname="scenarios.GEO.CntryOrgStdPut"/>
  <testcase name="TC_22" time="1.057" classname="scenarios.GEO.CntryOrgStdPut"/>
  <testcase name="TC_12" time="1.211" classname="scenarios.GEO.CntryOrgStdPut"/>
  <testcase name="TC_18" time="2.224" classname="scenarios.GEO.CntryOrgStdPut"/>
</testsuite> <!-- scenarios.GEO.CntryOrgStdPut -->
