<?xml version="1.0" encoding="UTF-8"?>
<!-- Generated by org.testng.reporters.JUnitReportReporter -->
<testsuite hostname="SYN-FLX-001" name="scenarios.GEO.HolidayPut" tests="15" failures="0" timestamp="19 Aug 2019 10:54:04 GMT" time="20.126" errors="0">
  <testcase name="TC_10" time="0.986" classname="scenarios.GEO.HolidayPut"/>
  <testcase name="TC_12" time="2.086" classname="scenarios.GEO.HolidayPut"/>
  <testcase name="TC_07" time="0.815" classname="scenarios.GEO.HolidayPut"/>
  <testcase name="TC_03" time="2.097" classname="scenarios.GEO.HolidayPut"/>
  <testcase name="TC_05" time="0.833" classname="scenarios.GEO.HolidayPut"/>
  <testcase name="TC_09" time="0.699" classname="scenarios.GEO.HolidayPut"/>
  <testcase name="TC_02" time="0.820" classname="scenarios.GEO.HolidayPut"/>
  <testcase name="TC_14" time="1.396" classname="scenarios.GEO.HolidayPut"/>
  <testcase name="TC_15" time="0.811" classname="scenarios.GEO.HolidayPut"/>
  <testcase name="TC_06" time="1.989" classname="scenarios.GEO.HolidayPut"/>
  <testcase name="TC_08" time="0.812" classname="scenarios.GEO.HolidayPut"/>
  <testcase name="TC_01" time="4.496" classname="scenarios.GEO.HolidayPut"/>
  <testcase name="TC_04" time="0.725" classname="scenarios.GEO.HolidayPut"/>
  <testcase name="TC_11" time="0.753" classname="scenarios.GEO.HolidayPut"/>
  <testcase name="TC_13" time="0.808" classname="scenarios.GEO.HolidayPut"/>
</testsuite> <!-- scenarios.GEO.HolidayPut -->
