<?xml version="1.0" encoding="UTF-8"?>
<!-- Generated by org.testng.reporters.JUnitReportReporter -->
<testsuite hostname="SYN-FLX-001" name="scenarios.GEO.v1.GeoRltspPut" tests="29" failures="0" timestamp="18 Jun 2020 18:16:19 GMT" time="59.337" errors="0">
  <testcase name="TC_28" time="1.303" classname="scenarios.GEO.v1.GeoRltspPut"/>
  <testcase name="TC_17" time="2.646" classname="scenarios.GEO.v1.GeoRltspPut"/>
  <testcase name="TC_29" time="9.952" classname="scenarios.GEO.v1.GeoRltspPut"/>
  <testcase name="TC_09" time="1.303" classname="scenarios.GEO.v1.GeoRltspPut"/>
  <testcase name="TC_11" time="1.289" classname="scenarios.GEO.v1.GeoRltspPut"/>
  <testcase name="TC_25" time="1.485" classname="scenarios.GEO.v1.GeoRltspPut"/>
  <testcase name="TC_06" time="2.730" classname="scenarios.GEO.v1.GeoRltspPut"/>
  <testcase name="TC_16" time="1.352" classname="scenarios.GEO.v1.GeoRltspPut"/>
  <testcase name="TC_08" time="1.375" classname="scenarios.GEO.v1.GeoRltspPut"/>
  <testcase name="TC_26" time="1.519" classname="scenarios.GEO.v1.GeoRltspPut"/>
  <testcase name="TC_27" time="1.563" classname="scenarios.GEO.v1.GeoRltspPut"/>
  <testcase name="TC_14" time="1.343" classname="scenarios.GEO.v1.GeoRltspPut"/>
  <testcase name="TC_22" time="1.368" classname="scenarios.GEO.v1.GeoRltspPut"/>
  <testcase name="TC_07" time="1.300" classname="scenarios.GEO.v1.GeoRltspPut"/>
  <testcase name="TC_04" time="1.361" classname="scenarios.GEO.v1.GeoRltspPut"/>
  <testcase name="TC_05" time="1.465" classname="scenarios.GEO.v1.GeoRltspPut"/>
  <testcase name="TC_02" time="1.359" classname="scenarios.GEO.v1.GeoRltspPut"/>
  <testcase name="TC_12" time="1.465" classname="scenarios.GEO.v1.GeoRltspPut"/>
  <testcase name="TC_15" time="1.314" classname="scenarios.GEO.v1.GeoRltspPut"/>
  <testcase name="TC_19" time="1.272" classname="scenarios.GEO.v1.GeoRltspPut"/>
  <testcase name="TC_24" time="1.344" classname="scenarios.GEO.v1.GeoRltspPut"/>
  <testcase name="TC_10" time="1.388" classname="scenarios.GEO.v1.GeoRltspPut"/>
  <testcase name="TC_20" time="1.255" classname="scenarios.GEO.v1.GeoRltspPut"/>
  <testcase name="TC_13" time="1.458" classname="scenarios.GEO.v1.GeoRltspPut"/>
  <testcase name="TC_01" time="8.904" classname="scenarios.GEO.v1.GeoRltspPut"/>
  <testcase name="TC_03" time="1.355" classname="scenarios.GEO.v1.GeoRltspPut"/>
  <testcase name="TC_18" time="1.413" classname="scenarios.GEO.v1.GeoRltspPut"/>
  <testcase name="TC_21" time="2.038" classname="scenarios.GEO.v1.GeoRltspPut"/>
  <testcase name="TC_23" time="1.418" classname="scenarios.GEO.v1.GeoRltspPut"/>
</testsuite> <!-- scenarios.GEO.v1.GeoRltspPut -->
