<?xml version="1.0" encoding="UTF-8"?>
<!-- Generated by org.testng.reporters.JUnitReportReporter -->
<testsuite hostname="SYN-FLX-005" name="scenarios.GEO.v1.HolidayPost" tests="17" failures="0" timestamp="27 Jul 2020 11:56:49 GMT" time="48.850" errors="0">
  <testcase name="TC_04" time="1.566" classname="scenarios.GEO.v1.HolidayPost"/>
  <testcase name="TC_10" time="1.858" classname="scenarios.GEO.v1.HolidayPost"/>
  <testcase name="TC_09" time="1.342" classname="scenarios.GEO.v1.HolidayPost"/>
  <testcase name="TC_17" time="10.051" classname="scenarios.GEO.v1.HolidayPost"/>
  <testcase name="TC_05" time="1.355" classname="scenarios.GEO.v1.HolidayPost"/>
  <testcase name="TC_08" time="1.315" classname="scenarios.GEO.v1.HolidayPost"/>
  <testcase name="TC_14" time="1.300" classname="scenarios.GEO.v1.HolidayPost"/>
  <testcase name="TC_16" time="1.292" classname="scenarios.GEO.v1.HolidayPost"/>
  <testcase name="TC_06" time="2.634" classname="scenarios.GEO.v1.HolidayPost"/>
  <testcase name="TC_01" time="12.918" classname="scenarios.GEO.v1.HolidayPost"/>
  <testcase name="TC_15" time="1.367" classname="scenarios.GEO.v1.HolidayPost"/>
  <testcase name="TC_11" time="1.311" classname="scenarios.GEO.v1.HolidayPost"/>
  <testcase name="TC_12" time="1.438" classname="scenarios.GEO.v1.HolidayPost"/>
  <testcase name="TC_02" time="2.408" classname="scenarios.GEO.v1.HolidayPost"/>
  <testcase name="TC_07" time="1.236" classname="scenarios.GEO.v1.HolidayPost"/>
  <testcase name="TC_03" time="2.448" classname="scenarios.GEO.v1.HolidayPost"/>
  <testcase name="TC_13" time="3.011" classname="scenarios.GEO.v1.HolidayPost"/>
</testsuite> <!-- scenarios.GEO.v1.HolidayPost -->
