<?xml version="1.0" encoding="UTF-8"?>
<!-- Generated by org.testng.reporters.JUnitReportReporter -->
<testsuite hostname="SYN-FLX-001" name="scenarios.GEO.v1.CountryGet" tests="43" failures="1" timestamp="23 Jun 2020 18:36:42 GMT" time="280.092" errors="0">
  <testcase name="TC_14" time="7.653" classname="scenarios.GEO.v1.CountryGet"/>
  <testcase name="TC_31" time="4.396" classname="scenarios.GEO.v1.CountryGet"/>
  <testcase name="TC_39" time="4.066" classname="scenarios.GEO.v1.CountryGet"/>
  <testcase name="TC_43" time="2.740" classname="scenarios.GEO.v1.CountryGet"/>
  <testcase name="TC_01" time="7.590" classname="scenarios.GEO.v1.CountryGet"/>
  <testcase name="TC_02" time="6.693" classname="scenarios.GEO.v1.CountryGet"/>
  <testcase name="TC_26" time="3.610" classname="scenarios.GEO.v1.CountryGet"/>
  <testcase name="TC_30" time="9.161" classname="scenarios.GEO.v1.CountryGet"/>
  <testcase name="TC_42" time="3.358" classname="scenarios.GEO.v1.CountryGet"/>
  <testcase name="TC_40" time="2.652" classname="scenarios.GEO.v1.CountryGet">
    <failure type="java.lang.AssertionError" message="Test Failed">
      <![CDATA[java.lang.AssertionError: Test Failed
	at org.testng.Assert.fail(Assert.java:94)
	at scenarios.GEO.v1.CountryGet.countryShrtNmValidation(CountryGet.java:3868)
	at scenarios.GEO.v1.CountryGet.TC_40(CountryGet.java:658)
	at sun.reflect.NativeMethodAccessorImpl.invoke0(Native Method)
	at sun.reflect.NativeMethodAccessorImpl.invoke(Unknown Source)
	at sun.reflect.DelegatingMethodAccessorImpl.invoke(Unknown Source)
	at java.lang.reflect.Method.invoke(Unknown Source)
	at org.testng.internal.MethodInvocationHelper.invokeMethod(MethodInvocationHelper.java:86)
	at org.testng.internal.Invoker.invokeMethod(Invoker.java:646)
	at org.testng.internal.Invoker.invokeTestMethod(Invoker.java:823)
	at org.testng.internal.Invoker.invokeTestMethods(Invoker.java:1131)
	at org.testng.internal.TestMethodWorker.invokeTestMethods(TestMethodWorker.java:129)
	at org.testng.internal.TestMethodWorker.run(TestMethodWorker.java:112)
	at org.testng.TestRunner.privateRun(TestRunner.java:778)
	at org.testng.TestRunner.run(TestRunner.java:632)
	at org.testng.SuiteRunner.runTest(SuiteRunner.java:366)
	at org.testng.SuiteRunner.runSequentially(SuiteRunner.java:361)
	at org.testng.SuiteRunner.privateRun(SuiteRunner.java:319)
	at org.testng.SuiteRunner.run(SuiteRunner.java:268)
	at org.testng.SuiteRunnerWorker.runSuite(SuiteRunnerWorker.java:52)
	at org.testng.SuiteRunnerWorker.run(SuiteRunnerWorker.java:86)
	at org.testng.TestNG.runSuitesSequentially(TestNG.java:1225)
	at org.testng.TestNG.runSuitesLocally(TestNG.java:1150)
	at org.testng.TestNG.runSuites(TestNG.java:1075)
	at org.testng.TestNG.run(TestNG.java:1047)
	at org.testng.remote.AbstractRemoteTestNG.run(AbstractRemoteTestNG.java:126)
	at org.testng.remote.RemoteTestNG.initAndRun(RemoteTestNG.java:137)
	at org.testng.remote.RemoteTestNG.main(RemoteTestNG.java:58)
]]>
    </failure>
  </testcase> <!-- TC_40 -->
  <testcase name="TC_05" time="4.203" classname="scenarios.GEO.v1.CountryGet"/>
  <testcase name="TC_28" time="10.173" classname="scenarios.GEO.v1.CountryGet"/>
  <testcase name="TC_37" time="3.915" classname="scenarios.GEO.v1.CountryGet"/>
  <testcase name="TC_04" time="6.552" classname="scenarios.GEO.v1.CountryGet"/>
  <testcase name="TC_22" time="3.946" classname="scenarios.GEO.v1.CountryGet"/>
  <testcase name="TC_17" time="8.216" classname="scenarios.GEO.v1.CountryGet"/>
  <testcase name="TC_35" time="3.654" classname="scenarios.GEO.v1.CountryGet"/>
  <testcase name="TC_20" time="3.545" classname="scenarios.GEO.v1.CountryGet"/>
  <testcase name="TC_27" time="8.222" classname="scenarios.GEO.v1.CountryGet"/>
  <testcase name="TC_07" time="4.159" classname="scenarios.GEO.v1.CountryGet"/>
  <testcase name="TC_18" time="4.214" classname="scenarios.GEO.v1.CountryGet"/>
  <testcase name="TC_25" time="4.188" classname="scenarios.GEO.v1.CountryGet"/>
  <testcase name="TC_13" time="3.659" classname="scenarios.GEO.v1.CountryGet"/>
  <testcase name="TC_36" time="3.747" classname="scenarios.GEO.v1.CountryGet"/>
  <testcase name="TC_24" time="4.971" classname="scenarios.GEO.v1.CountryGet"/>
  <testcase name="TC_41" time="68.311" classname="scenarios.GEO.v1.CountryGet"/>
  <testcase name="TC_06" time="3.622" classname="scenarios.GEO.v1.CountryGet"/>
  <testcase name="TC_34" time="4.200" classname="scenarios.GEO.v1.CountryGet"/>
  <testcase name="TC_09" time="4.146" classname="scenarios.GEO.v1.CountryGet"/>
  <testcase name="TC_19" time="4.214" classname="scenarios.GEO.v1.CountryGet"/>
  <testcase name="TC_12" time="3.885" classname="scenarios.GEO.v1.CountryGet"/>
  <testcase name="TC_32" time="3.565" classname="scenarios.GEO.v1.CountryGet"/>
  <testcase name="TC_16" time="7.807" classname="scenarios.GEO.v1.CountryGet"/>
  <testcase name="TC_03" time="6.374" classname="scenarios.GEO.v1.CountryGet"/>
  <testcase name="TC_33" time="3.787" classname="scenarios.GEO.v1.CountryGet"/>
  <testcase name="TC_21" time="3.582" classname="scenarios.GEO.v1.CountryGet"/>
  <testcase name="TC_08" time="3.452" classname="scenarios.GEO.v1.CountryGet"/>
  <testcase name="TC_10" time="5.608" classname="scenarios.GEO.v1.CountryGet"/>
  <testcase name="TC_23" time="3.955" classname="scenarios.GEO.v1.CountryGet"/>
  <testcase name="TC_11" time="3.472" classname="scenarios.GEO.v1.CountryGet"/>
  <testcase name="TC_15" time="7.683" classname="scenarios.GEO.v1.CountryGet"/>
  <testcase name="TC_38" time="3.907" classname="scenarios.GEO.v1.CountryGet"/>
  <testcase name="TC_29" time="9.239" classname="scenarios.GEO.v1.CountryGet"/>
</testsuite> <!-- scenarios.GEO.v1.CountryGet -->
