<?xml version="1.0" encoding="UTF-8"?>
<!-- Generated by org.testng.reporters.JUnitReportReporter -->
<testsuite hostname="SYN-FLX-005" name="scenarios.GEO.v1.HolidayPost" tests="17" failures="0" timestamp="9 Sep 2020 13:34:11 GMT" time="37.076" errors="0">
  <testcase name="TC_12" time="1.216" classname="scenarios.GEO.v1.HolidayPost"/>
  <testcase name="TC_15" time="1.474" classname="scenarios.GEO.v1.HolidayPost"/>
  <testcase name="TC_02" time="1.157" classname="scenarios.GEO.v1.HolidayPost"/>
  <testcase name="TC_06" time="2.318" classname="scenarios.GEO.v1.HolidayPost"/>
  <testcase name="TC_07" time="1.524" classname="scenarios.GEO.v1.HolidayPost"/>
  <testcase name="TC_17" time="9.375" classname="scenarios.GEO.v1.HolidayPost"/>
  <testcase name="TC_11" time="1.207" classname="scenarios.GEO.v1.HolidayPost"/>
  <testcase name="TC_01" time="4.553" classname="scenarios.GEO.v1.HolidayPost"/>
  <testcase name="TC_05" time="1.250" classname="scenarios.GEO.v1.HolidayPost"/>
  <testcase name="TC_08" time="1.513" classname="scenarios.GEO.v1.HolidayPost"/>
  <testcase name="TC_14" time="1.257" classname="scenarios.GEO.v1.HolidayPost"/>
  <testcase name="TC_16" time="1.424" classname="scenarios.GEO.v1.HolidayPost"/>
  <testcase name="TC_03" time="2.345" classname="scenarios.GEO.v1.HolidayPost"/>
  <testcase name="TC_09" time="1.179" classname="scenarios.GEO.v1.HolidayPost"/>
  <testcase name="TC_10" time="1.228" classname="scenarios.GEO.v1.HolidayPost"/>
  <testcase name="TC_13" time="2.814" classname="scenarios.GEO.v1.HolidayPost"/>
  <testcase name="TC_04" time="1.242" classname="scenarios.GEO.v1.HolidayPost"/>
</testsuite> <!-- scenarios.GEO.v1.HolidayPost -->
