<?xml version="1.0" encoding="UTF-8"?>
<!-- Generated by org.testng.reporters.JUnitReportReporter -->
<testsuite hostname="SYN-FLX-005" name="scenarios.GEO.GeoRltspPost" tests="1" failures="0" timestamp="25 Feb 2020 10:08:45 GMT" time="8.404" errors="0">
  <testcase name="TC_01" time="8.404" classname="scenarios.GEO.GeoRltspPost"/>
</testsuite> <!-- scenarios.GEO.GeoRltspPost -->
