<?xml version="1.0" encoding="UTF-8"?>
<!-- Generated by org.testng.reporters.JUnitReportReporter -->
<testsuite hostname="SYN-FLX-005" name="scenarios.GEO.v1.MonthOfYearGraphQL" tests="3" failures="0" timestamp="14 Jul 2020 08:40:40 GMT" time="9.874" errors="0">
  <testcase name="TC_01" time="6.951" classname="scenarios.GEO.v1.MonthOfYearGraphQL"/>
  <testcase name="TC_03" time="1.536" classname="scenarios.GEO.v1.MonthOfYearGraphQL"/>
  <testcase name="TC_02" time="1.387" classname="scenarios.GEO.v1.MonthOfYearGraphQL"/>
</testsuite> <!-- scenarios.GEO.v1.MonthOfYearGraphQL -->
