<?xml version="1.0" encoding="UTF-8"?>
<!-- Generated by org.testng.reporters.JUnitReportReporter -->
<testsuite skipped="0" hostname="COS-3572253-L1" name="scenarios.GEO.GeoTypeGet" tests="4" failures="0" timestamp="18 Jul 2019 14:49:34 GMT" time="25.654" errors="0">
  <testcase name="TC_01" time="22.404" classname="scenarios.GEO.GeoTypeGet"/>
  <testcase name="TC_04" time="0.962" classname="scenarios.GEO.GeoTypeGet"/>
  <testcase name="TC_03" time="0.793" classname="scenarios.GEO.GeoTypeGet"/>
  <testcase name="TC_02" time="1.495" classname="scenarios.GEO.GeoTypeGet"/>
</testsuite> <!-- scenarios.GEO.GeoTypeGet -->
