<?xml version="1.0" encoding="UTF-8"?>
<!-- Generated by org.testng.reporters.JUnitReportReporter -->
<testsuite hostname="SYN-FLX-005" name="scenarios.GEO.v1.UomTypePut" tests="21" failures="0" timestamp="8 Sep 2020 13:52:39 GMT" time="43.644" errors="0">
  <testcase name="TC_02" time="1.407" classname="scenarios.GEO.v1.UomTypePut"/>
  <testcase name="TC_05" time="1.150" classname="scenarios.GEO.v1.UomTypePut"/>
  <testcase name="TC_21" time="9.546" classname="scenarios.GEO.v1.UomTypePut"/>
  <testcase name="TC_11" time="1.301" classname="scenarios.GEO.v1.UomTypePut"/>
  <testcase name="TC_17" time="2.551" classname="scenarios.GEO.v1.UomTypePut"/>
  <testcase name="TC_03" time="1.277" classname="scenarios.GEO.v1.UomTypePut"/>
  <testcase name="TC_09" time="1.807" classname="scenarios.GEO.v1.UomTypePut"/>
  <testcase name="TC_18" time="1.248" classname="scenarios.GEO.v1.UomTypePut"/>
  <testcase name="TC_10" time="1.199" classname="scenarios.GEO.v1.UomTypePut"/>
  <testcase name="TC_08" time="2.461" classname="scenarios.GEO.v1.UomTypePut"/>
  <testcase name="TC_19" time="1.256" classname="scenarios.GEO.v1.UomTypePut"/>
  <testcase name="TC_01" time="4.631" classname="scenarios.GEO.v1.UomTypePut"/>
  <testcase name="TC_04" time="2.343" classname="scenarios.GEO.v1.UomTypePut"/>
  <testcase name="TC_14" time="1.244" classname="scenarios.GEO.v1.UomTypePut"/>
  <testcase name="TC_16" time="1.213" classname="scenarios.GEO.v1.UomTypePut"/>
  <testcase name="TC_07" time="1.239" classname="scenarios.GEO.v1.UomTypePut"/>
  <testcase name="TC_12" time="1.444" classname="scenarios.GEO.v1.UomTypePut"/>
  <testcase name="TC_20" time="1.178" classname="scenarios.GEO.v1.UomTypePut"/>
  <testcase name="TC_15" time="2.536" classname="scenarios.GEO.v1.UomTypePut"/>
  <testcase name="TC_06" time="1.302" classname="scenarios.GEO.v1.UomTypePut"/>
  <testcase name="TC_13" time="1.311" classname="scenarios.GEO.v1.UomTypePut"/>
</testsuite> <!-- scenarios.GEO.v1.UomTypePut -->
