<?xml version="1.0" encoding="UTF-8"?>
<!-- Generated by org.testng.reporters.JUnitReportReporter -->
<testsuite hostname="SYN-FLX-005" name="scenarios.GEO.v1.CountryGet" tests="43" failures="0" timestamp="4 Sep 2020 15:44:33 GMT" time="216.911" errors="0">
  <testcase name="TC_20" time="3.340" classname="scenarios.GEO.v1.CountryGet"/>
  <testcase name="TC_04" time="5.221" classname="scenarios.GEO.v1.CountryGet"/>
  <testcase name="TC_29" time="8.489" classname="scenarios.GEO.v1.CountryGet"/>
  <testcase name="TC_31" time="2.990" classname="scenarios.GEO.v1.CountryGet"/>
  <testcase name="TC_02" time="5.859" classname="scenarios.GEO.v1.CountryGet"/>
  <testcase name="TC_14" time="5.524" classname="scenarios.GEO.v1.CountryGet"/>
  <testcase name="TC_34" time="3.402" classname="scenarios.GEO.v1.CountryGet"/>
  <testcase name="TC_03" time="6.826" classname="scenarios.GEO.v1.CountryGet"/>
  <testcase name="TC_11" time="3.308" classname="scenarios.GEO.v1.CountryGet"/>
  <testcase name="TC_17" time="5.981" classname="scenarios.GEO.v1.CountryGet"/>
  <testcase name="TC_21" time="2.989" classname="scenarios.GEO.v1.CountryGet"/>
  <testcase name="TC_32" time="3.121" classname="scenarios.GEO.v1.CountryGet"/>
  <testcase name="TC_25" time="3.050" classname="scenarios.GEO.v1.CountryGet"/>
  <testcase name="TC_30" time="7.484" classname="scenarios.GEO.v1.CountryGet"/>
  <testcase name="TC_16" time="6.975" classname="scenarios.GEO.v1.CountryGet"/>
  <testcase name="TC_19" time="2.991" classname="scenarios.GEO.v1.CountryGet"/>
  <testcase name="TC_41" time="40.542" classname="scenarios.GEO.v1.CountryGet"/>
  <testcase name="TC_10" time="3.196" classname="scenarios.GEO.v1.CountryGet"/>
  <testcase name="TC_12" time="2.970" classname="scenarios.GEO.v1.CountryGet"/>
  <testcase name="TC_18" time="3.033" classname="scenarios.GEO.v1.CountryGet"/>
  <testcase name="TC_33" time="3.201" classname="scenarios.GEO.v1.CountryGet"/>
  <testcase name="TC_24" time="3.153" classname="scenarios.GEO.v1.CountryGet"/>
  <testcase name="TC_22" time="2.992" classname="scenarios.GEO.v1.CountryGet"/>
  <testcase name="TC_26" time="3.242" classname="scenarios.GEO.v1.CountryGet"/>
  <testcase name="TC_36" time="3.084" classname="scenarios.GEO.v1.CountryGet"/>
  <testcase name="TC_42" time="2.599" classname="scenarios.GEO.v1.CountryGet"/>
  <testcase name="TC_38" time="3.849" classname="scenarios.GEO.v1.CountryGet"/>
  <testcase name="TC_15" time="6.959" classname="scenarios.GEO.v1.CountryGet"/>
  <testcase name="TC_37" time="3.226" classname="scenarios.GEO.v1.CountryGet"/>
  <testcase name="TC_01" time="6.259" classname="scenarios.GEO.v1.CountryGet"/>
  <testcase name="TC_13" time="3.038" classname="scenarios.GEO.v1.CountryGet"/>
  <testcase name="TC_35" time="3.352" classname="scenarios.GEO.v1.CountryGet"/>
  <testcase name="TC_43" time="2.205" classname="scenarios.GEO.v1.CountryGet"/>
  <testcase name="TC_40" time="5.943" classname="scenarios.GEO.v1.CountryGet"/>
  <testcase name="TC_27" time="6.935" classname="scenarios.GEO.v1.CountryGet"/>
  <testcase name="TC_23" time="3.482" classname="scenarios.GEO.v1.CountryGet"/>
  <testcase name="TC_08" time="3.002" classname="scenarios.GEO.v1.CountryGet"/>
  <testcase name="TC_28" time="7.913" classname="scenarios.GEO.v1.CountryGet"/>
  <testcase name="TC_09" time="2.853" classname="scenarios.GEO.v1.CountryGet"/>
  <testcase name="TC_07" time="3.146" classname="scenarios.GEO.v1.CountryGet"/>
  <testcase name="TC_39" time="3.036" classname="scenarios.GEO.v1.CountryGet"/>
  <testcase name="TC_06" time="2.979" classname="scenarios.GEO.v1.CountryGet"/>
  <testcase name="TC_05" time="3.172" classname="scenarios.GEO.v1.CountryGet"/>
</testsuite> <!-- scenarios.GEO.v1.CountryGet -->
