<?xml version="1.0" encoding="UTF-8"?>
<!-- Generated by org.testng.reporters.JUnitReportReporter -->
<testsuite skipped="0" hostname="COS-3572253-L1" name="scenarios.GEO.GeoOrgStdPost" tests="2" failures="0" timestamp="28 Jun 2019 20:24:27 GMT" time="7.886" errors="0">
  <testcase name="TC_02" time="0.440" classname="scenarios.GEO.GeoOrgStdPost"/>
  <testcase name="TC_01" time="7.446" classname="scenarios.GEO.GeoOrgStdPost"/>
</testsuite> <!-- scenarios.GEO.GeoOrgStdPost -->
