<?xml version="1.0" encoding="UTF-8"?>
<!-- Generated by org.testng.reporters.JUnitReportReporter -->
<testsuite hostname="SYN-FLX-001" name="scenarios.GEO.HolidayPost" tests="13" failures="0" timestamp="19 Aug 2019 10:47:32 GMT" time="19.219" errors="0">
  <testcase name="TC_11" time="0.796" classname="scenarios.GEO.HolidayPost"/>
  <testcase name="TC_13" time="1.941" classname="scenarios.GEO.HolidayPost"/>
  <testcase name="TC_10" time="0.653" classname="scenarios.GEO.HolidayPost"/>
  <testcase name="TC_08" time="0.746" classname="scenarios.GEO.HolidayPost"/>
  <testcase name="TC_06" time="2.104" classname="scenarios.GEO.HolidayPost"/>
  <testcase name="TC_05" time="1.701" classname="scenarios.GEO.HolidayPost"/>
  <testcase name="TC_07" time="0.724" classname="scenarios.GEO.HolidayPost"/>
  <testcase name="TC_04" time="0.903" classname="scenarios.GEO.HolidayPost"/>
  <testcase name="TC_12" time="1.075" classname="scenarios.GEO.HolidayPost"/>
  <testcase name="TC_03" time="2.201" classname="scenarios.GEO.HolidayPost"/>
  <testcase name="TC_09" time="0.678" classname="scenarios.GEO.HolidayPost"/>
  <testcase name="TC_02" time="1.116" classname="scenarios.GEO.HolidayPost"/>
  <testcase name="TC_01" time="4.581" classname="scenarios.GEO.HolidayPost"/>
</testsuite> <!-- scenarios.GEO.HolidayPost -->
