<?xml version="1.0" encoding="UTF-8"?>
<!-- Generated by org.testng.reporters.JUnitReportReporter -->
<testsuite hostname="SYN-FLX-001" name="scenarios.GEO.ScriptPut" tests="17" failures="0" timestamp="31 Jul 2019 19:49:14 GMT" time="24.777" errors="0">
  <testcase name="TC_02" time="0.892" classname="scenarios.GEO.ScriptPut"/>
  <testcase name="TC_04" time="2.269" classname="scenarios.GEO.ScriptPut"/>
  <testcase name="TC_11" time="0.834" classname="scenarios.GEO.ScriptPut"/>
  <testcase name="TC_07" time="0.831" classname="scenarios.GEO.ScriptPut"/>
  <testcase name="TC_01" time="4.589" classname="scenarios.GEO.ScriptPut"/>
  <testcase name="TC_10" time="1.398" classname="scenarios.GEO.ScriptPut"/>
  <testcase name="TC_17" time="2.310" classname="scenarios.GEO.ScriptPut"/>
  <testcase name="TC_05" time="0.884" classname="scenarios.GEO.ScriptPut"/>
  <testcase name="TC_16" time="1.185" classname="scenarios.GEO.ScriptPut"/>
  <testcase name="TC_13" time="0.819" classname="scenarios.GEO.ScriptPut"/>
  <testcase name="TC_03" time="0.908" classname="scenarios.GEO.ScriptPut"/>
  <testcase name="TC_08" time="2.201" classname="scenarios.GEO.ScriptPut"/>
  <testcase name="TC_15" time="2.146" classname="scenarios.GEO.ScriptPut"/>
  <testcase name="TC_12" time="0.847" classname="scenarios.GEO.ScriptPut"/>
  <testcase name="TC_06" time="0.913" classname="scenarios.GEO.ScriptPut"/>
  <testcase name="TC_09" time="0.879" classname="scenarios.GEO.ScriptPut"/>
  <testcase name="TC_14" time="0.872" classname="scenarios.GEO.ScriptPut"/>
</testsuite> <!-- scenarios.GEO.ScriptPut -->
