<?xml version="1.0" encoding="UTF-8"?>
<!-- Generated by org.testng.reporters.JUnitReportReporter -->
<testsuite hostname="SYN-FLX-001" name="scenarios.GEO.HolidayPut" tests="1" failures="0" timestamp="22 Jan 2020 09:43:00 GMT" time="6.783" errors="0">
  <testcase name="TC_01" time="6.783" classname="scenarios.GEO.HolidayPut"/>
</testsuite> <!-- scenarios.GEO.HolidayPut -->
