<?xml version="1.0" encoding="UTF-8"?>
<!-- Generated by org.testng.reporters.JUnitReportReporter -->
<testsuite hostname="SYN-FLX-005" name="scenarios.GEO.DepnCountryRltspPost" tests="10" failures="0" timestamp="24 Feb 2020 12:21:49 GMT" time="27.989" errors="0">
  <testcase name="TC_01" time="6.291" classname="scenarios.GEO.DepnCountryRltspPost"/>
  <testcase name="TC_06" time="1.349" classname="scenarios.GEO.DepnCountryRltspPost"/>
  <testcase name="TC_08" time="1.446" classname="scenarios.GEO.DepnCountryRltspPost"/>
  <testcase name="TC_04" time="1.390" classname="scenarios.GEO.DepnCountryRltspPost"/>
  <testcase name="TC_10" time="10.561" classname="scenarios.GEO.DepnCountryRltspPost"/>
  <testcase name="TC_05" time="1.338" classname="scenarios.GEO.DepnCountryRltspPost"/>
  <testcase name="TC_07" time="1.351" classname="scenarios.GEO.DepnCountryRltspPost"/>
  <testcase name="TC_02" time="1.372" classname="scenarios.GEO.DepnCountryRltspPost"/>
  <testcase name="TC_03" time="1.356" classname="scenarios.GEO.DepnCountryRltspPost"/>
  <testcase name="TC_09" time="1.535" classname="scenarios.GEO.DepnCountryRltspPost"/>
</testsuite> <!-- scenarios.GEO.DepnCountryRltspPost -->
