<?xml version="1.0" encoding="UTF-8"?>
<!-- Generated by org.testng.reporters.JUnitReportReporter -->
<testsuite hostname="SYN-FLX-005" name="scenarios.GEO.base.CountryGet" tests="41" failures="0" timestamp="27 Jul 2020 07:59:18 GMT" time="277.106" errors="0">
  <testcase name="TC_12" time="4.013" classname="scenarios.GEO.base.CountryGet"/>
  <testcase name="TC_04" time="27.729" classname="scenarios.GEO.base.CountryGet"/>
  <testcase name="TC_21" time="4.731" classname="scenarios.GEO.base.CountryGet"/>
  <testcase name="TC_16" time="7.688" classname="scenarios.GEO.base.CountryGet"/>
  <testcase name="TC_17" time="7.071" classname="scenarios.GEO.base.CountryGet"/>
  <testcase name="TC_01" time="8.192" classname="scenarios.GEO.base.CountryGet"/>
  <testcase name="TC_37" time="4.484" classname="scenarios.GEO.base.CountryGet"/>
  <testcase name="TC_24" time="3.871" classname="scenarios.GEO.base.CountryGet"/>
  <testcase name="TC_29" time="7.333" classname="scenarios.GEO.base.CountryGet"/>
  <testcase name="TC_36" time="3.784" classname="scenarios.GEO.base.CountryGet"/>
  <testcase name="TC_38" time="3.596" classname="scenarios.GEO.base.CountryGet"/>
  <testcase name="TC_02" time="5.852" classname="scenarios.GEO.base.CountryGet"/>
  <testcase name="TC_23" time="4.046" classname="scenarios.GEO.base.CountryGet"/>
  <testcase name="TC_39" time="4.112" classname="scenarios.GEO.base.CountryGet"/>
  <testcase name="TC_08" time="3.722" classname="scenarios.GEO.base.CountryGet"/>
  <testcase name="TC_28" time="7.686" classname="scenarios.GEO.base.CountryGet"/>
  <testcase name="TC_32" time="3.740" classname="scenarios.GEO.base.CountryGet"/>
  <testcase name="TC_31" time="3.568" classname="scenarios.GEO.base.CountryGet"/>
  <testcase name="TC_13" time="4.466" classname="scenarios.GEO.base.CountryGet"/>
  <testcase name="TC_18" time="4.205" classname="scenarios.GEO.base.CountryGet"/>
  <testcase name="TC_27" time="7.946" classname="scenarios.GEO.base.CountryGet"/>
  <testcase name="TC_35" time="4.094" classname="scenarios.GEO.base.CountryGet"/>
  <testcase name="TC_05" time="4.615" classname="scenarios.GEO.base.CountryGet"/>
  <testcase name="TC_10" time="3.811" classname="scenarios.GEO.base.CountryGet"/>
  <testcase name="TC_14" time="8.361" classname="scenarios.GEO.base.CountryGet"/>
  <testcase name="TC_22" time="3.800" classname="scenarios.GEO.base.CountryGet"/>
  <testcase name="TC_30" time="8.052" classname="scenarios.GEO.base.CountryGet"/>
  <testcase name="TC_25" time="4.275" classname="scenarios.GEO.base.CountryGet"/>
  <testcase name="TC_19" time="3.609" classname="scenarios.GEO.base.CountryGet"/>
  <testcase name="TC_07" time="4.557" classname="scenarios.GEO.base.CountryGet"/>
  <testcase name="TC_15" time="6.751" classname="scenarios.GEO.base.CountryGet"/>
  <testcase name="TC_11" time="3.585" classname="scenarios.GEO.base.CountryGet"/>
  <testcase name="TC_40" time="7.798" classname="scenarios.GEO.base.CountryGet"/>
  <testcase name="TC_20" time="4.070" classname="scenarios.GEO.base.CountryGet"/>
  <testcase name="TC_34" time="4.093" classname="scenarios.GEO.base.CountryGet"/>
  <testcase name="TC_09" time="3.912" classname="scenarios.GEO.base.CountryGet"/>
  <testcase name="TC_26" time="4.685" classname="scenarios.GEO.base.CountryGet"/>
  <testcase name="TC_33" time="3.695" classname="scenarios.GEO.base.CountryGet"/>
  <testcase name="TC_41" time="46.470" classname="scenarios.GEO.base.CountryGet"/>
  <testcase name="TC_06" time="6.221" classname="scenarios.GEO.base.CountryGet"/>
  <testcase name="TC_03" time="8.817" classname="scenarios.GEO.base.CountryGet"/>
</testsuite> <!-- scenarios.GEO.base.CountryGet -->
