<?xml version="1.0" encoding="UTF-8"?>
<!-- Generated by org.testng.reporters.JUnitReportReporter -->
<testsuite hostname="SYN-FLX-001" name="scenarios.GEO.LanguagePut" tests="1" failures="0" timestamp="22 Jan 2020 13:38:34 GMT" time="48.529" errors="0">
  <testcase name="TC_01" time="48.529" classname="scenarios.GEO.LanguagePut"/>
</testsuite> <!-- scenarios.GEO.LanguagePut -->
