<?xml version="1.0" encoding="UTF-8"?>
<!-- Generated by org.testng.reporters.JUnitReportReporter -->
<testsuite hostname="SYN-FLX-005" name="scenarios.GEO.v1.GeoOrgStdPut" tests="17" failures="0" timestamp="8 Sep 2020 09:03:39 GMT" time="36.567" errors="0">
  <testcase name="TC_15" time="1.027" classname="scenarios.GEO.v1.GeoOrgStdPut"/>
  <testcase name="TC_06" time="2.351" classname="scenarios.GEO.v1.GeoOrgStdPut"/>
  <testcase name="TC_14" time="1.234" classname="scenarios.GEO.v1.GeoOrgStdPut"/>
  <testcase name="TC_04" time="1.278" classname="scenarios.GEO.v1.GeoOrgStdPut"/>
  <testcase name="TC_05" time="1.271" classname="scenarios.GEO.v1.GeoOrgStdPut"/>
  <testcase name="TC_03" time="2.179" classname="scenarios.GEO.v1.GeoOrgStdPut"/>
  <testcase name="TC_17" time="9.450" classname="scenarios.GEO.v1.GeoOrgStdPut"/>
  <testcase name="TC_11" time="1.816" classname="scenarios.GEO.v1.GeoOrgStdPut"/>
  <testcase name="TC_01" time="5.094" classname="scenarios.GEO.v1.GeoOrgStdPut"/>
  <testcase name="TC_16" time="1.121" classname="scenarios.GEO.v1.GeoOrgStdPut"/>
  <testcase name="TC_13" time="1.393" classname="scenarios.GEO.v1.GeoOrgStdPut"/>
  <testcase name="TC_08" time="1.278" classname="scenarios.GEO.v1.GeoOrgStdPut"/>
  <testcase name="TC_02" time="1.262" classname="scenarios.GEO.v1.GeoOrgStdPut"/>
  <testcase name="TC_09" time="1.459" classname="scenarios.GEO.v1.GeoOrgStdPut"/>
  <testcase name="TC_10" time="1.519" classname="scenarios.GEO.v1.GeoOrgStdPut"/>
  <testcase name="TC_12" time="1.411" classname="scenarios.GEO.v1.GeoOrgStdPut"/>
  <testcase name="TC_07" time="1.424" classname="scenarios.GEO.v1.GeoOrgStdPut"/>
</testsuite> <!-- scenarios.GEO.v1.GeoOrgStdPut -->
