<?xml version="1.0" encoding="UTF-8"?>
<!-- Generated by org.testng.reporters.JUnitReportReporter -->
<testsuite hostname="SYN-FLX-001" name="scenarios.GEO.UomTypePut" tests="17" failures="0" timestamp="14 Aug 2019 06:59:40 GMT" time="27.681" errors="0">
  <testcase name="TC_06" time="0.903" classname="scenarios.GEO.UomTypePut"/>
  <testcase name="TC_16" time="1.431" classname="scenarios.GEO.UomTypePut"/>
  <testcase name="TC_14" time="1.066" classname="scenarios.GEO.UomTypePut"/>
  <testcase name="TC_09" time="0.983" classname="scenarios.GEO.UomTypePut"/>
  <testcase name="TC_03" time="1.689" classname="scenarios.GEO.UomTypePut"/>
  <testcase name="TC_01" time="5.524" classname="scenarios.GEO.UomTypePut"/>
  <testcase name="TC_15" time="2.234" classname="scenarios.GEO.UomTypePut"/>
  <testcase name="TC_08" time="2.203" classname="scenarios.GEO.UomTypePut"/>
  <testcase name="TC_10" time="1.139" classname="scenarios.GEO.UomTypePut"/>
  <testcase name="TC_02" time="0.957" classname="scenarios.GEO.UomTypePut"/>
  <testcase name="TC_12" time="0.980" classname="scenarios.GEO.UomTypePut"/>
  <testcase name="TC_17" time="2.319" classname="scenarios.GEO.UomTypePut"/>
  <testcase name="TC_07" time="1.007" classname="scenarios.GEO.UomTypePut"/>
  <testcase name="TC_04" time="2.275" classname="scenarios.GEO.UomTypePut"/>
  <testcase name="TC_11" time="1.163" classname="scenarios.GEO.UomTypePut"/>
  <testcase name="TC_05" time="0.867" classname="scenarios.GEO.UomTypePut"/>
  <testcase name="TC_13" time="0.941" classname="scenarios.GEO.UomTypePut"/>
</testsuite> <!-- scenarios.GEO.UomTypePut -->
