<?xml version="1.0" encoding="UTF-8"?>
<!-- Generated by org.testng.reporters.JUnitReportReporter -->
<testsuite hostname="SYN-FLX-005" name="scenarios.GEO.v1.AffilTypePut" tests="15" failures="0" timestamp="27 Jul 2020 09:14:14 GMT" time="36.016" errors="0">
  <testcase name="TC_13" time="1.415" classname="scenarios.GEO.v1.AffilTypePut"/>
  <testcase name="TC_01" time="6.046" classname="scenarios.GEO.v1.AffilTypePut"/>
  <testcase name="TC_08" time="1.125" classname="scenarios.GEO.v1.AffilTypePut"/>
  <testcase name="TC_07" time="1.287" classname="scenarios.GEO.v1.AffilTypePut"/>
  <testcase name="TC_09" time="1.345" classname="scenarios.GEO.v1.AffilTypePut"/>
  <testcase name="TC_10" time="1.314" classname="scenarios.GEO.v1.AffilTypePut"/>
  <testcase name="TC_05" time="1.964" classname="scenarios.GEO.v1.AffilTypePut"/>
  <testcase name="TC_02" time="1.290" classname="scenarios.GEO.v1.AffilTypePut"/>
  <testcase name="TC_14" time="1.240" classname="scenarios.GEO.v1.AffilTypePut"/>
  <testcase name="TC_03" time="2.582" classname="scenarios.GEO.v1.AffilTypePut"/>
  <testcase name="TC_15" time="9.742" classname="scenarios.GEO.v1.AffilTypePut"/>
  <testcase name="TC_04" time="1.428" classname="scenarios.GEO.v1.AffilTypePut"/>
  <testcase name="TC_12" time="1.422" classname="scenarios.GEO.v1.AffilTypePut"/>
  <testcase name="TC_11" time="1.166" classname="scenarios.GEO.v1.AffilTypePut"/>
  <testcase name="TC_06" time="2.650" classname="scenarios.GEO.v1.AffilTypePut"/>
</testsuite> <!-- scenarios.GEO.v1.AffilTypePut -->
