<?xml version="1.0" encoding="UTF-8"?>
<!-- Generated by org.testng.reporters.JUnitReportReporter -->
<testsuite hostname="SYN-FLX-005" name="scenarios.GEO.v1.StProvStdPut" tests="27" failures="0" timestamp="27 Jul 2020 12:21:41 GMT" time="65.477" errors="0">
  <testcase name="TC_07" time="1.332" classname="scenarios.GEO.v1.StProvStdPut"/>
  <testcase name="TC_27" time="10.577" classname="scenarios.GEO.v1.StProvStdPut"/>
  <testcase name="TC_19" time="1.322" classname="scenarios.GEO.v1.StProvStdPut"/>
  <testcase name="TC_16" time="1.380" classname="scenarios.GEO.v1.StProvStdPut"/>
  <testcase name="TC_11" time="1.411" classname="scenarios.GEO.v1.StProvStdPut"/>
  <testcase name="TC_25" time="1.318" classname="scenarios.GEO.v1.StProvStdPut"/>
  <testcase name="TC_17" time="1.397" classname="scenarios.GEO.v1.StProvStdPut"/>
  <testcase name="TC_21" time="1.522" classname="scenarios.GEO.v1.StProvStdPut"/>
  <testcase name="TC_04" time="2.754" classname="scenarios.GEO.v1.StProvStdPut"/>
  <testcase name="TC_05" time="1.364" classname="scenarios.GEO.v1.StProvStdPut"/>
  <testcase name="TC_10" time="2.439" classname="scenarios.GEO.v1.StProvStdPut"/>
  <testcase name="TC_23" time="1.313" classname="scenarios.GEO.v1.StProvStdPut"/>
  <testcase name="TC_22" time="1.296" classname="scenarios.GEO.v1.StProvStdPut"/>
  <testcase name="TC_24" time="1.412" classname="scenarios.GEO.v1.StProvStdPut"/>
  <testcase name="TC_26" time="1.346" classname="scenarios.GEO.v1.StProvStdPut"/>
  <testcase name="TC_09" time="1.336" classname="scenarios.GEO.v1.StProvStdPut"/>
  <testcase name="TC_06" time="2.568" classname="scenarios.GEO.v1.StProvStdPut"/>
  <testcase name="TC_02" time="1.740" classname="scenarios.GEO.v1.StProvStdPut"/>
  <testcase name="TC_14" time="1.339" classname="scenarios.GEO.v1.StProvStdPut"/>
  <testcase name="TC_12" time="1.419" classname="scenarios.GEO.v1.StProvStdPut"/>
  <testcase name="TC_18" time="1.361" classname="scenarios.GEO.v1.StProvStdPut"/>
  <testcase name="TC_20" time="1.285" classname="scenarios.GEO.v1.StProvStdPut"/>
  <testcase name="TC_08" time="1.281" classname="scenarios.GEO.v1.StProvStdPut"/>
  <testcase name="TC_01" time="14.287" classname="scenarios.GEO.v1.StProvStdPut"/>
  <testcase name="TC_13" time="2.630" classname="scenarios.GEO.v1.StProvStdPut"/>
  <testcase name="TC_15" time="2.713" classname="scenarios.GEO.v1.StProvStdPut"/>
  <testcase name="TC_03" time="1.335" classname="scenarios.GEO.v1.StProvStdPut"/>
</testsuite> <!-- scenarios.GEO.v1.StProvStdPut -->
