<?xml version="1.0" encoding="UTF-8"?>
<!-- Generated by org.testng.reporters.JUnitReportReporter -->
<testsuite hostname="SYN-FLX-001" name="scenarios.GEO.v1.GeoOrgStdGraphQL" tests="4" failures="0" timestamp="16 Jun 2020 16:46:02 GMT" time="17.430" errors="0">
  <testcase name="TC_04" time="3.204" classname="scenarios.GEO.v1.GeoOrgStdGraphQL"/>
  <testcase name="TC_01" time="9.689" classname="scenarios.GEO.v1.GeoOrgStdGraphQL"/>
  <testcase name="TC_02" time="3.063" classname="scenarios.GEO.v1.GeoOrgStdGraphQL"/>
  <testcase name="TC_03" time="1.474" classname="scenarios.GEO.v1.GeoOrgStdGraphQL"/>
</testsuite> <!-- scenarios.GEO.v1.GeoOrgStdGraphQL -->
