<?xml version="1.0" encoding="UTF-8"?>
<!-- Generated by org.testng.reporters.JUnitReportReporter -->
<testsuite hostname="SYN-FLX-005" name="scenarios.GEO.v1.AddressLabelsPost" tests="1" failures="0" timestamp="9 Sep 2020 17:59:19 GMT" time="77.226" errors="0">
  <testcase name="TC_31" time="77.226" classname="scenarios.GEO.v1.AddressLabelsPost"/>
</testsuite> <!-- scenarios.GEO.v1.AddressLabelsPost -->
