<?xml version="1.0" encoding="UTF-8"?>
<!-- Generated by org.testng.reporters.JUnitReportReporter -->
<testsuite hostname="SYN-FLX-005" name="scenarios.GEO.v1.ScriptGet" tests="1" failures="0" timestamp="30 Jul 2020 09:18:46 GMT" time="27.955" errors="0">
  <testcase name="TC_05" time="27.955" classname="scenarios.GEO.v1.ScriptGet"/>
</testsuite> <!-- scenarios.GEO.v1.ScriptGet -->
