<?xml version="1.0" encoding="UTF-8"?>
<!-- Generated by org.testng.reporters.JUnitReportReporter -->
<testsuite hostname="SYN-FLX-001" name="scenarios.GEO.v1.ScriptGraphQL" tests="6" failures="0" timestamp="16 Jun 2020 17:17:30 GMT" time="16.521" errors="0">
  <testcase name="TC_01" time="6.178" classname="scenarios.GEO.v1.ScriptGraphQL"/>
  <testcase name="TC_02" time="2.947" classname="scenarios.GEO.v1.ScriptGraphQL"/>
  <testcase name="TC_04" time="1.267" classname="scenarios.GEO.v1.ScriptGraphQL"/>
  <testcase name="TC_05" time="1.418" classname="scenarios.GEO.v1.ScriptGraphQL"/>
  <testcase name="TC_06" time="1.927" classname="scenarios.GEO.v1.ScriptGraphQL"/>
  <testcase name="TC_03" time="2.784" classname="scenarios.GEO.v1.ScriptGraphQL"/>
</testsuite> <!-- scenarios.GEO.v1.ScriptGraphQL -->
