<?xml version="1.0" encoding="UTF-8"?>
<!-- Generated by org.testng.reporters.JUnitReportReporter -->
<testsuite hostname="SYN-FLX-001" name="scenarios.GEO.AffilTypePost" tests="1" failures="0" timestamp="22 Jan 2020 09:54:43 GMT" time="5.400" errors="0">
  <testcase name="TC_01" time="5.400" classname="scenarios.GEO.AffilTypePost"/>
</testsuite> <!-- scenarios.GEO.AffilTypePost -->
