<?xml version="1.0" encoding="UTF-8"?>
<!-- Generated by org.testng.reporters.JUnitReportReporter -->
<testsuite skipped="0" hostname="COS-3572253-L1" name="scenarios.LOC.LocTypeGet" tests="1" failures="0" timestamp="31 May 2019 17:39:43 GMT" time="91.001" errors="0">
  <testcase name="TC_Get" time="91.001" classname="scenarios.LOC.LocTypeGet"/>
</testsuite> <!-- scenarios.LOC.LocTypeGet -->
