<?xml version="1.0" encoding="UTF-8"?>
<!-- Generated by org.testng.reporters.JUnitReportReporter -->
<testsuite hostname="SYN-FLX-005" name="scenarios.GEO.v1.DepnCountryRltspPost" tests="13" failures="0" timestamp="9 Sep 2020 13:48:57 GMT" time="29.734" errors="0">
  <testcase name="TC_04" time="1.317" classname="scenarios.GEO.v1.DepnCountryRltspPost"/>
  <testcase name="TC_09" time="1.410" classname="scenarios.GEO.v1.DepnCountryRltspPost"/>
  <testcase name="TC_05" time="1.289" classname="scenarios.GEO.v1.DepnCountryRltspPost"/>
  <testcase name="TC_12" time="1.258" classname="scenarios.GEO.v1.DepnCountryRltspPost"/>
  <testcase name="TC_06" time="1.238" classname="scenarios.GEO.v1.DepnCountryRltspPost"/>
  <testcase name="TC_08" time="1.017" classname="scenarios.GEO.v1.DepnCountryRltspPost"/>
  <testcase name="TC_03" time="1.318" classname="scenarios.GEO.v1.DepnCountryRltspPost"/>
  <testcase name="TC_01" time="5.395" classname="scenarios.GEO.v1.DepnCountryRltspPost"/>
  <testcase name="TC_11" time="1.378" classname="scenarios.GEO.v1.DepnCountryRltspPost"/>
  <testcase name="TC_02" time="1.398" classname="scenarios.GEO.v1.DepnCountryRltspPost"/>
  <testcase name="TC_10" time="1.263" classname="scenarios.GEO.v1.DepnCountryRltspPost"/>
  <testcase name="TC_13" time="10.102" classname="scenarios.GEO.v1.DepnCountryRltspPost"/>
  <testcase name="TC_07" time="1.351" classname="scenarios.GEO.v1.DepnCountryRltspPost"/>
</testsuite> <!-- scenarios.GEO.v1.DepnCountryRltspPost -->
