<?xml version="1.0" encoding="UTF-8"?>
<!-- Generated by org.testng.reporters.JUnitReportReporter -->
<testsuite hostname="SYN-FLX-001" name="scenarios.GEO.v1.GeoRltspGet" tests="24" failures="0" timestamp="21 Apr 2020 14:10:12 GMT" time="81.842" errors="0">
  <testcase name="TC_05" time="5.623" classname="scenarios.GEO.v1.GeoRltspGet"/>
  <testcase name="TC_08" time="2.714" classname="scenarios.GEO.v1.GeoRltspGet"/>
  <testcase name="TC_07" time="2.882" classname="scenarios.GEO.v1.GeoRltspGet"/>
  <testcase name="TC_20" time="2.416" classname="scenarios.GEO.v1.GeoRltspGet"/>
  <testcase name="TC_23" time="2.155" classname="scenarios.GEO.v1.GeoRltspGet"/>
  <testcase name="TC_11" time="2.402" classname="scenarios.GEO.v1.GeoRltspGet"/>
  <testcase name="TC_14" time="2.785" classname="scenarios.GEO.v1.GeoRltspGet"/>
  <testcase name="TC_19" time="3.032" classname="scenarios.GEO.v1.GeoRltspGet"/>
  <testcase name="TC_10" time="2.712" classname="scenarios.GEO.v1.GeoRltspGet"/>
  <testcase name="TC_03" time="4.852" classname="scenarios.GEO.v1.GeoRltspGet"/>
  <testcase name="TC_06" time="2.345" classname="scenarios.GEO.v1.GeoRltspGet"/>
  <testcase name="TC_01" time="12.720" classname="scenarios.GEO.v1.GeoRltspGet"/>
  <testcase name="TC_21" time="2.170" classname="scenarios.GEO.v1.GeoRltspGet"/>
  <testcase name="TC_16" time="2.774" classname="scenarios.GEO.v1.GeoRltspGet"/>
  <testcase name="TC_24" time="1.658" classname="scenarios.GEO.v1.GeoRltspGet"/>
  <testcase name="TC_09" time="2.601" classname="scenarios.GEO.v1.GeoRltspGet"/>
  <testcase name="TC_17" time="3.374" classname="scenarios.GEO.v1.GeoRltspGet"/>
  <testcase name="TC_13" time="2.560" classname="scenarios.GEO.v1.GeoRltspGet"/>
  <testcase name="TC_18" time="2.141" classname="scenarios.GEO.v1.GeoRltspGet"/>
  <testcase name="TC_22" time="2.468" classname="scenarios.GEO.v1.GeoRltspGet"/>
  <testcase name="TC_15" time="2.764" classname="scenarios.GEO.v1.GeoRltspGet"/>
  <testcase name="TC_04" time="5.547" classname="scenarios.GEO.v1.GeoRltspGet"/>
  <testcase name="TC_02" time="4.688" classname="scenarios.GEO.v1.GeoRltspGet"/>
  <testcase name="TC_12" time="2.459" classname="scenarios.GEO.v1.GeoRltspGet"/>
</testsuite> <!-- scenarios.GEO.v1.GeoRltspGet -->
