<?xml version="1.0" encoding="UTF-8"?>
<!-- Generated by org.testng.reporters.JUnitReportReporter -->
<testsuite hostname="SYN-FLX-005" name="scenarios.GEO.v1.ScriptGraphQL" tests="6" failures="0" timestamp="14 Jul 2020 08:22:06 GMT" time="16.389" errors="0">
  <testcase name="TC_01" time="6.799" classname="scenarios.GEO.v1.ScriptGraphQL"/>
  <testcase name="TC_04" time="1.399" classname="scenarios.GEO.v1.ScriptGraphQL"/>
  <testcase name="TC_03" time="2.692" classname="scenarios.GEO.v1.ScriptGraphQL"/>
  <testcase name="TC_02" time="2.708" classname="scenarios.GEO.v1.ScriptGraphQL"/>
  <testcase name="TC_05" time="1.372" classname="scenarios.GEO.v1.ScriptGraphQL"/>
  <testcase name="TC_06" time="1.419" classname="scenarios.GEO.v1.ScriptGraphQL"/>
</testsuite> <!-- scenarios.GEO.v1.ScriptGraphQL -->
