<?xml version="1.0" encoding="UTF-8"?>
<!-- Generated by org.testng.reporters.JUnitReportReporter -->
<testsuite hostname="SYN-FLX-005" name="scenarios.GEO.v1.GeoOrgStdGraphQL" tests="4" failures="0" timestamp="14 Jul 2020 07:49:54 GMT" time="14.450" errors="0">
  <testcase name="TC_04" time="1.416" classname="scenarios.GEO.v1.GeoOrgStdGraphQL"/>
  <testcase name="TC_03" time="1.534" classname="scenarios.GEO.v1.GeoOrgStdGraphQL"/>
  <testcase name="TC_02" time="2.830" classname="scenarios.GEO.v1.GeoOrgStdGraphQL"/>
  <testcase name="TC_01" time="8.670" classname="scenarios.GEO.v1.GeoOrgStdGraphQL"/>
</testsuite> <!-- scenarios.GEO.v1.GeoOrgStdGraphQL -->
