<?xml version="1.0" encoding="UTF-8"?>
<!-- Generated by org.testng.reporters.JUnitReportReporter -->
<testsuite hostname="SYN-FLX-001" name="cIcD.testrun.RunTestNG" tests="1" failures="0" timestamp="12 Mar 2020 16:47:34 GMT" time="89.886" errors="0">
  <testcase name="TC_01" time="89.886" classname="cIcD.testrun.RunTestNG"/>
</testsuite> <!-- cIcD.testrun.RunTestNG -->
