<?xml version="1.0" encoding="UTF-8"?>
<!-- Generated by org.testng.reporters.JUnitReportReporter -->
<testsuite hostname="SYN-FLX-005" name="scenarios.GEO.v1.LanguageGet" tests="6" failures="0" timestamp="27 Jul 2020 08:19:20 GMT" time="31.953" errors="0">
  <testcase name="TC_02" time="6.443" classname="scenarios.GEO.v1.LanguageGet"/>
  <testcase name="TC_05" time="2.418" classname="scenarios.GEO.v1.LanguageGet"/>
  <testcase name="TC_04" time="2.651" classname="scenarios.GEO.v1.LanguageGet"/>
  <testcase name="TC_01" time="13.663" classname="scenarios.GEO.v1.LanguageGet"/>
  <testcase name="TC_06" time="3.363" classname="scenarios.GEO.v1.LanguageGet"/>
  <testcase name="TC_03" time="3.415" classname="scenarios.GEO.v1.LanguageGet"/>
</testsuite> <!-- scenarios.GEO.v1.LanguageGet -->
