<?xml version="1.0" encoding="UTF-8"?>
<!-- Generated by org.testng.reporters.JUnitReportReporter -->
<testsuite hostname="SYN-FLX-001" name="scenarios.GEO.v1.MonthOfYearGraphQL" tests="3" failures="0" timestamp="16 Jun 2020 16:52:13 GMT" time="10.024" errors="0">
  <testcase name="TC_02" time="2.016" classname="scenarios.GEO.v1.MonthOfYearGraphQL"/>
  <testcase name="TC_01" time="6.633" classname="scenarios.GEO.v1.MonthOfYearGraphQL"/>
  <testcase name="TC_03" time="1.375" classname="scenarios.GEO.v1.MonthOfYearGraphQL"/>
</testsuite> <!-- scenarios.GEO.v1.MonthOfYearGraphQL -->
