<?xml version="1.0" encoding="UTF-8"?>
<!-- Generated by org.testng.reporters.JUnitReportReporter -->
<testsuite skipped="0" hostname="COS-3572253-L1" name="scenarios.GEO.GeoRltspGet" tests="24" failures="0" timestamp="24 Jul 2019 17:42:52 GMT" time="106.352" errors="0">
  <testcase name="TC_24" time="0.578" classname="scenarios.GEO.GeoRltspGet"/>
  <testcase name="TC_21" time="1.056" classname="scenarios.GEO.GeoRltspGet"/>
  <testcase name="TC_14" time="4.310" classname="scenarios.GEO.GeoRltspGet"/>
  <testcase name="TC_04" time="8.219" classname="scenarios.GEO.GeoRltspGet"/>
  <testcase name="TC_01" time="21.220" classname="scenarios.GEO.GeoRltspGet"/>
  <testcase name="TC_23" time="1.249" classname="scenarios.GEO.GeoRltspGet"/>
  <testcase name="TC_08" time="1.301" classname="scenarios.GEO.GeoRltspGet"/>
  <testcase name="TC_02" time="11.998" classname="scenarios.GEO.GeoRltspGet"/>
  <testcase name="TC_15" time="1.272" classname="scenarios.GEO.GeoRltspGet"/>
  <testcase name="TC_09" time="1.313" classname="scenarios.GEO.GeoRltspGet"/>
  <testcase name="TC_10" time="1.165" classname="scenarios.GEO.GeoRltspGet"/>
  <testcase name="TC_07" time="7.241" classname="scenarios.GEO.GeoRltspGet"/>
  <testcase name="TC_11" time="1.205" classname="scenarios.GEO.GeoRltspGet"/>
  <testcase name="TC_16" time="1.286" classname="scenarios.GEO.GeoRltspGet"/>
  <testcase name="TC_19" time="0.984" classname="scenarios.GEO.GeoRltspGet"/>
  <testcase name="TC_22" time="0.961" classname="scenarios.GEO.GeoRltspGet"/>
  <testcase name="TC_12" time="4.041" classname="scenarios.GEO.GeoRltspGet"/>
  <testcase name="TC_18" time="1.025" classname="scenarios.GEO.GeoRltspGet"/>
  <testcase name="TC_03" time="11.210" classname="scenarios.GEO.GeoRltspGet"/>
  <testcase name="TC_20" time="0.970" classname="scenarios.GEO.GeoRltspGet"/>
  <testcase name="TC_05" time="13.831" classname="scenarios.GEO.GeoRltspGet"/>
  <testcase name="TC_06" time="1.290" classname="scenarios.GEO.GeoRltspGet"/>
  <testcase name="TC_13" time="7.394" classname="scenarios.GEO.GeoRltspGet"/>
  <testcase name="TC_17" time="1.233" classname="scenarios.GEO.GeoRltspGet"/>
</testsuite> <!-- scenarios.GEO.GeoRltspGet -->
