<?xml version="1.0" encoding="UTF-8"?>
<!-- Generated by org.testng.reporters.JUnitReportReporter -->
<testsuite hostname="SYN-FLX-001" name="scenarios.GEO.v1.MonthOfYearPut" tests="22" failures="0" timestamp="18 Jun 2020 17:47:32 GMT" time="47.596" errors="0">
  <testcase name="TC_18" time="1.456" classname="scenarios.GEO.v1.MonthOfYearPut"/>
  <testcase name="TC_13" time="1.421" classname="scenarios.GEO.v1.MonthOfYearPut"/>
  <testcase name="TC_12" time="3.465" classname="scenarios.GEO.v1.MonthOfYearPut"/>
  <testcase name="TC_16" time="1.415" classname="scenarios.GEO.v1.MonthOfYearPut"/>
  <testcase name="TC_11" time="1.531" classname="scenarios.GEO.v1.MonthOfYearPut"/>
  <testcase name="TC_19" time="1.959" classname="scenarios.GEO.v1.MonthOfYearPut"/>
  <testcase name="TC_10" time="1.453" classname="scenarios.GEO.v1.MonthOfYearPut"/>
  <testcase name="TC_20" time="2.366" classname="scenarios.GEO.v1.MonthOfYearPut"/>
  <testcase name="TC_08" time="1.662" classname="scenarios.GEO.v1.MonthOfYearPut"/>
  <testcase name="TC_14" time="1.420" classname="scenarios.GEO.v1.MonthOfYearPut"/>
  <testcase name="TC_17" time="1.309" classname="scenarios.GEO.v1.MonthOfYearPut"/>
  <testcase name="TC_07" time="1.411" classname="scenarios.GEO.v1.MonthOfYearPut"/>
  <testcase name="TC_01" time="5.182" classname="scenarios.GEO.v1.MonthOfYearPut"/>
  <testcase name="TC_21" time="1.358" classname="scenarios.GEO.v1.MonthOfYearPut"/>
  <testcase name="TC_04" time="1.545" classname="scenarios.GEO.v1.MonthOfYearPut"/>
  <testcase name="TC_09" time="1.789" classname="scenarios.GEO.v1.MonthOfYearPut"/>
  <testcase name="TC_05" time="1.334" classname="scenarios.GEO.v1.MonthOfYearPut"/>
  <testcase name="TC_15" time="1.359" classname="scenarios.GEO.v1.MonthOfYearPut"/>
  <testcase name="TC_06" time="1.472" classname="scenarios.GEO.v1.MonthOfYearPut"/>
  <testcase name="TC_03" time="1.440" classname="scenarios.GEO.v1.MonthOfYearPut"/>
  <testcase name="TC_02" time="1.532" classname="scenarios.GEO.v1.MonthOfYearPut"/>
  <testcase name="TC_22" time="9.717" classname="scenarios.GEO.v1.MonthOfYearPut"/>
</testsuite> <!-- scenarios.GEO.v1.MonthOfYearPut -->
