<?xml version="1.0" encoding="UTF-8"?>
<!-- Generated by org.testng.reporters.JUnitReportReporter -->
<testsuite hostname="SYN-FLX-005" name="scenarios.GEO.v1.GeoTypePost" tests="14" failures="0" timestamp="27 Jul 2020 11:41:55 GMT" time="32.090" errors="0">
  <testcase name="TC_02" time="1.563" classname="scenarios.GEO.v1.GeoTypePost"/>
  <testcase name="TC_13" time="1.313" classname="scenarios.GEO.v1.GeoTypePost"/>
  <testcase name="TC_06" time="1.435" classname="scenarios.GEO.v1.GeoTypePost"/>
  <testcase name="TC_09" time="1.299" classname="scenarios.GEO.v1.GeoTypePost"/>
  <testcase name="TC_05" time="1.563" classname="scenarios.GEO.v1.GeoTypePost"/>
  <testcase name="TC_01" time="5.187" classname="scenarios.GEO.v1.GeoTypePost"/>
  <testcase name="TC_03" time="1.218" classname="scenarios.GEO.v1.GeoTypePost"/>
  <testcase name="TC_08" time="1.877" classname="scenarios.GEO.v1.GeoTypePost"/>
  <testcase name="TC_10" time="1.517" classname="scenarios.GEO.v1.GeoTypePost"/>
  <testcase name="TC_12" time="1.303" classname="scenarios.GEO.v1.GeoTypePost"/>
  <testcase name="TC_07" time="1.427" classname="scenarios.GEO.v1.GeoTypePost"/>
  <testcase name="TC_11" time="1.397" classname="scenarios.GEO.v1.GeoTypePost"/>
  <testcase name="TC_14" time="9.717" classname="scenarios.GEO.v1.GeoTypePost"/>
  <testcase name="TC_04" time="1.274" classname="scenarios.GEO.v1.GeoTypePost"/>
</testsuite> <!-- scenarios.GEO.v1.GeoTypePost -->
