<?xml version="1.0" encoding="UTF-8"?>
<!-- Generated by org.testng.reporters.JUnitReportReporter -->
<testsuite hostname="SYN-FLX-001" name="scenarios.GEO.DepnCountryRltspTypeGet" tests="1" failures="0" timestamp="22 Jan 2020 11:36:33 GMT" time="10.689" errors="0">
  <testcase name="TC_01" time="10.689" classname="scenarios.GEO.DepnCountryRltspTypeGet"/>
</testsuite> <!-- scenarios.GEO.DepnCountryRltspTypeGet -->
