<?xml version="1.0" encoding="UTF-8"?>
<!-- Generated by org.testng.reporters.JUnitReportReporter -->
<testsuite hostname="SYN-FLX-005" name="scenarios.GEO.v1.DepnCountryRltspPost" tests="13" failures="0" timestamp="27 Jul 2020 11:09:55 GMT" time="32.309" errors="0">
  <testcase name="TC_04" time="1.375" classname="scenarios.GEO.v1.DepnCountryRltspPost"/>
  <testcase name="TC_09" time="1.413" classname="scenarios.GEO.v1.DepnCountryRltspPost"/>
  <testcase name="TC_05" time="1.376" classname="scenarios.GEO.v1.DepnCountryRltspPost"/>
  <testcase name="TC_12" time="1.591" classname="scenarios.GEO.v1.DepnCountryRltspPost"/>
  <testcase name="TC_06" time="1.429" classname="scenarios.GEO.v1.DepnCountryRltspPost"/>
  <testcase name="TC_08" time="1.306" classname="scenarios.GEO.v1.DepnCountryRltspPost"/>
  <testcase name="TC_03" time="1.421" classname="scenarios.GEO.v1.DepnCountryRltspPost"/>
  <testcase name="TC_01" time="5.978" classname="scenarios.GEO.v1.DepnCountryRltspPost"/>
  <testcase name="TC_11" time="1.468" classname="scenarios.GEO.v1.DepnCountryRltspPost"/>
  <testcase name="TC_02" time="1.405" classname="scenarios.GEO.v1.DepnCountryRltspPost"/>
  <testcase name="TC_10" time="1.292" classname="scenarios.GEO.v1.DepnCountryRltspPost"/>
  <testcase name="TC_13" time="10.729" classname="scenarios.GEO.v1.DepnCountryRltspPost"/>
  <testcase name="TC_07" time="1.526" classname="scenarios.GEO.v1.DepnCountryRltspPost"/>
</testsuite> <!-- scenarios.GEO.v1.DepnCountryRltspPost -->
