<?xml version="1.0" encoding="UTF-8"?>
<!-- Generated by org.testng.reporters.JUnitReportReporter -->
<testsuite skipped="0" hostname="COS-3572253-L1" name="scenarios.GEO.DepnCountryRltspGet" tests="5" failures="0" timestamp="18 Jul 2019 21:25:54 GMT" time="13.749" errors="0">
  <testcase name="TC_02" time="0.906" classname="scenarios.GEO.DepnCountryRltspGet"/>
  <testcase name="TC_04" time="0.892" classname="scenarios.GEO.DepnCountryRltspGet"/>
  <testcase name="TC_03" time="1.567" classname="scenarios.GEO.DepnCountryRltspGet"/>
  <testcase name="TC_01" time="9.674" classname="scenarios.GEO.DepnCountryRltspGet"/>
  <testcase name="TC_05" time="0.710" classname="scenarios.GEO.DepnCountryRltspGet"/>
</testsuite> <!-- scenarios.GEO.DepnCountryRltspGet -->
