<?xml version="1.0" encoding="UTF-8"?>
<!-- Generated by org.testng.reporters.JUnitReportReporter -->
<testsuite hostname="SYN-FLX-001" name="scenarios.GEO.CountryPut" tests="112" failures="1" timestamp="20 Aug 2019 07:05:07 GMT" time="987.906" errors="0">
  <testcase name="TC_55" time="1.319" classname="scenarios.GEO.CountryPut"/>
  <testcase name="TC_67" time="14.348" classname="scenarios.GEO.CountryPut"/>
  <testcase name="TC_18" time="14.208" classname="scenarios.GEO.CountryPut"/>
  <testcase name="TC_29" time="14.140" classname="scenarios.GEO.CountryPut"/>
  <testcase name="TC_38" time="13.919" classname="scenarios.GEO.CountryPut"/>
  <testcase name="TC_98" time="15.609" classname="scenarios.GEO.CountryPut"/>
  <testcase name="TC_57" time="1.061" classname="scenarios.GEO.CountryPut"/>
  <testcase name="TC_43" time="14.265" classname="scenarios.GEO.CountryPut"/>
  <testcase name="TC_59" time="14.041" classname="scenarios.GEO.CountryPut"/>
  <testcase name="TC_30" time="0.945" classname="scenarios.GEO.CountryPut"/>
  <testcase name="TC_70" time="1.046" classname="scenarios.GEO.CountryPut"/>
  <testcase name="TC_107" time="0.903" classname="scenarios.GEO.CountryPut"/>
  <testcase name="TC_21" time="14.064" classname="scenarios.GEO.CountryPut"/>
  <testcase name="TC_48" time="14.334" classname="scenarios.GEO.CountryPut"/>
  <testcase name="TC_79" time="1.086" classname="scenarios.GEO.CountryPut"/>
  <testcase name="TC_82" time="1.040" classname="scenarios.GEO.CountryPut"/>
  <testcase name="TC_60" time="14.630" classname="scenarios.GEO.CountryPut"/>
  <testcase name="TC_102" time="16.247" classname="scenarios.GEO.CountryPut"/>
  <testcase name="TC_86" time="18.105" classname="scenarios.GEO.CountryPut"/>
  <testcase name="TC_13" time="14.440" classname="scenarios.GEO.CountryPut"/>
  <testcase name="TC_76" time="0.874" classname="scenarios.GEO.CountryPut"/>
  <testcase name="TC_11" time="14.380" classname="scenarios.GEO.CountryPut"/>
  <testcase name="TC_09" time="14.602" classname="scenarios.GEO.CountryPut"/>
  <testcase name="TC_94" time="1.042" classname="scenarios.GEO.CountryPut"/>
  <testcase name="TC_63" time="14.011" classname="scenarios.GEO.CountryPut"/>
  <testcase name="TC_01" time="18.422" classname="scenarios.GEO.CountryPut"/>
  <testcase name="TC_77" time="16.529" classname="scenarios.GEO.CountryPut"/>
  <testcase name="TC_62" time="13.839" classname="scenarios.GEO.CountryPut"/>
  <testcase name="TC_15" time="14.075" classname="scenarios.GEO.CountryPut"/>
  <testcase name="TC_92" time="15.491" classname="scenarios.GEO.CountryPut"/>
  <testcase name="TC_69" time="14.440" classname="scenarios.GEO.CountryPut"/>
  <testcase name="TC_03" time="0.907" classname="scenarios.GEO.CountryPut"/>
  <testcase name="TC_103" time="0.894" classname="scenarios.GEO.CountryPut"/>
  <testcase name="TC_91" time="1.003" classname="scenarios.GEO.CountryPut"/>
  <testcase name="TC_65" time="14.387" classname="scenarios.GEO.CountryPut"/>
  <testcase name="TC_108" time="14.201" classname="scenarios.GEO.CountryPut"/>
  <testcase name="TC_81" time="17.292" classname="scenarios.GEO.CountryPut"/>
  <testcase name="TC_112" time="0.945" classname="scenarios.GEO.CountryPut"/>
  <testcase name="TC_110" time="0.907" classname="scenarios.GEO.CountryPut"/>
  <testcase name="TC_42" time="14.298" classname="scenarios.GEO.CountryPut"/>
  <testcase name="TC_16" time="0.914" classname="scenarios.GEO.CountryPut"/>
  <testcase name="TC_14" time="0.949" classname="scenarios.GEO.CountryPut"/>
  <testcase name="TC_41" time="13.835" classname="scenarios.GEO.CountryPut"/>
  <testcase name="TC_24" time="0.922" classname="scenarios.GEO.CountryPut"/>
  <testcase name="TC_84" time="1.128" classname="scenarios.GEO.CountryPut"/>
  <testcase name="TC_23" time="13.910" classname="scenarios.GEO.CountryPut"/>
  <testcase name="TC_51" time="14.866" classname="scenarios.GEO.CountryPut"/>
  <testcase name="TC_72" time="16.379" classname="scenarios.GEO.CountryPut"/>
  <testcase name="TC_87" time="1.224" classname="scenarios.GEO.CountryPut"/>
  <testcase name="TC_19" time="15.326" classname="scenarios.GEO.CountryPut"/>
  <testcase name="TC_78" time="1.105" classname="scenarios.GEO.CountryPut"/>
  <testcase name="TC_111" time="0.945" classname="scenarios.GEO.CountryPut"/>
  <testcase name="TC_104" time="16.095" classname="scenarios.GEO.CountryPut"/>
  <testcase name="TC_07" time="14.060" classname="scenarios.GEO.CountryPut"/>
  <testcase name="TC_08" time="13.908" classname="scenarios.GEO.CountryPut"/>
  <testcase name="TC_20" time="14.656" classname="scenarios.GEO.CountryPut"/>
  <testcase name="TC_36" time="0.892" classname="scenarios.GEO.CountryPut"/>
  <testcase name="TC_83" time="16.343" classname="scenarios.GEO.CountryPut"/>
  <testcase name="TC_17" time="1.031" classname="scenarios.GEO.CountryPut"/>
  <testcase name="TC_88" time="0.991" classname="scenarios.GEO.CountryPut"/>
  <testcase name="TC_85" time="1.108" classname="scenarios.GEO.CountryPut"/>
  <testcase name="TC_27" time="14.145" classname="scenarios.GEO.CountryPut"/>
  <testcase name="TC_58" time="0.997" classname="scenarios.GEO.CountryPut"/>
  <testcase name="TC_89" time="18.444" classname="scenarios.GEO.CountryPut"/>
  <testcase name="TC_64" time="14.079" classname="scenarios.GEO.CountryPut"/>
  <testcase name="TC_61" time="15.716" classname="scenarios.GEO.CountryPut"/>
  <testcase name="TC_37" time="1.067" classname="scenarios.GEO.CountryPut"/>
  <testcase name="TC_47" time="0.940" classname="scenarios.GEO.CountryPut"/>
  <testcase name="TC_06" time="13.994" classname="scenarios.GEO.CountryPut"/>
  <testcase name="TC_45" time="14.049" classname="scenarios.GEO.CountryPut"/>
  <testcase name="TC_99" time="15.218" classname="scenarios.GEO.CountryPut"/>
  <testcase name="TC_105" time="14.284" classname="scenarios.GEO.CountryPut"/>
  <testcase name="TC_54" time="14.163" classname="scenarios.GEO.CountryPut"/>
  <testcase name="TC_56" time="0.853" classname="scenarios.GEO.CountryPut"/>
  <testcase name="TC_39" time="0.844" classname="scenarios.GEO.CountryPut"/>
  <testcase name="TC_28" time="0.956" classname="scenarios.GEO.CountryPut"/>
  <testcase name="TC_44" time="13.992" classname="scenarios.GEO.CountryPut"/>
  <testcase name="TC_49" time="1.040" classname="scenarios.GEO.CountryPut"/>
  <testcase name="TC_52" time="14.085" classname="scenarios.GEO.CountryPut"/>
  <testcase name="TC_10" time="13.938" classname="scenarios.GEO.CountryPut"/>
  <testcase name="TC_34" time="0.944" classname="scenarios.GEO.CountryPut">
    <failure type="java.lang.AssertionError" message="Test Failed">
      <![CDATA[java.lang.AssertionError: Test Failed
	at org.testng.Assert.fail(Assert.java:94)
	at scenarios.GEO.CountryPut.TC_34(CountryPut.java:9784)
	at sun.reflect.NativeMethodAccessorImpl.invoke0(Native Method)
	at sun.reflect.NativeMethodAccessorImpl.invoke(NativeMethodAccessorImpl.java:62)
	at sun.reflect.DelegatingMethodAccessorImpl.invoke(DelegatingMethodAccessorImpl.java:43)
	at java.lang.reflect.Method.invoke(Method.java:498)
	at org.testng.internal.MethodInvocationHelper.invokeMethod(MethodInvocationHelper.java:86)
	at org.testng.internal.Invoker.invokeMethod(Invoker.java:646)
	at org.testng.internal.Invoker.invokeTestMethod(Invoker.java:823)
	at org.testng.internal.Invoker.invokeTestMethods(Invoker.java:1131)
	at org.testng.internal.TestMethodWorker.invokeTestMethods(TestMethodWorker.java:129)
	at org.testng.internal.TestMethodWorker.run(TestMethodWorker.java:112)
	at org.testng.TestRunner.privateRun(TestRunner.java:778)
	at org.testng.TestRunner.run(TestRunner.java:632)
	at org.testng.SuiteRunner.runTest(SuiteRunner.java:366)
	at org.testng.SuiteRunner.runSequentially(SuiteRunner.java:361)
	at org.testng.SuiteRunner.privateRun(SuiteRunner.java:319)
	at org.testng.SuiteRunner.run(SuiteRunner.java:268)
	at org.testng.SuiteRunnerWorker.runSuite(SuiteRunnerWorker.java:52)
	at org.testng.SuiteRunnerWorker.run(SuiteRunnerWorker.java:86)
	at org.testng.TestNG.runSuitesSequentially(TestNG.java:1225)
	at org.testng.TestNG.runSuitesLocally(TestNG.java:1150)
	at org.testng.TestNG.runSuites(TestNG.java:1075)
	at org.testng.TestNG.run(TestNG.java:1047)
	at org.testng.remote.AbstractRemoteTestNG.run(AbstractRemoteTestNG.java:126)
	at org.testng.remote.RemoteTestNG.initAndRun(RemoteTestNG.java:137)
	at org.testng.remote.RemoteTestNG.main(RemoteTestNG.java:58)
]]>
    </failure>
  </testcase> <!-- TC_34 -->
  <testcase name="TC_04" time="0.912" classname="scenarios.GEO.CountryPut"/>
  <testcase name="TC_46" time="14.925" classname="scenarios.GEO.CountryPut"/>
  <testcase name="TC_96" time="15.956" classname="scenarios.GEO.CountryPut"/>
  <testcase name="TC_95" time="15.972" classname="scenarios.GEO.CountryPut"/>
  <testcase name="TC_68" time="1.226" classname="scenarios.GEO.CountryPut"/>
  <testcase name="TC_109" time="0.919" classname="scenarios.GEO.CountryPut"/>
  <testcase name="TC_97" time="14.971" classname="scenarios.GEO.CountryPut"/>
  <testcase name="TC_93" time="1.013" classname="scenarios.GEO.CountryPut"/>
  <testcase name="TC_40" time="0.946" classname="scenarios.GEO.CountryPut"/>
  <testcase name="TC_02" time="0.940" classname="scenarios.GEO.CountryPut"/>
  <testcase name="TC_90" time="1.109" classname="scenarios.GEO.CountryPut"/>
  <testcase name="TC_106" time="14.072" classname="scenarios.GEO.CountryPut"/>
  <testcase name="TC_22" time="0.859" classname="scenarios.GEO.CountryPut"/>
  <testcase name="TC_05" time="13.923" classname="scenarios.GEO.CountryPut"/>
  <testcase name="TC_35" time="13.964" classname="scenarios.GEO.CountryPut"/>
  <testcase name="TC_12" time="14.304" classname="scenarios.GEO.CountryPut"/>
  <testcase name="TC_26" time="1.065" classname="scenarios.GEO.CountryPut"/>
  <testcase name="TC_25" time="1.049" classname="scenarios.GEO.CountryPut"/>
  <testcase name="TC_100" time="13.983" classname="scenarios.GEO.CountryPut"/>
  <testcase name="TC_73" time="17.281" classname="scenarios.GEO.CountryPut"/>
  <testcase name="TC_74" time="16.429" classname="scenarios.GEO.CountryPut"/>
  <testcase name="TC_80" time="1.022" classname="scenarios.GEO.CountryPut"/>
  <testcase name="TC_101" time="0.818" classname="scenarios.GEO.CountryPut"/>
  <testcase name="TC_33" time="0.993" classname="scenarios.GEO.CountryPut"/>
  <testcase name="TC_75" time="15.762" classname="scenarios.GEO.CountryPut"/>
  <testcase name="TC_71" time="1.022" classname="scenarios.GEO.CountryPut"/>
  <testcase name="TC_53" time="1.055" classname="scenarios.GEO.CountryPut"/>
  <testcase name="TC_50" time="16.041" classname="scenarios.GEO.CountryPut"/>
  <testcase name="TC_31" time="0.842" classname="scenarios.GEO.CountryPut"/>
  <testcase name="TC_66" time="13.990" classname="scenarios.GEO.CountryPut"/>
  <testcase name="TC_32" time="13.919" classname="scenarios.GEO.CountryPut"/>
</testsuite> <!-- scenarios.GEO.CountryPut -->
