<?xml version="1.0" encoding="UTF-8"?>
<!-- Generated by org.testng.reporters.JUnitReportReporter -->
<testsuite hostname="SYN-FLX-005" name="scenarios.GEO.v1.MonthOfYearPost" tests="21" failures="0" timestamp="9 Sep 2020 13:22:34 GMT" time="41.506" errors="0">
  <testcase name="TC_03" time="1.088" classname="scenarios.GEO.v1.MonthOfYearPost"/>
  <testcase name="TC_20" time="1.250" classname="scenarios.GEO.v1.MonthOfYearPost"/>
  <testcase name="TC_18" time="1.410" classname="scenarios.GEO.v1.MonthOfYearPost"/>
  <testcase name="TC_01" time="5.563" classname="scenarios.GEO.v1.MonthOfYearPost"/>
  <testcase name="TC_04" time="1.114" classname="scenarios.GEO.v1.MonthOfYearPost"/>
  <testcase name="TC_17" time="2.240" classname="scenarios.GEO.v1.MonthOfYearPost"/>
  <testcase name="TC_05" time="1.843" classname="scenarios.GEO.v1.MonthOfYearPost"/>
  <testcase name="TC_08" time="1.304" classname="scenarios.GEO.v1.MonthOfYearPost"/>
  <testcase name="TC_13" time="2.238" classname="scenarios.GEO.v1.MonthOfYearPost"/>
  <testcase name="TC_14" time="1.249" classname="scenarios.GEO.v1.MonthOfYearPost"/>
  <testcase name="TC_10" time="1.294" classname="scenarios.GEO.v1.MonthOfYearPost"/>
  <testcase name="TC_16" time="1.254" classname="scenarios.GEO.v1.MonthOfYearPost"/>
  <testcase name="TC_19" time="1.352" classname="scenarios.GEO.v1.MonthOfYearPost"/>
  <testcase name="TC_07" time="1.460" classname="scenarios.GEO.v1.MonthOfYearPost"/>
  <testcase name="TC_11" time="1.279" classname="scenarios.GEO.v1.MonthOfYearPost"/>
  <testcase name="TC_09" time="1.221" classname="scenarios.GEO.v1.MonthOfYearPost"/>
  <testcase name="TC_21" time="9.581" classname="scenarios.GEO.v1.MonthOfYearPost"/>
  <testcase name="TC_06" time="1.109" classname="scenarios.GEO.v1.MonthOfYearPost"/>
  <testcase name="TC_12" time="1.244" classname="scenarios.GEO.v1.MonthOfYearPost"/>
  <testcase name="TC_02" time="1.214" classname="scenarios.GEO.v1.MonthOfYearPost"/>
  <testcase name="TC_15" time="1.199" classname="scenarios.GEO.v1.MonthOfYearPost"/>
</testsuite> <!-- scenarios.GEO.v1.MonthOfYearPost -->
