<?xml version="1.0" encoding="UTF-8"?>
<!-- Generated by org.testng.reporters.JUnitReportReporter -->
<testsuite skipped="0" hostname="COS-3572253-L1" name="scenarios.GEO.GeoPut" tests="1" failures="0" timestamp="26 Jun 2019 21:58:12 GMT" time="10.765" errors="0">
  <testcase name="TC_01" time="10.765" classname="scenarios.GEO.GeoPut"/>
</testsuite> <!-- scenarios.GEO.GeoPut -->
