<?xml version="1.0" encoding="UTF-8"?>
<!-- Generated by org.testng.reporters.JUnitReportReporter -->
<testsuite hostname="SYN-FLX-005" name="scenarios.GEO.v1.DepnCountryRltspTypeGet" tests="4" failures="0" timestamp="27 Jul 2020 08:23:41 GMT" time="16.119" errors="0">
  <testcase name="TC_01" time="11.789" classname="scenarios.GEO.v1.DepnCountryRltspTypeGet"/>
  <testcase name="TC_04" time="1.285" classname="scenarios.GEO.v1.DepnCountryRltspTypeGet"/>
  <testcase name="TC_02" time="1.484" classname="scenarios.GEO.v1.DepnCountryRltspTypeGet"/>
  <testcase name="TC_03" time="1.561" classname="scenarios.GEO.v1.DepnCountryRltspTypeGet"/>
</testsuite> <!-- scenarios.GEO.v1.DepnCountryRltspTypeGet -->
