<?xml version="1.0" encoding="UTF-8"?>
<!-- Generated by org.testng.reporters.JUnitReportReporter -->
<testsuite hostname="SYN-FLX-005" name="scenarios.GEO.StProvStdGet" tests="1" failures="0" timestamp="25 Feb 2020 15:38:24 GMT" time="7.490" errors="0">
  <testcase name="TC_17" time="7.490" classname="scenarios.GEO.StProvStdGet"/>
</testsuite> <!-- scenarios.GEO.StProvStdGet -->
