<?xml version="1.0" encoding="UTF-8"?>
<!-- Generated by org.testng.reporters.JUnitReportReporter -->
<testsuite hostname="SYN-FLX-005" name="scenarios.GEO.v1.AddressLabelsGet" tests="10" failures="0" timestamp="7 Sep 2020 07:51:17 GMT" time="23.672" errors="0">
  <testcase name="TC_06" time="1.986" classname="scenarios.GEO.v1.AddressLabelsGet"/>
  <testcase name="TC_10" time="1.263" classname="scenarios.GEO.v1.AddressLabelsGet"/>
  <testcase name="TC_03" time="2.701" classname="scenarios.GEO.v1.AddressLabelsGet"/>
  <testcase name="TC_04" time="2.377" classname="scenarios.GEO.v1.AddressLabelsGet"/>
  <testcase name="TC_07" time="1.129" classname="scenarios.GEO.v1.AddressLabelsGet"/>
  <testcase name="TC_02" time="2.956" classname="scenarios.GEO.v1.AddressLabelsGet"/>
  <testcase name="TC_09" time="1.193" classname="scenarios.GEO.v1.AddressLabelsGet"/>
  <testcase name="TC_05" time="1.250" classname="scenarios.GEO.v1.AddressLabelsGet"/>
  <testcase name="TC_01" time="7.331" classname="scenarios.GEO.v1.AddressLabelsGet"/>
  <testcase name="TC_08" time="1.486" classname="scenarios.GEO.v1.AddressLabelsGet"/>
</testsuite> <!-- scenarios.GEO.v1.AddressLabelsGet -->
