<?xml version="1.0" encoding="UTF-8"?>
<!-- Generated by org.testng.reporters.JUnitReportReporter -->
<testsuite skipped="0" hostname="COS-3572253-L1" name="scenarios.GEO.GeoTypePut" tests="2" failures="0" timestamp="28 Jun 2019 15:43:18 GMT" time="9.223" errors="0">
  <testcase name="TC_02" time="0.710" classname="scenarios.GEO.GeoTypePut"/>
  <testcase name="TC_01" time="8.513" classname="scenarios.GEO.GeoTypePut"/>
</testsuite> <!-- scenarios.GEO.GeoTypePut -->
