<?xml version="1.0" encoding="UTF-8"?>
<!-- Generated by org.testng.reporters.JUnitReportReporter -->
<testsuite hostname="SYN-FLX-001" name="scenarios.GEO.v1.HolidayPut" tests="19" failures="2" timestamp="19 Jun 2020 08:33:44 GMT" time="48.683" errors="0">
  <testcase name="TC_01" time="5.691" classname="scenarios.GEO.v1.HolidayPut"/>
  <testcase name="TC_04" time="1.514" classname="scenarios.GEO.v1.HolidayPut"/>
  <testcase name="TC_10" time="1.588" classname="scenarios.GEO.v1.HolidayPut"/>
  <testcase name="TC_11" time="1.528" classname="scenarios.GEO.v1.HolidayPut"/>
  <testcase name="TC_14" time="1.495" classname="scenarios.GEO.v1.HolidayPut">
    <failure type="java.lang.AssertionError" message="Test Failed">
      <![CDATA[java.lang.AssertionError: Test Failed
	at org.testng.Assert.fail(Assert.java:94)
	at scenarios.GEO.v1.HolidayPut.TC_14(HolidayPut.java:1754)
	at sun.reflect.NativeMethodAccessorImpl.invoke0(Native Method)
	at sun.reflect.NativeMethodAccessorImpl.invoke(Unknown Source)
	at sun.reflect.DelegatingMethodAccessorImpl.invoke(Unknown Source)
	at java.lang.reflect.Method.invoke(Unknown Source)
	at org.testng.internal.MethodInvocationHelper.invokeMethod(MethodInvocationHelper.java:86)
	at org.testng.internal.Invoker.invokeMethod(Invoker.java:646)
	at org.testng.internal.Invoker.invokeTestMethod(Invoker.java:823)
	at org.testng.internal.Invoker.invokeTestMethods(Invoker.java:1131)
	at org.testng.internal.TestMethodWorker.invokeTestMethods(TestMethodWorker.java:129)
	at org.testng.internal.TestMethodWorker.run(TestMethodWorker.java:112)
	at org.testng.TestRunner.privateRun(TestRunner.java:778)
	at org.testng.TestRunner.run(TestRunner.java:632)
	at org.testng.SuiteRunner.runTest(SuiteRunner.java:366)
	at org.testng.SuiteRunner.runSequentially(SuiteRunner.java:361)
	at org.testng.SuiteRunner.privateRun(SuiteRunner.java:319)
	at org.testng.SuiteRunner.run(SuiteRunner.java:268)
	at org.testng.SuiteRunnerWorker.runSuite(SuiteRunnerWorker.java:52)
	at org.testng.SuiteRunnerWorker.run(SuiteRunnerWorker.java:86)
	at org.testng.TestNG.runSuitesSequentially(TestNG.java:1225)
	at org.testng.TestNG.runSuitesLocally(TestNG.java:1150)
	at org.testng.TestNG.runSuites(TestNG.java:1075)
	at org.testng.TestNG.run(TestNG.java:1047)
	at org.testng.remote.AbstractRemoteTestNG.run(AbstractRemoteTestNG.java:126)
	at org.testng.remote.RemoteTestNG.initAndRun(RemoteTestNG.java:137)
	at org.testng.remote.RemoteTestNG.main(RemoteTestNG.java:58)
]]>
    </failure>
  </testcase> <!-- TC_14 -->
  <testcase name="TC_03" time="3.099" classname="scenarios.GEO.v1.HolidayPut"/>
  <testcase name="TC_05" time="1.428" classname="scenarios.GEO.v1.HolidayPut"/>
  <testcase name="TC_06" time="2.982" classname="scenarios.GEO.v1.HolidayPut"/>
  <testcase name="TC_15" time="1.945" classname="scenarios.GEO.v1.HolidayPut">
    <failure type="java.lang.AssertionError" message="Test Failed">
      <![CDATA[java.lang.AssertionError: Test Failed
	at org.testng.Assert.fail(Assert.java:94)
	at scenarios.GEO.v1.HolidayPut.TC_15(HolidayPut.java:1863)
	at sun.reflect.NativeMethodAccessorImpl.invoke0(Native Method)
	at sun.reflect.NativeMethodAccessorImpl.invoke(Unknown Source)
	at sun.reflect.DelegatingMethodAccessorImpl.invoke(Unknown Source)
	at java.lang.reflect.Method.invoke(Unknown Source)
	at org.testng.internal.MethodInvocationHelper.invokeMethod(MethodInvocationHelper.java:86)
	at org.testng.internal.Invoker.invokeMethod(Invoker.java:646)
	at org.testng.internal.Invoker.invokeTestMethod(Invoker.java:823)
	at org.testng.internal.Invoker.invokeTestMethods(Invoker.java:1131)
	at org.testng.internal.TestMethodWorker.invokeTestMethods(TestMethodWorker.java:129)
	at org.testng.internal.TestMethodWorker.run(TestMethodWorker.java:112)
	at org.testng.TestRunner.privateRun(TestRunner.java:778)
	at org.testng.TestRunner.run(TestRunner.java:632)
	at org.testng.SuiteRunner.runTest(SuiteRunner.java:366)
	at org.testng.SuiteRunner.runSequentially(SuiteRunner.java:361)
	at org.testng.SuiteRunner.privateRun(SuiteRunner.java:319)
	at org.testng.SuiteRunner.run(SuiteRunner.java:268)
	at org.testng.SuiteRunnerWorker.runSuite(SuiteRunnerWorker.java:52)
	at org.testng.SuiteRunnerWorker.run(SuiteRunnerWorker.java:86)
	at org.testng.TestNG.runSuitesSequentially(TestNG.java:1225)
	at org.testng.TestNG.runSuitesLocally(TestNG.java:1150)
	at org.testng.TestNG.runSuites(TestNG.java:1075)
	at org.testng.TestNG.run(TestNG.java:1047)
	at org.testng.remote.AbstractRemoteTestNG.run(AbstractRemoteTestNG.java:126)
	at org.testng.remote.RemoteTestNG.initAndRun(RemoteTestNG.java:137)
	at org.testng.remote.RemoteTestNG.main(RemoteTestNG.java:58)
]]>
    </failure>
  </testcase> <!-- TC_15 -->
  <testcase name="TC_08" time="1.433" classname="scenarios.GEO.v1.HolidayPut"/>
  <testcase name="TC_19" time="10.087" classname="scenarios.GEO.v1.HolidayPut"/>
  <testcase name="TC_07" time="1.753" classname="scenarios.GEO.v1.HolidayPut"/>
  <testcase name="TC_13" time="1.874" classname="scenarios.GEO.v1.HolidayPut"/>
  <testcase name="TC_02" time="1.693" classname="scenarios.GEO.v1.HolidayPut"/>
  <testcase name="TC_16" time="1.529" classname="scenarios.GEO.v1.HolidayPut"/>
  <testcase name="TC_12" time="2.981" classname="scenarios.GEO.v1.HolidayPut"/>
  <testcase name="TC_18" time="1.691" classname="scenarios.GEO.v1.HolidayPut"/>
  <testcase name="TC_09" time="1.686" classname="scenarios.GEO.v1.HolidayPut"/>
  <testcase name="TC_17" time="2.686" classname="scenarios.GEO.v1.HolidayPut"/>
</testsuite> <!-- scenarios.GEO.v1.HolidayPut -->
