<?xml version="1.0" encoding="UTF-8"?>
<!-- Generated by org.testng.reporters.JUnitReportReporter -->
<testsuite hostname="SYN-FLX-005" name="scenarios.GEO.v1.StProvStdPut" tests="27" failures="0" timestamp="8 Sep 2020 13:50:47 GMT" time="54.476" errors="0">
  <testcase name="TC_13" time="2.354" classname="scenarios.GEO.v1.StProvStdPut"/>
  <testcase name="TC_16" time="1.386" classname="scenarios.GEO.v1.StProvStdPut"/>
  <testcase name="TC_24" time="1.365" classname="scenarios.GEO.v1.StProvStdPut"/>
  <testcase name="TC_27" time="9.704" classname="scenarios.GEO.v1.StProvStdPut"/>
  <testcase name="TC_19" time="1.283" classname="scenarios.GEO.v1.StProvStdPut"/>
  <testcase name="TC_03" time="1.303" classname="scenarios.GEO.v1.StProvStdPut"/>
  <testcase name="TC_22" time="1.277" classname="scenarios.GEO.v1.StProvStdPut"/>
  <testcase name="TC_25" time="1.298" classname="scenarios.GEO.v1.StProvStdPut"/>
  <testcase name="TC_21" time="1.389" classname="scenarios.GEO.v1.StProvStdPut"/>
  <testcase name="TC_23" time="1.182" classname="scenarios.GEO.v1.StProvStdPut"/>
  <testcase name="TC_05" time="1.168" classname="scenarios.GEO.v1.StProvStdPut"/>
  <testcase name="TC_07" time="1.234" classname="scenarios.GEO.v1.StProvStdPut"/>
  <testcase name="TC_18" time="1.166" classname="scenarios.GEO.v1.StProvStdPut"/>
  <testcase name="TC_08" time="1.711" classname="scenarios.GEO.v1.StProvStdPut"/>
  <testcase name="TC_26" time="1.080" classname="scenarios.GEO.v1.StProvStdPut"/>
  <testcase name="TC_10" time="1.171" classname="scenarios.GEO.v1.StProvStdPut"/>
  <testcase name="TC_20" time="1.275" classname="scenarios.GEO.v1.StProvStdPut"/>
  <testcase name="TC_09" time="1.132" classname="scenarios.GEO.v1.StProvStdPut"/>
  <testcase name="TC_17" time="1.316" classname="scenarios.GEO.v1.StProvStdPut"/>
  <testcase name="TC_06" time="2.232" classname="scenarios.GEO.v1.StProvStdPut"/>
  <testcase name="TC_12" time="1.447" classname="scenarios.GEO.v1.StProvStdPut"/>
  <testcase name="TC_11" time="1.366" classname="scenarios.GEO.v1.StProvStdPut"/>
  <testcase name="TC_01" time="8.397" classname="scenarios.GEO.v1.StProvStdPut"/>
  <testcase name="TC_14" time="1.283" classname="scenarios.GEO.v1.StProvStdPut"/>
  <testcase name="TC_02" time="1.326" classname="scenarios.GEO.v1.StProvStdPut"/>
  <testcase name="TC_04" time="2.388" classname="scenarios.GEO.v1.StProvStdPut"/>
  <testcase name="TC_15" time="2.243" classname="scenarios.GEO.v1.StProvStdPut"/>
</testsuite> <!-- scenarios.GEO.v1.StProvStdPut -->
