<?xml version="1.0" encoding="UTF-8"?>
<!-- Generated by org.testng.reporters.JUnitReportReporter -->
<testsuite skipped="0" hostname="COS-3572253-L1" name="scenarios.GEO.HolidayPost" tests="2" failures="0" timestamp="03 Jul 2019 16:59:52 GMT" time="9.443" errors="0">
  <testcase name="TC_01" time="8.631" classname="scenarios.GEO.HolidayPost"/>
  <testcase name="TC_02" time="0.812" classname="scenarios.GEO.HolidayPost"/>
</testsuite> <!-- scenarios.GEO.HolidayPost -->
