<?xml version="1.0" encoding="UTF-8"?>
<!-- Generated by org.testng.reporters.JUnitReportReporter -->
<testsuite hostname="SYN-FLX-005" name="scenarios.GEO.DayOfWeekPut" tests="1" failures="0" timestamp="28 Feb 2020 07:59:25 GMT" time="6.759" errors="0">
  <testcase name="TC_01" time="6.759" classname="scenarios.GEO.DayOfWeekPut"/>
</testsuite> <!-- scenarios.GEO.DayOfWeekPut -->
