<?xml version="1.0" encoding="UTF-8"?>
<!-- Generated by org.testng.reporters.JUnitReportReporter -->
<testsuite hostname="SYN-FLX-005" name="scenarios.GEO.v1.CountryGet" tests="1" failures="0" timestamp="10 Jul 2020 10:40:57 GMT" time="13.035" errors="0">
  <testcase name="TC_01" time="13.035" classname="scenarios.GEO.v1.CountryGet"/>
</testsuite> <!-- scenarios.GEO.v1.CountryGet -->
