<?xml version="1.0" encoding="UTF-8"?>
<!-- Generated by org.testng.reporters.JUnitReportReporter -->
<testsuite hostname="SYN-FLX-005" name="scenarios.GEO.v1.LanguageGet" tests="6" failures="0" timestamp="7 Sep 2020 08:08:56 GMT" time="31.397" errors="0">
  <testcase name="TC_06" time="2.758" classname="scenarios.GEO.v1.LanguageGet"/>
  <testcase name="TC_05" time="2.222" classname="scenarios.GEO.v1.LanguageGet"/>
  <testcase name="TC_03" time="2.998" classname="scenarios.GEO.v1.LanguageGet"/>
  <testcase name="TC_02" time="5.895" classname="scenarios.GEO.v1.LanguageGet"/>
  <testcase name="TC_01" time="15.328" classname="scenarios.GEO.v1.LanguageGet"/>
  <testcase name="TC_04" time="2.196" classname="scenarios.GEO.v1.LanguageGet"/>
</testsuite> <!-- scenarios.GEO.v1.LanguageGet -->
