<?xml version="1.0" encoding="UTF-8"?>
<!-- Generated by org.testng.reporters.JUnitReportReporter -->
<testsuite hostname="SYN-FLX-001" name="scenarios.GEO.MonthOfYearGet" tests="2" failures="0" timestamp="22 Jan 2020 11:56:09 GMT" time="22.872" errors="0">
  <testcase name="TC_01" time="20.839" classname="scenarios.GEO.MonthOfYearGet"/>
  <testcase name="TC_02" time="2.033" classname="scenarios.GEO.MonthOfYearGet"/>
</testsuite> <!-- scenarios.GEO.MonthOfYearGet -->
