<?xml version="1.0" encoding="UTF-8"?>
<!-- Generated by org.testng.reporters.JUnitReportReporter -->
<testsuite hostname="SYN-FLX-005" name="scenarios.GEO.v1.GeoOrgStdPost" tests="16" failures="0" timestamp="27 Jul 2020 11:17:22 GMT" time="40.128" errors="0">
  <testcase name="TC_01" time="8.059" classname="scenarios.GEO.v1.GeoOrgStdPost"/>
  <testcase name="TC_09" time="1.332" classname="scenarios.GEO.v1.GeoOrgStdPost"/>
  <testcase name="TC_13" time="1.189" classname="scenarios.GEO.v1.GeoOrgStdPost"/>
  <testcase name="TC_10" time="1.374" classname="scenarios.GEO.v1.GeoOrgStdPost"/>
  <testcase name="TC_12" time="1.231" classname="scenarios.GEO.v1.GeoOrgStdPost"/>
  <testcase name="TC_03" time="2.750" classname="scenarios.GEO.v1.GeoOrgStdPost"/>
  <testcase name="TC_06" time="2.701" classname="scenarios.GEO.v1.GeoOrgStdPost"/>
  <testcase name="TC_11" time="1.157" classname="scenarios.GEO.v1.GeoOrgStdPost"/>
  <testcase name="TC_16" time="10.612" classname="scenarios.GEO.v1.GeoOrgStdPost"/>
  <testcase name="TC_07" time="1.376" classname="scenarios.GEO.v1.GeoOrgStdPost"/>
  <testcase name="TC_14" time="1.465" classname="scenarios.GEO.v1.GeoOrgStdPost"/>
  <testcase name="TC_02" time="1.590" classname="scenarios.GEO.v1.GeoOrgStdPost"/>
  <testcase name="TC_05" time="1.349" classname="scenarios.GEO.v1.GeoOrgStdPost"/>
  <testcase name="TC_08" time="1.301" classname="scenarios.GEO.v1.GeoOrgStdPost"/>
  <testcase name="TC_15" time="1.167" classname="scenarios.GEO.v1.GeoOrgStdPost"/>
  <testcase name="TC_04" time="1.475" classname="scenarios.GEO.v1.GeoOrgStdPost"/>
</testsuite> <!-- scenarios.GEO.v1.GeoOrgStdPost -->
