<?xml version="1.0" encoding="UTF-8"?>
<!-- Generated by org.testng.reporters.JUnitReportReporter -->
<testsuite hostname="SYN-FLX-005" name="scenarios.GEO.v1.MonthOfYearPost" tests="21" failures="0" timestamp="27 Jul 2020 12:06:41 GMT" time="45.768" errors="0">
  <testcase name="TC_03" time="1.356" classname="scenarios.GEO.v1.MonthOfYearPost"/>
  <testcase name="TC_20" time="1.348" classname="scenarios.GEO.v1.MonthOfYearPost"/>
  <testcase name="TC_18" time="1.386" classname="scenarios.GEO.v1.MonthOfYearPost"/>
  <testcase name="TC_01" time="6.754" classname="scenarios.GEO.v1.MonthOfYearPost"/>
  <testcase name="TC_04" time="1.167" classname="scenarios.GEO.v1.MonthOfYearPost"/>
  <testcase name="TC_17" time="2.962" classname="scenarios.GEO.v1.MonthOfYearPost"/>
  <testcase name="TC_05" time="2.097" classname="scenarios.GEO.v1.MonthOfYearPost"/>
  <testcase name="TC_08" time="1.210" classname="scenarios.GEO.v1.MonthOfYearPost"/>
  <testcase name="TC_13" time="2.646" classname="scenarios.GEO.v1.MonthOfYearPost"/>
  <testcase name="TC_14" time="1.409" classname="scenarios.GEO.v1.MonthOfYearPost"/>
  <testcase name="TC_10" time="1.440" classname="scenarios.GEO.v1.MonthOfYearPost"/>
  <testcase name="TC_16" time="1.526" classname="scenarios.GEO.v1.MonthOfYearPost"/>
  <testcase name="TC_19" time="1.382" classname="scenarios.GEO.v1.MonthOfYearPost"/>
  <testcase name="TC_07" time="1.341" classname="scenarios.GEO.v1.MonthOfYearPost"/>
  <testcase name="TC_11" time="1.368" classname="scenarios.GEO.v1.MonthOfYearPost"/>
  <testcase name="TC_09" time="1.329" classname="scenarios.GEO.v1.MonthOfYearPost"/>
  <testcase name="TC_21" time="9.681" classname="scenarios.GEO.v1.MonthOfYearPost"/>
  <testcase name="TC_06" time="1.171" classname="scenarios.GEO.v1.MonthOfYearPost"/>
  <testcase name="TC_12" time="1.403" classname="scenarios.GEO.v1.MonthOfYearPost"/>
  <testcase name="TC_02" time="1.335" classname="scenarios.GEO.v1.MonthOfYearPost"/>
  <testcase name="TC_15" time="1.457" classname="scenarios.GEO.v1.MonthOfYearPost"/>
</testsuite> <!-- scenarios.GEO.v1.MonthOfYearPost -->
