<?xml version="1.0" encoding="UTF-8"?>
<!-- Generated by org.testng.reporters.JUnitReportReporter -->
<testsuite hostname="SYN-FLX-005" name="scenarios.GEO.v1.GeoRltspPost" tests="1" failures="0" timestamp="27 Jul 2020 11:29:04 GMT" time="6.293" errors="0">
  <testcase name="TC_20" time="6.293" classname="scenarios.GEO.v1.GeoRltspPost"/>
</testsuite> <!-- scenarios.GEO.v1.GeoRltspPost -->
