<?xml version="1.0" encoding="UTF-8"?>
<!-- Generated by org.testng.reporters.JUnitReportReporter -->
<testsuite hostname="SYN-FLX-005" name="scenarios.GEO.v1.CntryOrgStdPut" tests="31" failures="0" timestamp="27 Jul 2020 09:27:52 GMT" time="70.908" errors="0">
  <testcase name="TC_26" time="1.569" classname="scenarios.GEO.v1.CntryOrgStdPut"/>
  <testcase name="TC_19" time="1.210" classname="scenarios.GEO.v1.CntryOrgStdPut"/>
  <testcase name="TC_18" time="2.989" classname="scenarios.GEO.v1.CntryOrgStdPut"/>
  <testcase name="TC_25" time="1.494" classname="scenarios.GEO.v1.CntryOrgStdPut"/>
  <testcase name="TC_04" time="2.613" classname="scenarios.GEO.v1.CntryOrgStdPut"/>
  <testcase name="TC_06" time="1.638" classname="scenarios.GEO.v1.CntryOrgStdPut"/>
  <testcase name="TC_31" time="10.246" classname="scenarios.GEO.v1.CntryOrgStdPut"/>
  <testcase name="TC_22" time="1.524" classname="scenarios.GEO.v1.CntryOrgStdPut"/>
  <testcase name="TC_16" time="1.640" classname="scenarios.GEO.v1.CntryOrgStdPut"/>
  <testcase name="TC_17" time="2.319" classname="scenarios.GEO.v1.CntryOrgStdPut"/>
  <testcase name="TC_08" time="1.363" classname="scenarios.GEO.v1.CntryOrgStdPut"/>
  <testcase name="TC_01" time="9.995" classname="scenarios.GEO.v1.CntryOrgStdPut"/>
  <testcase name="TC_09" time="1.353" classname="scenarios.GEO.v1.CntryOrgStdPut"/>
  <testcase name="TC_05" time="1.592" classname="scenarios.GEO.v1.CntryOrgStdPut"/>
  <testcase name="TC_29" time="1.620" classname="scenarios.GEO.v1.CntryOrgStdPut"/>
  <testcase name="TC_20" time="1.355" classname="scenarios.GEO.v1.CntryOrgStdPut"/>
  <testcase name="TC_23" time="1.467" classname="scenarios.GEO.v1.CntryOrgStdPut"/>
  <testcase name="TC_03" time="2.937" classname="scenarios.GEO.v1.CntryOrgStdPut"/>
  <testcase name="TC_10" time="1.473" classname="scenarios.GEO.v1.CntryOrgStdPut"/>
  <testcase name="TC_07" time="2.498" classname="scenarios.GEO.v1.CntryOrgStdPut"/>
  <testcase name="TC_12" time="1.250" classname="scenarios.GEO.v1.CntryOrgStdPut"/>
  <testcase name="TC_30" time="1.599" classname="scenarios.GEO.v1.CntryOrgStdPut"/>
  <testcase name="TC_11" time="1.446" classname="scenarios.GEO.v1.CntryOrgStdPut"/>
  <testcase name="TC_14" time="3.122" classname="scenarios.GEO.v1.CntryOrgStdPut"/>
  <testcase name="TC_15" time="2.607" classname="scenarios.GEO.v1.CntryOrgStdPut"/>
  <testcase name="TC_21" time="1.135" classname="scenarios.GEO.v1.CntryOrgStdPut"/>
  <testcase name="TC_28" time="1.432" classname="scenarios.GEO.v1.CntryOrgStdPut"/>
  <testcase name="TC_27" time="1.103" classname="scenarios.GEO.v1.CntryOrgStdPut"/>
  <testcase name="TC_02" time="1.539" classname="scenarios.GEO.v1.CntryOrgStdPut"/>
  <testcase name="TC_13" time="1.260" classname="scenarios.GEO.v1.CntryOrgStdPut"/>
  <testcase name="TC_24" time="1.520" classname="scenarios.GEO.v1.CntryOrgStdPut"/>
</testsuite> <!-- scenarios.GEO.v1.CntryOrgStdPut -->
