<?xml version="1.0" encoding="UTF-8"?>
<!-- Generated by org.testng.reporters.JUnitReportReporter -->
<testsuite hostname="SYN-FLX-005" name="scenarios.GEO.DepnCountryRltspGet" tests="5" failures="0" timestamp="24 Feb 2020 15:54:47 GMT" time="18.749" errors="0">
  <testcase name="TC_02" time="2.499" classname="scenarios.GEO.DepnCountryRltspGet"/>
  <testcase name="TC_05" time="1.479" classname="scenarios.GEO.DepnCountryRltspGet"/>
  <testcase name="TC_01" time="11.786" classname="scenarios.GEO.DepnCountryRltspGet"/>
  <testcase name="TC_03" time="1.629" classname="scenarios.GEO.DepnCountryRltspGet"/>
  <testcase name="TC_04" time="1.356" classname="scenarios.GEO.DepnCountryRltspGet"/>
</testsuite> <!-- scenarios.GEO.DepnCountryRltspGet -->
