<?xml version="1.0" encoding="UTF-8"?>
<!-- Generated by org.testng.reporters.JUnitReportReporter -->
<testsuite skipped="0" hostname="COS-3572253-L1" name="cIcD.testrun.defineClasses" tests="1" failures="0" timestamp="03 Jun 2019 20:18:35 GMT" time="78.387" errors="0">
  <testcase name="createTestNg" time="78.387" classname="cIcD.testrun.defineClasses"/>
</testsuite> <!-- cIcD.testrun.defineClasses -->
