<?xml version="1.0" encoding="UTF-8"?>
<!-- Generated by org.testng.reporters.JUnitReportReporter -->
<testsuite hostname="SYN-FLX-001" name="scenarios.GEO.UomTypeGet" tests="5" failures="0" timestamp="16 Aug 2019 10:54:26 GMT" time="16.782" errors="0">
  <testcase name="TC_01" time="8.790" classname="scenarios.GEO.UomTypeGet"/>
  <testcase name="TC_04" time="1.925" classname="scenarios.GEO.UomTypeGet"/>
  <testcase name="TC_02" time="2.423" classname="scenarios.GEO.UomTypeGet"/>
  <testcase name="TC_03" time="1.255" classname="scenarios.GEO.UomTypeGet"/>
  <testcase name="TC_05" time="2.389" classname="scenarios.GEO.UomTypeGet"/>
</testsuite> <!-- scenarios.GEO.UomTypeGet -->
