<?xml version="1.0" encoding="UTF-8"?>
<!-- Generated by org.testng.reporters.JUnitReportReporter -->
<testsuite skipped="0" hostname="COS-3572253-L1" name="scenarios.GEO.GeoRltspTypePut" tests="2" failures="0" timestamp="28 Jun 2019 17:17:32 GMT" time="9.299" errors="0">
  <testcase name="TC_01" time="8.722" classname="scenarios.GEO.GeoRltspTypePut"/>
  <testcase name="TC_02" time="0.577" classname="scenarios.GEO.GeoRltspTypePut"/>
</testsuite> <!-- scenarios.GEO.GeoRltspTypePut -->
