<?xml version="1.0" encoding="UTF-8"?>
<!-- Generated by org.testng.reporters.JUnitReportReporter -->
<testsuite hostname="SYN-FLX-001" name="scenarios.GEO.DayOfWeekPost" tests="1" failures="0" timestamp="22 Jan 2020 13:35:45 GMT" time="5.386" errors="0">
  <testcase name="TC_01" time="5.386" classname="scenarios.GEO.DayOfWeekPost"/>
</testsuite> <!-- scenarios.GEO.DayOfWeekPost -->
