<?xml version="1.0" encoding="UTF-8"?>
<!-- Generated by org.testng.reporters.JUnitReportReporter -->
<testsuite hostname="SYN-FLX-001" name="scenarios.GEO.MonthOfYearGraphQL" tests="1" failures="0" timestamp="24 Jan 2020 13:10:04 GMT" time="8.355" errors="0">
  <testcase name="TC_01" time="8.355" classname="scenarios.GEO.MonthOfYearGraphQL"/>
</testsuite> <!-- scenarios.GEO.MonthOfYearGraphQL -->
