<?xml version="1.0" encoding="UTF-8"?>
<!-- Generated by org.testng.reporters.JUnitReportReporter -->
<testsuite hostname="SYN-FLX-005" name="scenarios.GEO.v1.GeoTypePut" tests="18" failures="0" timestamp="8 Sep 2020 09:17:39 GMT" time="36.274" errors="0">
  <testcase name="TC_18" time="9.626" classname="scenarios.GEO.v1.GeoTypePut"/>
  <testcase name="TC_13" time="1.218" classname="scenarios.GEO.v1.GeoTypePut"/>
  <testcase name="TC_16" time="1.395" classname="scenarios.GEO.v1.GeoTypePut"/>
  <testcase name="TC_11" time="1.255" classname="scenarios.GEO.v1.GeoTypePut"/>
  <testcase name="TC_09" time="1.307" classname="scenarios.GEO.v1.GeoTypePut"/>
  <testcase name="TC_10" time="1.386" classname="scenarios.GEO.v1.GeoTypePut"/>
  <testcase name="TC_06" time="1.498" classname="scenarios.GEO.v1.GeoTypePut"/>
  <testcase name="TC_01" time="5.358" classname="scenarios.GEO.v1.GeoTypePut"/>
  <testcase name="TC_05" time="1.304" classname="scenarios.GEO.v1.GeoTypePut"/>
  <testcase name="TC_17" time="1.272" classname="scenarios.GEO.v1.GeoTypePut"/>
  <testcase name="TC_07" time="1.247" classname="scenarios.GEO.v1.GeoTypePut"/>
  <testcase name="TC_15" time="1.290" classname="scenarios.GEO.v1.GeoTypePut"/>
  <testcase name="TC_14" time="1.255" classname="scenarios.GEO.v1.GeoTypePut"/>
  <testcase name="TC_03" time="1.737" classname="scenarios.GEO.v1.GeoTypePut"/>
  <testcase name="TC_04" time="1.301" classname="scenarios.GEO.v1.GeoTypePut"/>
  <testcase name="TC_08" time="1.476" classname="scenarios.GEO.v1.GeoTypePut"/>
  <testcase name="TC_12" time="1.215" classname="scenarios.GEO.v1.GeoTypePut"/>
  <testcase name="TC_02" time="1.134" classname="scenarios.GEO.v1.GeoTypePut"/>
</testsuite> <!-- scenarios.GEO.v1.GeoTypePut -->
