<?xml version="1.0" encoding="UTF-8"?>
<!-- Generated by org.testng.reporters.JUnitReportReporter -->
<testsuite hostname="SYN-FLX-005" name="scenarios.GEO.v1.LanguageGraphQL" tests="14" failures="0" timestamp="14 Jul 2020 08:39:12 GMT" time="189.119" errors="0">
  <testcase name="TC_04" time="2.654" classname="scenarios.GEO.v1.LanguageGraphQL"/>
  <testcase name="TC_10" time="4.644" classname="scenarios.GEO.v1.LanguageGraphQL"/>
  <testcase name="TC_11" time="3.016" classname="scenarios.GEO.v1.LanguageGraphQL"/>
  <testcase name="TC_07" time="33.633" classname="scenarios.GEO.v1.LanguageGraphQL"/>
  <testcase name="TC_12" time="3.386" classname="scenarios.GEO.v1.LanguageGraphQL"/>
  <testcase name="TC_03" time="4.193" classname="scenarios.GEO.v1.LanguageGraphQL"/>
  <testcase name="TC_06" time="20.078" classname="scenarios.GEO.v1.LanguageGraphQL"/>
  <testcase name="TC_02" time="34.456" classname="scenarios.GEO.v1.LanguageGraphQL"/>
  <testcase name="TC_08" time="5.988" classname="scenarios.GEO.v1.LanguageGraphQL"/>
  <testcase name="TC_05" time="2.616" classname="scenarios.GEO.v1.LanguageGraphQL"/>
  <testcase name="TC_01" time="45.330" classname="scenarios.GEO.v1.LanguageGraphQL"/>
  <testcase name="TC_13" time="13.065" classname="scenarios.GEO.v1.LanguageGraphQL"/>
  <testcase name="TC_09" time="2.956" classname="scenarios.GEO.v1.LanguageGraphQL"/>
  <testcase name="TC_14" time="13.104" classname="scenarios.GEO.v1.LanguageGraphQL"/>
</testsuite> <!-- scenarios.GEO.v1.LanguageGraphQL -->
