<?xml version="1.0" encoding="UTF-8"?>
<!-- Generated by org.testng.reporters.JUnitReportReporter -->
<testsuite hostname="SYN-FLX-001" name="scenarios.GEO.StProvStdPut" tests="23" failures="0" timestamp="14 Aug 2019 06:23:55 GMT" time="45.548" errors="0">
  <testcase name="TC_21" time="1.312" classname="scenarios.GEO.StProvStdPut"/>
  <testcase name="TC_20" time="1.556" classname="scenarios.GEO.StProvStdPut"/>
  <testcase name="TC_23" time="1.355" classname="scenarios.GEO.StProvStdPut"/>
  <testcase name="TC_09" time="1.740" classname="scenarios.GEO.StProvStdPut"/>
  <testcase name="TC_03" time="1.459" classname="scenarios.GEO.StProvStdPut"/>
  <testcase name="TC_15" time="3.339" classname="scenarios.GEO.StProvStdPut"/>
  <testcase name="TC_06" time="2.586" classname="scenarios.GEO.StProvStdPut"/>
  <testcase name="TC_22" time="1.313" classname="scenarios.GEO.StProvStdPut"/>
  <testcase name="TC_07" time="1.343" classname="scenarios.GEO.StProvStdPut"/>
  <testcase name="TC_12" time="1.526" classname="scenarios.GEO.StProvStdPut"/>
  <testcase name="TC_16" time="1.999" classname="scenarios.GEO.StProvStdPut"/>
  <testcase name="TC_19" time="1.690" classname="scenarios.GEO.StProvStdPut"/>
  <testcase name="TC_02" time="1.067" classname="scenarios.GEO.StProvStdPut"/>
  <testcase name="TC_10" time="1.521" classname="scenarios.GEO.StProvStdPut"/>
  <testcase name="TC_01" time="6.143" classname="scenarios.GEO.StProvStdPut"/>
  <testcase name="TC_08" time="1.496" classname="scenarios.GEO.StProvStdPut"/>
  <testcase name="TC_13" time="3.301" classname="scenarios.GEO.StProvStdPut"/>
  <testcase name="TC_05" time="1.770" classname="scenarios.GEO.StProvStdPut"/>
  <testcase name="TC_11" time="1.265" classname="scenarios.GEO.StProvStdPut"/>
  <testcase name="TC_14" time="1.707" classname="scenarios.GEO.StProvStdPut"/>
  <testcase name="TC_17" time="1.506" classname="scenarios.GEO.StProvStdPut"/>
  <testcase name="TC_18" time="2.010" classname="scenarios.GEO.StProvStdPut"/>
  <testcase name="TC_04" time="2.544" classname="scenarios.GEO.StProvStdPut"/>
</testsuite> <!-- scenarios.GEO.StProvStdPut -->
