<?xml version="1.0" encoding="UTF-8"?>
<!-- Generated by org.testng.reporters.JUnitReportReporter -->
<testsuite hostname="SYN-FLX-001" name="scenarios.GEO.v2.AffilTypeGet" tests="1" failures="0" timestamp="8 May 2020 19:32:34 GMT" time="6.616" errors="0">
  <testcase name="TC_01" time="6.616" classname="scenarios.GEO.v2.AffilTypeGet"/>
</testsuite> <!-- scenarios.GEO.v2.AffilTypeGet -->
