<?xml version="1.0" encoding="UTF-8"?>
<!-- Generated by org.testng.reporters.JUnitReportReporter -->
<testsuite hostname="SYN-FLX-001" name="scenarios.GEO.DayOfWeekPut" tests="1" failures="0" timestamp="22 Jan 2020 11:05:42 GMT" time="6.334" errors="0">
  <testcase name="TC_01" time="6.334" classname="scenarios.GEO.DayOfWeekPut"/>
</testsuite> <!-- scenarios.GEO.DayOfWeekPut -->
