<?xml version="1.0" encoding="UTF-8"?>
<!-- Generated by org.testng.reporters.JUnitReportReporter -->
<testsuite hostname="SYN-FLX-001" name="scenarios.GEO.UomTypePost" tests="1" failures="0" timestamp="22 Jan 2020 09:46:23 GMT" time="5.493" errors="0">
  <testcase name="TC_01" time="5.493" classname="scenarios.GEO.UomTypePost"/>
</testsuite> <!-- scenarios.GEO.UomTypePost -->
