<?xml version="1.0" encoding="UTF-8"?>
<!-- Generated by org.testng.reporters.JUnitReportReporter -->
<testsuite hostname="SYN-FLX-001" name="scenarios.GEO.LanguagePost" tests="1" failures="0" timestamp="22 Jan 2020 13:50:28 GMT" time="46.229" errors="0">
  <testcase name="TC_01" time="46.229" classname="scenarios.GEO.LanguagePost"/>
</testsuite> <!-- scenarios.GEO.LanguagePost -->
