<?xml version="1.0" encoding="UTF-8"?>
<!-- Generated by org.testng.reporters.JUnitReportReporter -->
<testsuite skipped="0" hostname="COS-3572253-L1" name="scenarios.GEO.UomTypePut" tests="2" failures="0" timestamp="03 Jul 2019 19:22:20 GMT" time="9.135" errors="0">
  <testcase name="TC_02" time="0.702" classname="scenarios.GEO.UomTypePut"/>
  <testcase name="TC_01" time="8.433" classname="scenarios.GEO.UomTypePut"/>
</testsuite> <!-- scenarios.GEO.UomTypePut -->
