<?xml version="1.0" encoding="UTF-8"?>
<!-- Generated by org.testng.reporters.JUnitReportReporter -->
<testsuite hostname="SYN-FLX-005" name="scenarios.GEO.v1.MonthOfYearGet" tests="4" failures="0" timestamp="30 Jul 2020 10:31:58 GMT" time="20.439" errors="0">
  <testcase name="TC_04" time="1.954" classname="scenarios.GEO.v1.MonthOfYearGet"/>
  <testcase name="TC_03" time="1.548" classname="scenarios.GEO.v1.MonthOfYearGet"/>
  <testcase name="TC_01" time="14.415" classname="scenarios.GEO.v1.MonthOfYearGet"/>
  <testcase name="TC_02" time="2.522" classname="scenarios.GEO.v1.MonthOfYearGet"/>
</testsuite> <!-- scenarios.GEO.v1.MonthOfYearGet -->
