<?xml version="1.0" encoding="UTF-8"?>
<!-- Generated by org.testng.reporters.JUnitReportReporter -->
<testsuite hostname="SYN-FLX-001" name="scenarios.GEO.base.CountryGet" tests="41" failures="1" timestamp="23 Jun 2020 10:07:41 GMT" time="225.062" errors="0">
  <testcase name="TC_35" time="3.478" classname="scenarios.GEO.base.CountryGet"/>
  <testcase name="TC_11" time="5.402" classname="scenarios.GEO.base.CountryGet"/>
  <testcase name="TC_21" time="3.827" classname="scenarios.GEO.base.CountryGet"/>
  <testcase name="TC_02" time="5.613" classname="scenarios.GEO.base.CountryGet"/>
  <testcase name="TC_41" time="42.379" classname="scenarios.GEO.base.CountryGet"/>
  <testcase name="TC_40" time="2.400" classname="scenarios.GEO.base.CountryGet">
    <failure type="java.lang.AssertionError" message="Test Failed">
      <![CDATA[java.lang.AssertionError: Test Failed
	at org.testng.Assert.fail(Assert.java:94)
	at scenarios.GEO.base.CountryGet.countryShrtNmValidation(CountryGet.java:3443)
	at scenarios.GEO.base.CountryGet.TC_40(CountryGet.java:656)
	at sun.reflect.NativeMethodAccessorImpl.invoke0(Native Method)
	at sun.reflect.NativeMethodAccessorImpl.invoke(Unknown Source)
	at sun.reflect.DelegatingMethodAccessorImpl.invoke(Unknown Source)
	at java.lang.reflect.Method.invoke(Unknown Source)
	at org.testng.internal.MethodInvocationHelper.invokeMethod(MethodInvocationHelper.java:86)
	at org.testng.internal.Invoker.invokeMethod(Invoker.java:646)
	at org.testng.internal.Invoker.invokeTestMethod(Invoker.java:823)
	at org.testng.internal.Invoker.invokeTestMethods(Invoker.java:1131)
	at org.testng.internal.TestMethodWorker.invokeTestMethods(TestMethodWorker.java:129)
	at org.testng.internal.TestMethodWorker.run(TestMethodWorker.java:112)
	at org.testng.TestRunner.privateRun(TestRunner.java:778)
	at org.testng.TestRunner.run(TestRunner.java:632)
	at org.testng.SuiteRunner.runTest(SuiteRunner.java:366)
	at org.testng.SuiteRunner.runSequentially(SuiteRunner.java:361)
	at org.testng.SuiteRunner.privateRun(SuiteRunner.java:319)
	at org.testng.SuiteRunner.run(SuiteRunner.java:268)
	at org.testng.SuiteRunnerWorker.runSuite(SuiteRunnerWorker.java:52)
	at org.testng.SuiteRunnerWorker.run(SuiteRunnerWorker.java:86)
	at org.testng.TestNG.runSuitesSequentially(TestNG.java:1225)
	at org.testng.TestNG.runSuitesLocally(TestNG.java:1150)
	at org.testng.TestNG.runSuites(TestNG.java:1075)
	at org.testng.TestNG.run(TestNG.java:1047)
	at org.testng.remote.AbstractRemoteTestNG.run(AbstractRemoteTestNG.java:126)
	at org.testng.remote.RemoteTestNG.initAndRun(RemoteTestNG.java:137)
	at org.testng.remote.RemoteTestNG.main(RemoteTestNG.java:58)
]]>
    </failure>
  </testcase> <!-- TC_40 -->
  <testcase name="TC_08" time="3.539" classname="scenarios.GEO.base.CountryGet"/>
  <testcase name="TC_12" time="3.806" classname="scenarios.GEO.base.CountryGet"/>
  <testcase name="TC_30" time="7.157" classname="scenarios.GEO.base.CountryGet"/>
  <testcase name="TC_05" time="3.974" classname="scenarios.GEO.base.CountryGet"/>
  <testcase name="TC_07" time="3.912" classname="scenarios.GEO.base.CountryGet"/>
  <testcase name="TC_15" time="6.022" classname="scenarios.GEO.base.CountryGet"/>
  <testcase name="TC_13" time="3.879" classname="scenarios.GEO.base.CountryGet"/>
  <testcase name="TC_23" time="3.528" classname="scenarios.GEO.base.CountryGet"/>
  <testcase name="TC_27" time="6.554" classname="scenarios.GEO.base.CountryGet"/>
  <testcase name="TC_18" time="4.044" classname="scenarios.GEO.base.CountryGet"/>
  <testcase name="TC_06" time="3.649" classname="scenarios.GEO.base.CountryGet"/>
  <testcase name="TC_17" time="7.104" classname="scenarios.GEO.base.CountryGet"/>
  <testcase name="TC_31" time="3.485" classname="scenarios.GEO.base.CountryGet"/>
  <testcase name="TC_09" time="3.772" classname="scenarios.GEO.base.CountryGet"/>
  <testcase name="TC_26" time="3.657" classname="scenarios.GEO.base.CountryGet"/>
  <testcase name="TC_14" time="6.041" classname="scenarios.GEO.base.CountryGet"/>
  <testcase name="TC_24" time="3.916" classname="scenarios.GEO.base.CountryGet"/>
  <testcase name="TC_16" time="6.192" classname="scenarios.GEO.base.CountryGet"/>
  <testcase name="TC_34" time="4.058" classname="scenarios.GEO.base.CountryGet"/>
  <testcase name="TC_22" time="3.466" classname="scenarios.GEO.base.CountryGet"/>
  <testcase name="TC_32" time="3.416" classname="scenarios.GEO.base.CountryGet"/>
  <testcase name="TC_04" time="5.563" classname="scenarios.GEO.base.CountryGet"/>
  <testcase name="TC_01" time="8.285" classname="scenarios.GEO.base.CountryGet"/>
  <testcase name="TC_03" time="5.599" classname="scenarios.GEO.base.CountryGet"/>
  <testcase name="TC_25" time="5.066" classname="scenarios.GEO.base.CountryGet"/>
  <testcase name="TC_39" time="3.545" classname="scenarios.GEO.base.CountryGet"/>
  <testcase name="TC_19" time="3.319" classname="scenarios.GEO.base.CountryGet"/>
  <testcase name="TC_20" time="3.432" classname="scenarios.GEO.base.CountryGet"/>
  <testcase name="TC_33" time="3.587" classname="scenarios.GEO.base.CountryGet"/>
  <testcase name="TC_37" time="3.599" classname="scenarios.GEO.base.CountryGet"/>
  <testcase name="TC_36" time="3.486" classname="scenarios.GEO.base.CountryGet"/>
  <testcase name="TC_28" time="6.943" classname="scenarios.GEO.base.CountryGet"/>
  <testcase name="TC_29" time="7.177" classname="scenarios.GEO.base.CountryGet"/>
  <testcase name="TC_10" time="3.567" classname="scenarios.GEO.base.CountryGet"/>
  <testcase name="TC_38" time="3.624" classname="scenarios.GEO.base.CountryGet"/>
</testsuite> <!-- scenarios.GEO.base.CountryGet -->
