<?xml version="1.0" encoding="UTF-8"?>
<!-- Generated by org.testng.reporters.JUnitReportReporter -->
<testsuite hostname="SYN-FLX-001" name="scenarios.GEO.HolidayPost" tests="1" failures="0" timestamp="22 Jan 2020 09:36:43 GMT" time="8.606" errors="0">
  <testcase name="TC_01" time="8.606" classname="scenarios.GEO.HolidayPost"/>
</testsuite> <!-- scenarios.GEO.HolidayPost -->
