<?xml version="1.0" encoding="UTF-8"?>
<!-- Generated by org.testng.reporters.JUnitReportReporter -->
<testsuite hostname="SYN-FLX-001" name="scenarios.GEO.v1.ScriptPut" tests="21" failures="0" timestamp="19 Jun 2020 08:47:10 GMT" time="49.703" errors="0">
  <testcase name="TC_20" time="1.636" classname="scenarios.GEO.v1.ScriptPut"/>
  <testcase name="TC_02" time="1.600" classname="scenarios.GEO.v1.ScriptPut"/>
  <testcase name="TC_18" time="1.415" classname="scenarios.GEO.v1.ScriptPut"/>
  <testcase name="TC_03" time="1.430" classname="scenarios.GEO.v1.ScriptPut"/>
  <testcase name="TC_10" time="1.392" classname="scenarios.GEO.v1.ScriptPut"/>
  <testcase name="TC_12" time="1.455" classname="scenarios.GEO.v1.ScriptPut"/>
  <testcase name="TC_13" time="1.386" classname="scenarios.GEO.v1.ScriptPut"/>
  <testcase name="TC_01" time="6.741" classname="scenarios.GEO.v1.ScriptPut"/>
  <testcase name="TC_09" time="1.482" classname="scenarios.GEO.v1.ScriptPut"/>
  <testcase name="TC_11" time="1.435" classname="scenarios.GEO.v1.ScriptPut"/>
  <testcase name="TC_08" time="2.629" classname="scenarios.GEO.v1.ScriptPut"/>
  <testcase name="TC_14" time="1.423" classname="scenarios.GEO.v1.ScriptPut"/>
  <testcase name="TC_06" time="1.343" classname="scenarios.GEO.v1.ScriptPut"/>
  <testcase name="TC_17" time="2.825" classname="scenarios.GEO.v1.ScriptPut"/>
  <testcase name="TC_19" time="1.419" classname="scenarios.GEO.v1.ScriptPut"/>
  <testcase name="TC_05" time="1.320" classname="scenarios.GEO.v1.ScriptPut"/>
  <testcase name="TC_07" time="1.171" classname="scenarios.GEO.v1.ScriptPut"/>
  <testcase name="TC_16" time="1.477" classname="scenarios.GEO.v1.ScriptPut"/>
  <testcase name="TC_21" time="9.883" classname="scenarios.GEO.v1.ScriptPut"/>
  <testcase name="TC_04" time="3.338" classname="scenarios.GEO.v1.ScriptPut"/>
  <testcase name="TC_15" time="2.903" classname="scenarios.GEO.v1.ScriptPut"/>
</testsuite> <!-- scenarios.GEO.v1.ScriptPut -->
