<?xml version="1.0" encoding="UTF-8"?>
<!-- Generated by org.testng.reporters.JUnitReportReporter -->
<testsuite hostname="SYN-FLX-005" name="scenarios.GEO.v1.GeoOrgStdGraphQL" tests="8" failures="0" timestamp="16 Jul 2020 09:33:21 GMT" time="21.086" errors="0">
  <testcase name="TC_04" time="1.508" classname="scenarios.GEO.v1.GeoOrgStdGraphQL"/>
  <testcase name="TC_01" time="9.200" classname="scenarios.GEO.v1.GeoOrgStdGraphQL"/>
  <testcase name="TC_03" time="1.722" classname="scenarios.GEO.v1.GeoOrgStdGraphQL"/>
  <testcase name="TC_07" time="1.282" classname="scenarios.GEO.v1.GeoOrgStdGraphQL"/>
  <testcase name="TC_05" time="1.660" classname="scenarios.GEO.v1.GeoOrgStdGraphQL"/>
  <testcase name="TC_06" time="1.392" classname="scenarios.GEO.v1.GeoOrgStdGraphQL"/>
  <testcase name="TC_02" time="2.985" classname="scenarios.GEO.v1.GeoOrgStdGraphQL"/>
  <testcase name="TC_08" time="1.337" classname="scenarios.GEO.v1.GeoOrgStdGraphQL"/>
</testsuite> <!-- scenarios.GEO.v1.GeoOrgStdGraphQL -->
