<?xml version="1.0" encoding="UTF-8"?>
<!-- Generated by org.testng.reporters.JUnitReportReporter -->
<testsuite hostname="SYN-FLX-001" name="scenarios.GEO.StProvStdGet" tests="23" failures="0" timestamp="16 Aug 2019 10:52:46 GMT" time="64.570" errors="0">
  <testcase name="TC_11" time="2.110" classname="scenarios.GEO.StProvStdGet"/>
  <testcase name="TC_04" time="3.603" classname="scenarios.GEO.StProvStdGet"/>
  <testcase name="TC_23" time="0.905" classname="scenarios.GEO.StProvStdGet"/>
  <testcase name="TC_02" time="2.510" classname="scenarios.GEO.StProvStdGet"/>
  <testcase name="TC_05" time="2.337" classname="scenarios.GEO.StProvStdGet"/>
  <testcase name="TC_08" time="2.238" classname="scenarios.GEO.StProvStdGet"/>
  <testcase name="TC_15" time="2.117" classname="scenarios.GEO.StProvStdGet"/>
  <testcase name="TC_06" time="1.997" classname="scenarios.GEO.StProvStdGet"/>
  <testcase name="TC_14" time="2.357" classname="scenarios.GEO.StProvStdGet"/>
  <testcase name="TC_18" time="2.681" classname="scenarios.GEO.StProvStdGet"/>
  <testcase name="TC_03" time="2.438" classname="scenarios.GEO.StProvStdGet"/>
  <testcase name="TC_13" time="2.032" classname="scenarios.GEO.StProvStdGet"/>
  <testcase name="TC_07" time="2.247" classname="scenarios.GEO.StProvStdGet"/>
  <testcase name="TC_12" time="2.062" classname="scenarios.GEO.StProvStdGet"/>
  <testcase name="TC_09" time="2.346" classname="scenarios.GEO.StProvStdGet"/>
  <testcase name="TC_21" time="2.127" classname="scenarios.GEO.StProvStdGet"/>
  <testcase name="TC_17" time="3.192" classname="scenarios.GEO.StProvStdGet"/>
  <testcase name="TC_10" time="2.145" classname="scenarios.GEO.StProvStdGet"/>
  <testcase name="TC_22" time="1.966" classname="scenarios.GEO.StProvStdGet"/>
  <testcase name="TC_19" time="2.223" classname="scenarios.GEO.StProvStdGet"/>
  <testcase name="TC_20" time="2.299" classname="scenarios.GEO.StProvStdGet"/>
  <testcase name="TC_01" time="14.119" classname="scenarios.GEO.StProvStdGet"/>
  <testcase name="TC_16" time="2.519" classname="scenarios.GEO.StProvStdGet"/>
</testsuite> <!-- scenarios.GEO.StProvStdGet -->
