<?xml version="1.0" encoding="UTF-8"?>
<!-- Generated by org.testng.reporters.JUnitReportReporter -->
<testsuite hostname="SYN-FLX-001" name="scenarios.GEO.v1.GeoTypeGet" tests="1" failures="0" timestamp="13 May 2020 14:01:15 GMT" time="73.658" errors="0">
  <testcase name="TC_07" time="73.658" classname="scenarios.GEO.v1.GeoTypeGet"/>
</testsuite> <!-- scenarios.GEO.v1.GeoTypeGet -->
