<?xml version="1.0" encoding="UTF-8"?>
<!-- Generated by org.testng.reporters.JUnitReportReporter -->
<testsuite hostname="SYN-FLX-005" name="scenarios.GEO.DepnCountryRltspTypeGet" tests="2" failures="0" timestamp="24 Feb 2020 09:56:24 GMT" time="20.808" errors="0">
  <testcase name="TC_02" time="2.639" classname="scenarios.GEO.DepnCountryRltspTypeGet"/>
  <testcase name="TC_01" time="18.169" classname="scenarios.GEO.DepnCountryRltspTypeGet"/>
</testsuite> <!-- scenarios.GEO.DepnCountryRltspTypeGet -->
