<?xml version="1.0" encoding="UTF-8"?>
<!-- Generated by org.testng.reporters.JUnitReportReporter -->
<testsuite hostname="SYN-FLX-001" name="scenarios.GEO.UomTypePost" tests="16" failures="0" timestamp="16 Aug 2019 05:13:17 GMT" time="28.275" errors="0">
  <testcase name="TC_16" time="4.243" classname="scenarios.GEO.UomTypePost"/>
  <testcase name="TC_07" time="1.114" classname="scenarios.GEO.UomTypePost"/>
  <testcase name="TC_05" time="1.138" classname="scenarios.GEO.UomTypePost"/>
  <testcase name="TC_08" time="2.454" classname="scenarios.GEO.UomTypePost"/>
  <testcase name="TC_06" time="1.209" classname="scenarios.GEO.UomTypePost"/>
  <testcase name="TC_04" time="2.329" classname="scenarios.GEO.UomTypePost"/>
  <testcase name="TC_01" time="5.218" classname="scenarios.GEO.UomTypePost"/>
  <testcase name="TC_09" time="1.030" classname="scenarios.GEO.UomTypePost"/>
  <testcase name="TC_15" time="1.227" classname="scenarios.GEO.UomTypePost"/>
  <testcase name="TC_02" time="1.924" classname="scenarios.GEO.UomTypePost"/>
  <testcase name="TC_14" time="0.935" classname="scenarios.GEO.UomTypePost"/>
  <testcase name="TC_12" time="1.168" classname="scenarios.GEO.UomTypePost"/>
  <testcase name="TC_03" time="1.064" classname="scenarios.GEO.UomTypePost"/>
  <testcase name="TC_11" time="1.053" classname="scenarios.GEO.UomTypePost"/>
  <testcase name="TC_10" time="1.152" classname="scenarios.GEO.UomTypePost"/>
  <testcase name="TC_13" time="1.017" classname="scenarios.GEO.UomTypePost"/>
</testsuite> <!-- scenarios.GEO.UomTypePost -->
