<?xml version="1.0" encoding="UTF-8"?>
<!-- Generated by org.testng.reporters.JUnitReportReporter -->
<testsuite hostname="SYN-FLX-001" name="scenarios.GEO.v1.AffilTypePost" tests="1" failures="0" timestamp="22 Jun 2020 09:32:15 GMT" time="3.746" errors="0">
  <testcase name="TC_14" time="3.746" classname="scenarios.GEO.v1.AffilTypePost"/>
</testsuite> <!-- scenarios.GEO.v1.AffilTypePost -->
