<?xml version="1.0" encoding="UTF-8"?>
<!-- Generated by org.testng.reporters.JUnitReportReporter -->
<testsuite hostname="SYN-FLX-005" name="scenarios.GEO.v1.GeoRltspPut" tests="29" failures="0" timestamp="27 Jul 2020 11:21:08 GMT" time="59.173" errors="0">
  <testcase name="TC_13" time="1.357" classname="scenarios.GEO.v1.GeoRltspPut"/>
  <testcase name="TC_02" time="1.496" classname="scenarios.GEO.v1.GeoRltspPut"/>
  <testcase name="TC_16" time="1.362" classname="scenarios.GEO.v1.GeoRltspPut"/>
  <testcase name="TC_29" time="9.859" classname="scenarios.GEO.v1.GeoRltspPut"/>
  <testcase name="TC_15" time="1.308" classname="scenarios.GEO.v1.GeoRltspPut"/>
  <testcase name="TC_09" time="1.317" classname="scenarios.GEO.v1.GeoRltspPut"/>
  <testcase name="TC_11" time="1.289" classname="scenarios.GEO.v1.GeoRltspPut"/>
  <testcase name="TC_14" time="1.366" classname="scenarios.GEO.v1.GeoRltspPut"/>
  <testcase name="TC_18" time="1.360" classname="scenarios.GEO.v1.GeoRltspPut"/>
  <testcase name="TC_03" time="1.265" classname="scenarios.GEO.v1.GeoRltspPut"/>
  <testcase name="TC_07" time="1.588" classname="scenarios.GEO.v1.GeoRltspPut"/>
  <testcase name="TC_05" time="1.323" classname="scenarios.GEO.v1.GeoRltspPut"/>
  <testcase name="TC_12" time="1.250" classname="scenarios.GEO.v1.GeoRltspPut"/>
  <testcase name="TC_19" time="1.384" classname="scenarios.GEO.v1.GeoRltspPut"/>
  <testcase name="TC_21" time="2.023" classname="scenarios.GEO.v1.GeoRltspPut"/>
  <testcase name="TC_04" time="1.275" classname="scenarios.GEO.v1.GeoRltspPut"/>
  <testcase name="TC_26" time="1.305" classname="scenarios.GEO.v1.GeoRltspPut"/>
  <testcase name="TC_28" time="1.203" classname="scenarios.GEO.v1.GeoRltspPut"/>
  <testcase name="TC_25" time="1.301" classname="scenarios.GEO.v1.GeoRltspPut"/>
  <testcase name="TC_17" time="2.686" classname="scenarios.GEO.v1.GeoRltspPut"/>
  <testcase name="TC_06" time="2.695" classname="scenarios.GEO.v1.GeoRltspPut"/>
  <testcase name="TC_22" time="1.296" classname="scenarios.GEO.v1.GeoRltspPut"/>
  <testcase name="TC_24" time="1.379" classname="scenarios.GEO.v1.GeoRltspPut"/>
  <testcase name="TC_27" time="1.283" classname="scenarios.GEO.v1.GeoRltspPut"/>
  <testcase name="TC_10" time="1.310" classname="scenarios.GEO.v1.GeoRltspPut"/>
  <testcase name="TC_20" time="1.329" classname="scenarios.GEO.v1.GeoRltspPut"/>
  <testcase name="TC_01" time="9.670" classname="scenarios.GEO.v1.GeoRltspPut"/>
  <testcase name="TC_08" time="1.365" classname="scenarios.GEO.v1.GeoRltspPut"/>
  <testcase name="TC_23" time="1.529" classname="scenarios.GEO.v1.GeoRltspPut"/>
</testsuite> <!-- scenarios.GEO.v1.GeoRltspPut -->
