<?xml version="1.0" encoding="UTF-8"?>
<!-- Generated by org.testng.reporters.JUnitReportReporter -->
<testsuite hostname="SYN-FLX-001" name="scenarios.GEO.v2.GeoTypeGet" tests="6" failures="0" timestamp="8 May 2020 19:30:42 GMT" time="15.325" errors="0">
  <testcase name="TC_01" time="7.073" classname="scenarios.GEO.v2.GeoTypeGet"/>
  <testcase name="TC_04" time="1.237" classname="scenarios.GEO.v2.GeoTypeGet"/>
  <testcase name="TC_03" time="1.290" classname="scenarios.GEO.v2.GeoTypeGet"/>
  <testcase name="TC_02" time="3.311" classname="scenarios.GEO.v2.GeoTypeGet"/>
  <testcase name="TC_05" time="1.277" classname="scenarios.GEO.v2.GeoTypeGet"/>
  <testcase name="TC_06" time="1.137" classname="scenarios.GEO.v2.GeoTypeGet"/>
</testsuite> <!-- scenarios.GEO.v2.GeoTypeGet -->
