<?xml version="1.0" encoding="UTF-8"?>
<!-- Generated by org.testng.reporters.JUnitReportReporter -->
<testsuite hostname="SYN-FLX-001" name="scenarios.GEO.CountryGet" tests="41" failures="0" timestamp="23 Jan 2020 12:20:50 GMT" time="187.444" errors="1">
  <testcase name="TC_05" time="3.030" classname="scenarios.GEO.CountryGet"/>
  <testcase name="TC_22" time="3.199" classname="scenarios.GEO.CountryGet"/>
  <testcase name="TC_26" time="2.878" classname="scenarios.GEO.CountryGet"/>
  <testcase name="TC_09" time="3.312" classname="scenarios.GEO.CountryGet"/>
  <testcase name="TC_20" time="3.129" classname="scenarios.GEO.CountryGet"/>
  <testcase name="TC_01" time="7.416" classname="scenarios.GEO.CountryGet"/>
  <testcase name="TC_08" time="2.904" classname="scenarios.GEO.CountryGet"/>
  <testcase name="TC_21" time="3.593" classname="scenarios.GEO.CountryGet"/>
  <testcase name="TC_03" time="5.682" classname="scenarios.GEO.CountryGet"/>
  <testcase name="TC_37" time="3.091" classname="scenarios.GEO.CountryGet"/>
  <testcase name="TC_10" time="3.045" classname="scenarios.GEO.CountryGet"/>
  <testcase name="TC_18" time="3.280" classname="scenarios.GEO.CountryGet"/>
  <testcase name="TC_06" time="3.020" classname="scenarios.GEO.CountryGet"/>
  <testcase name="TC_13" time="3.122" classname="scenarios.GEO.CountryGet"/>
  <testcase name="TC_28" time="8.951" classname="scenarios.GEO.CountryGet"/>
  <testcase name="TC_32" time="3.411" classname="scenarios.GEO.CountryGet"/>
  <testcase name="TC_38" time="3.220" classname="scenarios.GEO.CountryGet"/>
  <testcase name="TC_02" time="5.418" classname="scenarios.GEO.CountryGet"/>
  <testcase name="TC_35" time="3.002" classname="scenarios.GEO.CountryGet"/>
  <testcase name="TC_39" time="3.286" classname="scenarios.GEO.CountryGet"/>
  <testcase name="TC_40" time="9.863" classname="scenarios.GEO.CountryGet"/>
  <testcase name="TC_34" time="3.241" classname="scenarios.GEO.CountryGet"/>
  <testcase name="TC_41" time="1.296" classname="scenarios.GEO.CountryGet">
    <error type="org.testng.SkipException" message="Execution skipped as per test flag set">
      <![CDATA[org.testng.SkipException: Execution skipped as per test flag set
	at scenarios.GEO.CountryGet.TC_41(CountryGet.java:643)
	at sun.reflect.NativeMethodAccessorImpl.invoke0(Native Method)
	at sun.reflect.NativeMethodAccessorImpl.invoke(Unknown Source)
	at sun.reflect.DelegatingMethodAccessorImpl.invoke(Unknown Source)
	at java.lang.reflect.Method.invoke(Unknown Source)
	at org.testng.internal.MethodInvocationHelper.invokeMethod(MethodInvocationHelper.java:86)
	at org.testng.internal.Invoker.invokeMethod(Invoker.java:646)
	at org.testng.internal.Invoker.invokeTestMethod(Invoker.java:823)
	at org.testng.internal.Invoker.invokeTestMethods(Invoker.java:1131)
	at org.testng.internal.TestMethodWorker.invokeTestMethods(TestMethodWorker.java:129)
	at org.testng.internal.TestMethodWorker.run(TestMethodWorker.java:112)
	at org.testng.TestRunner.privateRun(TestRunner.java:778)
	at org.testng.TestRunner.run(TestRunner.java:632)
	at org.testng.SuiteRunner.runTest(SuiteRunner.java:366)
	at org.testng.SuiteRunner.runSequentially(SuiteRunner.java:361)
	at org.testng.SuiteRunner.privateRun(SuiteRunner.java:319)
	at org.testng.SuiteRunner.run(SuiteRunner.java:268)
	at org.testng.SuiteRunnerWorker.runSuite(SuiteRunnerWorker.java:52)
	at org.testng.SuiteRunnerWorker.run(SuiteRunnerWorker.java:86)
	at org.testng.TestNG.runSuitesSequentially(TestNG.java:1225)
	at org.testng.TestNG.runSuitesLocally(TestNG.java:1150)
	at org.testng.TestNG.runSuites(TestNG.java:1075)
	at org.testng.TestNG.run(TestNG.java:1047)
	at org.testng.remote.AbstractRemoteTestNG.run(AbstractRemoteTestNG.java:126)
	at org.testng.remote.RemoteTestNG.initAndRun(RemoteTestNG.java:137)
	at org.testng.remote.RemoteTestNG.main(RemoteTestNG.java:58)
]]>
    </error>
  </testcase> <!-- TC_41 -->
  <testcase name="TC_12" time="2.942" classname="scenarios.GEO.CountryGet"/>
  <testcase name="TC_31" time="3.038" classname="scenarios.GEO.CountryGet"/>
  <testcase name="TC_29" time="9.958" classname="scenarios.GEO.CountryGet"/>
  <testcase name="TC_33" time="3.121" classname="scenarios.GEO.CountryGet"/>
  <testcase name="TC_27" time="8.326" classname="scenarios.GEO.CountryGet"/>
  <testcase name="TC_30" time="10.674" classname="scenarios.GEO.CountryGet"/>
  <testcase name="TC_07" time="3.175" classname="scenarios.GEO.CountryGet"/>
  <testcase name="TC_19" time="3.429" classname="scenarios.GEO.CountryGet"/>
  <testcase name="TC_23" time="3.168" classname="scenarios.GEO.CountryGet"/>
  <testcase name="TC_36" time="3.077" classname="scenarios.GEO.CountryGet"/>
  <testcase name="TC_04" time="5.945" classname="scenarios.GEO.CountryGet"/>
  <testcase name="TC_14" time="6.445" classname="scenarios.GEO.CountryGet"/>
  <testcase name="TC_11" time="3.035" classname="scenarios.GEO.CountryGet"/>
  <testcase name="TC_16" time="7.197" classname="scenarios.GEO.CountryGet"/>
  <testcase name="TC_17" time="7.916" classname="scenarios.GEO.CountryGet"/>
  <testcase name="TC_25" time="3.380" classname="scenarios.GEO.CountryGet"/>
  <testcase name="TC_15" time="7.210" classname="scenarios.GEO.CountryGet"/>
  <testcase name="TC_24" time="3.019" classname="scenarios.GEO.CountryGet"/>
</testsuite> <!-- scenarios.GEO.CountryGet -->
