<?xml version="1.0" encoding="UTF-8"?>
<!-- Generated by org.testng.reporters.JUnitReportReporter -->
<testsuite hostname="SYN-FLX-001" name="scenarios.GEO.v1.DepnCountryRltspPost" tests="13" failures="0" timestamp="22 Jun 2020 10:10:41 GMT" time="29.570" errors="0">
  <testcase name="TC_09" time="1.367" classname="scenarios.GEO.v1.DepnCountryRltspPost"/>
  <testcase name="TC_02" time="1.146" classname="scenarios.GEO.v1.DepnCountryRltspPost"/>
  <testcase name="TC_08" time="1.284" classname="scenarios.GEO.v1.DepnCountryRltspPost"/>
  <testcase name="TC_03" time="1.318" classname="scenarios.GEO.v1.DepnCountryRltspPost"/>
  <testcase name="TC_05" time="1.142" classname="scenarios.GEO.v1.DepnCountryRltspPost"/>
  <testcase name="TC_04" time="1.269" classname="scenarios.GEO.v1.DepnCountryRltspPost"/>
  <testcase name="TC_10" time="1.473" classname="scenarios.GEO.v1.DepnCountryRltspPost"/>
  <testcase name="TC_13" time="9.706" classname="scenarios.GEO.v1.DepnCountryRltspPost"/>
  <testcase name="TC_01" time="5.446" classname="scenarios.GEO.v1.DepnCountryRltspPost"/>
  <testcase name="TC_06" time="1.079" classname="scenarios.GEO.v1.DepnCountryRltspPost"/>
  <testcase name="TC_07" time="1.840" classname="scenarios.GEO.v1.DepnCountryRltspPost"/>
  <testcase name="TC_12" time="1.168" classname="scenarios.GEO.v1.DepnCountryRltspPost"/>
  <testcase name="TC_11" time="1.332" classname="scenarios.GEO.v1.DepnCountryRltspPost"/>
</testsuite> <!-- scenarios.GEO.v1.DepnCountryRltspPost -->
