<?xml version="1.0" encoding="UTF-8"?>
<!-- Generated by org.testng.reporters.JUnitReportReporter -->
<testsuite hostname="SYN-FLX-005" name="scenarios.GEO.v1.AddressLabelsGraphQL" tests="1" failures="0" timestamp="15 Jun 2020 08:18:21 GMT" time="5.567" errors="0">
  <testcase name="TC_02" time="5.567" classname="scenarios.GEO.v1.AddressLabelsGraphQL"/>
</testsuite> <!-- scenarios.GEO.v1.AddressLabelsGraphQL -->
