<?xml version="1.0" encoding="UTF-8"?>
<!-- Generated by org.testng.reporters.JUnitReportReporter -->
<testsuite hostname="SYN-FLX-001" name="scenarios.GEO.CntryOrgStdPut" tests="28" failures="0" timestamp="10 Jan 2020 14:25:34 GMT" time="45.128" errors="0">
  <testcase name="TC_08" time="1.149" classname="scenarios.GEO.CntryOrgStdPut"/>
  <testcase name="TC_09" time="0.906" classname="scenarios.GEO.CntryOrgStdPut"/>
  <testcase name="TC_07" time="2.100" classname="scenarios.GEO.CntryOrgStdPut"/>
  <testcase name="TC_15" time="2.028" classname="scenarios.GEO.CntryOrgStdPut"/>
  <testcase name="TC_11" time="0.905" classname="scenarios.GEO.CntryOrgStdPut"/>
  <testcase name="TC_26" time="0.812" classname="scenarios.GEO.CntryOrgStdPut"/>
  <testcase name="TC_03" time="2.494" classname="scenarios.GEO.CntryOrgStdPut"/>
  <testcase name="TC_02" time="0.781" classname="scenarios.GEO.CntryOrgStdPut"/>
  <testcase name="TC_27" time="0.748" classname="scenarios.GEO.CntryOrgStdPut"/>
  <testcase name="TC_01" time="5.056" classname="scenarios.GEO.CntryOrgStdPut"/>
  <testcase name="TC_16" time="0.843" classname="scenarios.GEO.CntryOrgStdPut"/>
  <testcase name="TC_22" time="1.142" classname="scenarios.GEO.CntryOrgStdPut"/>
  <testcase name="TC_23" time="0.827" classname="scenarios.GEO.CntryOrgStdPut"/>
  <testcase name="TC_21" time="0.766" classname="scenarios.GEO.CntryOrgStdPut"/>
  <testcase name="TC_28" time="9.179" classname="scenarios.GEO.CntryOrgStdPut"/>
  <testcase name="TC_04" time="2.465" classname="scenarios.GEO.CntryOrgStdPut"/>
  <testcase name="TC_10" time="0.813" classname="scenarios.GEO.CntryOrgStdPut"/>
  <testcase name="TC_05" time="0.900" classname="scenarios.GEO.CntryOrgStdPut"/>
  <testcase name="TC_18" time="2.154" classname="scenarios.GEO.CntryOrgStdPut"/>
  <testcase name="TC_13" time="0.897" classname="scenarios.GEO.CntryOrgStdPut"/>
  <testcase name="TC_24" time="0.822" classname="scenarios.GEO.CntryOrgStdPut"/>
  <testcase name="TC_14" time="2.299" classname="scenarios.GEO.CntryOrgStdPut"/>
  <testcase name="TC_19" time="0.765" classname="scenarios.GEO.CntryOrgStdPut"/>
  <testcase name="TC_12" time="0.912" classname="scenarios.GEO.CntryOrgStdPut"/>
  <testcase name="TC_06" time="0.849" classname="scenarios.GEO.CntryOrgStdPut"/>
  <testcase name="TC_17" time="0.816" classname="scenarios.GEO.CntryOrgStdPut"/>
  <testcase name="TC_25" time="0.887" classname="scenarios.GEO.CntryOrgStdPut"/>
  <testcase name="TC_20" time="0.813" classname="scenarios.GEO.CntryOrgStdPut"/>
</testsuite> <!-- scenarios.GEO.CntryOrgStdPut -->
