<?xml version="1.0" encoding="UTF-8"?>
<!-- Generated by org.testng.reporters.JUnitReportReporter -->
<testsuite hostname="SYN-FLX-001" name="scenarios.GEO.v1.GeoTypePost" tests="14" failures="0" timestamp="22 Jun 2020 10:39:57 GMT" time="31.699" errors="0">
  <testcase name="TC_01" time="5.217" classname="scenarios.GEO.v1.GeoTypePost"/>
  <testcase name="TC_03" time="1.327" classname="scenarios.GEO.v1.GeoTypePost"/>
  <testcase name="TC_14" time="9.859" classname="scenarios.GEO.v1.GeoTypePost"/>
  <testcase name="TC_10" time="1.208" classname="scenarios.GEO.v1.GeoTypePost"/>
  <testcase name="TC_02" time="1.338" classname="scenarios.GEO.v1.GeoTypePost"/>
  <testcase name="TC_13" time="1.293" classname="scenarios.GEO.v1.GeoTypePost"/>
  <testcase name="TC_12" time="1.947" classname="scenarios.GEO.v1.GeoTypePost"/>
  <testcase name="TC_04" time="1.316" classname="scenarios.GEO.v1.GeoTypePost"/>
  <testcase name="TC_08" time="1.291" classname="scenarios.GEO.v1.GeoTypePost"/>
  <testcase name="TC_09" time="1.284" classname="scenarios.GEO.v1.GeoTypePost"/>
  <testcase name="TC_11" time="1.449" classname="scenarios.GEO.v1.GeoTypePost"/>
  <testcase name="TC_05" time="1.368" classname="scenarios.GEO.v1.GeoTypePost"/>
  <testcase name="TC_07" time="1.369" classname="scenarios.GEO.v1.GeoTypePost"/>
  <testcase name="TC_06" time="1.433" classname="scenarios.GEO.v1.GeoTypePost"/>
</testsuite> <!-- scenarios.GEO.v1.GeoTypePost -->
