<?xml version="1.0" encoding="UTF-8"?>
<!-- Generated by org.testng.reporters.JUnitReportReporter -->
<testsuite hostname="SYN-FLX-001" name="scenarios.GEO.DepnCountryRltspTypeGraphQL" tests="1" failures="0" timestamp="24 Jan 2020 12:29:13 GMT" time="6.966" errors="0">
  <testcase name="TC_01" time="6.966" classname="scenarios.GEO.DepnCountryRltspTypeGraphQL"/>
</testsuite> <!-- scenarios.GEO.DepnCountryRltspTypeGraphQL -->
