<?xml version="1.0" encoding="UTF-8"?>
<!-- Generated by org.testng.reporters.JUnitReportReporter -->
<testsuite hostname="SYN-FLX-005" name="scenarios.GEO.v1.GeoOrgStdGet" tests="6" failures="0" timestamp="16 Jul 2020 09:43:43 GMT" time="29.917" errors="0">
  <testcase name="TC_02" time="4.545" classname="scenarios.GEO.v1.GeoOrgStdGet"/>
  <testcase name="TC_01" time="14.530" classname="scenarios.GEO.v1.GeoOrgStdGet"/>
  <testcase name="TC_06" time="2.526" classname="scenarios.GEO.v1.GeoOrgStdGet"/>
  <testcase name="TC_05" time="3.327" classname="scenarios.GEO.v1.GeoOrgStdGet"/>
  <testcase name="TC_04" time="2.716" classname="scenarios.GEO.v1.GeoOrgStdGet"/>
  <testcase name="TC_03" time="2.273" classname="scenarios.GEO.v1.GeoOrgStdGet"/>
</testsuite> <!-- scenarios.GEO.v1.GeoOrgStdGet -->
