<?xml version="1.0" encoding="UTF-8"?>
<!-- Generated by org.testng.reporters.JUnitReportReporter -->
<testsuite hostname="SYN-FLX-005" name="scenarios.GEO.v1.LanguagePost" tests="1" failures="0" timestamp="28 Jul 2020 13:36:48 GMT" time="58.925" errors="0">
  <testcase name="TC_01" time="58.925" classname="scenarios.GEO.v1.LanguagePost"/>
</testsuite> <!-- scenarios.GEO.v1.LanguagePost -->
