<?xml version="1.0" encoding="UTF-8"?>
<!-- Generated by org.testng.reporters.JUnitReportReporter -->
<testsuite skipped="0" hostname="COS-3572253-L1" name="scenarios.GEO.GeoRltspTypeGet" tests="4" failures="0" timestamp="18 Jul 2019 15:43:41 GMT" time="28.258" errors="0">
  <testcase name="TC_02" time="1.954" classname="scenarios.GEO.GeoRltspTypeGet"/>
  <testcase name="TC_03" time="0.661" classname="scenarios.GEO.GeoRltspTypeGet"/>
  <testcase name="TC_04" time="0.487" classname="scenarios.GEO.GeoRltspTypeGet"/>
  <testcase name="TC_01" time="25.156" classname="scenarios.GEO.GeoRltspTypeGet"/>
</testsuite> <!-- scenarios.GEO.GeoRltspTypeGet -->
