<?xml version="1.0" encoding="UTF-8"?>
<!-- Generated by org.testng.reporters.JUnitReportReporter -->
<testsuite hostname="SYN-FLX-001" name="scenarios.GEO.v1.DepnCountryRltspTypeGraphQL" tests="2" failures="0" timestamp="16 Jun 2020 15:54:02 GMT" time="8.414" errors="0">
  <testcase name="TC_02" time="2.320" classname="scenarios.GEO.v1.DepnCountryRltspTypeGraphQL"/>
  <testcase name="TC_01" time="6.094" classname="scenarios.GEO.v1.DepnCountryRltspTypeGraphQL"/>
</testsuite> <!-- scenarios.GEO.v1.DepnCountryRltspTypeGraphQL -->
