<?xml version="1.0" encoding="UTF-8"?>
<!-- Generated by org.testng.reporters.JUnitReportReporter -->
<testsuite hostname="SYN-FLX-001" name="scenarios.GEO.v1.UomTypePut" tests="21" failures="0" timestamp="19 Jun 2020 08:53:54 GMT" time="48.145" errors="0">
  <testcase name="TC_03" time="1.442" classname="scenarios.GEO.v1.UomTypePut"/>
  <testcase name="TC_01" time="5.347" classname="scenarios.GEO.v1.UomTypePut"/>
  <testcase name="TC_18" time="1.398" classname="scenarios.GEO.v1.UomTypePut"/>
  <testcase name="TC_17" time="2.745" classname="scenarios.GEO.v1.UomTypePut"/>
  <testcase name="TC_19" time="1.485" classname="scenarios.GEO.v1.UomTypePut"/>
  <testcase name="TC_11" time="1.984" classname="scenarios.GEO.v1.UomTypePut"/>
  <testcase name="TC_09" time="1.432" classname="scenarios.GEO.v1.UomTypePut"/>
  <testcase name="TC_12" time="1.181" classname="scenarios.GEO.v1.UomTypePut"/>
  <testcase name="TC_13" time="1.403" classname="scenarios.GEO.v1.UomTypePut"/>
  <testcase name="TC_15" time="2.714" classname="scenarios.GEO.v1.UomTypePut"/>
  <testcase name="TC_02" time="1.513" classname="scenarios.GEO.v1.UomTypePut"/>
  <testcase name="TC_20" time="1.502" classname="scenarios.GEO.v1.UomTypePut"/>
  <testcase name="TC_08" time="2.856" classname="scenarios.GEO.v1.UomTypePut"/>
  <testcase name="TC_16" time="1.374" classname="scenarios.GEO.v1.UomTypePut"/>
  <testcase name="TC_05" time="1.371" classname="scenarios.GEO.v1.UomTypePut"/>
  <testcase name="TC_14" time="1.767" classname="scenarios.GEO.v1.UomTypePut"/>
  <testcase name="TC_07" time="1.450" classname="scenarios.GEO.v1.UomTypePut"/>
  <testcase name="TC_04" time="2.582" classname="scenarios.GEO.v1.UomTypePut"/>
  <testcase name="TC_06" time="1.286" classname="scenarios.GEO.v1.UomTypePut"/>
  <testcase name="TC_10" time="1.319" classname="scenarios.GEO.v1.UomTypePut"/>
  <testcase name="TC_21" time="9.994" classname="scenarios.GEO.v1.UomTypePut"/>
</testsuite> <!-- scenarios.GEO.v1.UomTypePut -->
