<?xml version="1.0" encoding="UTF-8"?>
<!-- Generated by org.testng.reporters.JUnitReportReporter -->
<testsuite hostname="SYN-FLX-001" name="scenarios.GEO.DepnCountryRltspPut" tests="1" failures="0" timestamp="22 Jan 2020 11:28:22 GMT" time="5.483" errors="0">
  <testcase name="TC_01" time="5.483" classname="scenarios.GEO.DepnCountryRltspPut"/>
</testsuite> <!-- scenarios.GEO.DepnCountryRltspPut -->
