<?xml version="1.0" encoding="UTF-8"?>
<!-- Generated by org.testng.reporters.JUnitReportReporter -->
<testsuite hostname="SYN-FLX-005" name="scenarios.GEO.v1.UomTypePost" tests="20" failures="0" timestamp="8 Sep 2020 13:57:12 GMT" time="41.340" errors="0">
  <testcase name="TC_12" time="1.160" classname="scenarios.GEO.v1.UomTypePost"/>
  <testcase name="TC_14" time="1.445" classname="scenarios.GEO.v1.UomTypePost"/>
  <testcase name="TC_01" time="5.095" classname="scenarios.GEO.v1.UomTypePost"/>
  <testcase name="TC_06" time="1.230" classname="scenarios.GEO.v1.UomTypePost"/>
  <testcase name="TC_09" time="1.183" classname="scenarios.GEO.v1.UomTypePost"/>
  <testcase name="TC_16" time="2.211" classname="scenarios.GEO.v1.UomTypePost"/>
  <testcase name="TC_10" time="1.189" classname="scenarios.GEO.v1.UomTypePost"/>
  <testcase name="TC_19" time="1.361" classname="scenarios.GEO.v1.UomTypePost"/>
  <testcase name="TC_15" time="1.311" classname="scenarios.GEO.v1.UomTypePost"/>
  <testcase name="TC_11" time="1.323" classname="scenarios.GEO.v1.UomTypePost"/>
  <testcase name="TC_20" time="9.679" classname="scenarios.GEO.v1.UomTypePost"/>
  <testcase name="TC_17" time="1.952" classname="scenarios.GEO.v1.UomTypePost"/>
  <testcase name="TC_18" time="1.251" classname="scenarios.GEO.v1.UomTypePost"/>
  <testcase name="TC_02" time="1.305" classname="scenarios.GEO.v1.UomTypePost"/>
  <testcase name="TC_05" time="1.311" classname="scenarios.GEO.v1.UomTypePost"/>
  <testcase name="TC_08" time="2.285" classname="scenarios.GEO.v1.UomTypePost"/>
  <testcase name="TC_07" time="1.209" classname="scenarios.GEO.v1.UomTypePost"/>
  <testcase name="TC_13" time="1.295" classname="scenarios.GEO.v1.UomTypePost"/>
  <testcase name="TC_03" time="1.327" classname="scenarios.GEO.v1.UomTypePost"/>
  <testcase name="TC_04" time="2.218" classname="scenarios.GEO.v1.UomTypePost"/>
</testsuite> <!-- scenarios.GEO.v1.UomTypePost -->
