<?xml version="1.0" encoding="UTF-8"?>
<!-- Generated by org.testng.reporters.JUnitReportReporter -->
<testsuite hostname="SYN-FLX-005" name="scenarios.GEO.v1.DayOfWeekGraphQL" tests="3" failures="0" timestamp="14 Jul 2020 08:45:20 GMT" time="9.350" errors="0">
  <testcase name="TC_02" time="1.448" classname="scenarios.GEO.v1.DayOfWeekGraphQL"/>
  <testcase name="TC_03" time="1.843" classname="scenarios.GEO.v1.DayOfWeekGraphQL"/>
  <testcase name="TC_01" time="6.059" classname="scenarios.GEO.v1.DayOfWeekGraphQL"/>
</testsuite> <!-- scenarios.GEO.v1.DayOfWeekGraphQL -->
