<?xml version="1.0" encoding="UTF-8"?>
<!-- Generated by org.testng.reporters.JUnitReportReporter -->
<testsuite hostname="SYN-FLX-001" name="scenarios.GEO.UomTypePut" tests="1" failures="0" timestamp="22 Jan 2020 09:47:03 GMT" time="6.252" errors="0">
  <testcase name="TC_01" time="6.252" classname="scenarios.GEO.UomTypePut"/>
</testsuite> <!-- scenarios.GEO.UomTypePut -->
