<?xml version="1.0" encoding="UTF-8"?>
<!-- Generated by org.testng.reporters.JUnitReportReporter -->
<testsuite skipped="0" hostname="COS-3572253-L1" name="scenarios.GEO.MonthOfYearPut" tests="2" failures="0" timestamp="08 Jul 2019 14:41:18 GMT" time="13.484" errors="0">
  <testcase name="TC_01" time="12.445" classname="scenarios.GEO.MonthOfYearPut"/>
  <testcase name="TC_02" time="1.039" classname="scenarios.GEO.MonthOfYearPut"/>
</testsuite> <!-- scenarios.GEO.MonthOfYearPut -->
