<?xml version="1.0" encoding="UTF-8"?>
<!-- Generated by org.testng.reporters.JUnitReportReporter -->
<testsuite hostname="SYN-FLX-005" name="scenarios.GEO.v1.LanguagePut" tests="1" failures="0" timestamp="29 Jul 2020 13:16:41 GMT" time="138.287" errors="0">
  <testcase name="TC_41" time="138.287" classname="scenarios.GEO.v1.LanguagePut"/>
</testsuite> <!-- scenarios.GEO.v1.LanguagePut -->
