<?xml version="1.0" encoding="UTF-8"?>
<!-- Generated by org.testng.reporters.JUnitReportReporter -->
<testsuite hostname="SYN-FLX-005" name="scenarios.GEO.v1.LanguageGraphQL" tests="1" failures="0" timestamp="15 Jun 2020 06:43:14 GMT" time="8.829" errors="0">
  <testcase name="TC_14" time="8.829" classname="scenarios.GEO.v1.LanguageGraphQL"/>
</testsuite> <!-- scenarios.GEO.v1.LanguageGraphQL -->
