<?xml version="1.0" encoding="UTF-8"?>
<!-- Generated by org.testng.reporters.JUnitReportReporter -->
<testsuite hostname="SYN-FLX-001" name="scenarios.GEO.v1.GeoOrgStdPut" tests="17" failures="0" timestamp="18 Jun 2020 18:04:49 GMT" time="39.330" errors="0">
  <testcase name="TC_10" time="1.477" classname="scenarios.GEO.v1.GeoOrgStdPut"/>
  <testcase name="TC_01" time="5.919" classname="scenarios.GEO.v1.GeoOrgStdPut"/>
  <testcase name="TC_11" time="1.242" classname="scenarios.GEO.v1.GeoOrgStdPut"/>
  <testcase name="TC_14" time="1.328" classname="scenarios.GEO.v1.GeoOrgStdPut"/>
  <testcase name="TC_08" time="1.393" classname="scenarios.GEO.v1.GeoOrgStdPut"/>
  <testcase name="TC_09" time="1.178" classname="scenarios.GEO.v1.GeoOrgStdPut"/>
  <testcase name="TC_12" time="1.457" classname="scenarios.GEO.v1.GeoOrgStdPut"/>
  <testcase name="TC_15" time="1.389" classname="scenarios.GEO.v1.GeoOrgStdPut"/>
  <testcase name="TC_02" time="2.331" classname="scenarios.GEO.v1.GeoOrgStdPut"/>
  <testcase name="TC_04" time="1.229" classname="scenarios.GEO.v1.GeoOrgStdPut"/>
  <testcase name="TC_07" time="1.511" classname="scenarios.GEO.v1.GeoOrgStdPut"/>
  <testcase name="TC_06" time="2.522" classname="scenarios.GEO.v1.GeoOrgStdPut"/>
  <testcase name="TC_03" time="2.489" classname="scenarios.GEO.v1.GeoOrgStdPut"/>
  <testcase name="TC_17" time="9.797" classname="scenarios.GEO.v1.GeoOrgStdPut"/>
  <testcase name="TC_16" time="1.289" classname="scenarios.GEO.v1.GeoOrgStdPut"/>
  <testcase name="TC_13" time="1.443" classname="scenarios.GEO.v1.GeoOrgStdPut"/>
  <testcase name="TC_05" time="1.336" classname="scenarios.GEO.v1.GeoOrgStdPut"/>
</testsuite> <!-- scenarios.GEO.v1.GeoOrgStdPut -->
