<?xml version="1.0" encoding="UTF-8"?>
<!-- Generated by org.testng.reporters.JUnitReportReporter -->
<testsuite hostname="SYN-FLX-005" name="scenarios.GEO.v1.GeoOrgStdPut" tests="17" failures="0" timestamp="16 Jul 2020 09:39:15 GMT" time="147.885" errors="0">
  <testcase name="TC_04" time="1.291" classname="scenarios.GEO.v1.GeoOrgStdPut"/>
  <testcase name="TC_12" time="1.419" classname="scenarios.GEO.v1.GeoOrgStdPut"/>
  <testcase name="TC_02" time="2.034" classname="scenarios.GEO.v1.GeoOrgStdPut"/>
  <testcase name="TC_11" time="1.306" classname="scenarios.GEO.v1.GeoOrgStdPut"/>
  <testcase name="TC_13" time="1.306" classname="scenarios.GEO.v1.GeoOrgStdPut"/>
  <testcase name="TC_03" time="2.956" classname="scenarios.GEO.v1.GeoOrgStdPut"/>
  <testcase name="TC_16" time="1.438" classname="scenarios.GEO.v1.GeoOrgStdPut"/>
  <testcase name="TC_10" time="1.304" classname="scenarios.GEO.v1.GeoOrgStdPut"/>
  <testcase name="TC_05" time="1.217" classname="scenarios.GEO.v1.GeoOrgStdPut"/>
  <testcase name="TC_17" time="118.887" classname="scenarios.GEO.v1.GeoOrgStdPut"/>
  <testcase name="TC_01" time="5.264" classname="scenarios.GEO.v1.GeoOrgStdPut"/>
  <testcase name="TC_09" time="1.851" classname="scenarios.GEO.v1.GeoOrgStdPut"/>
  <testcase name="TC_08" time="1.107" classname="scenarios.GEO.v1.GeoOrgStdPut"/>
  <testcase name="TC_06" time="2.638" classname="scenarios.GEO.v1.GeoOrgStdPut"/>
  <testcase name="TC_15" time="1.236" classname="scenarios.GEO.v1.GeoOrgStdPut"/>
  <testcase name="TC_07" time="1.181" classname="scenarios.GEO.v1.GeoOrgStdPut"/>
  <testcase name="TC_14" time="1.450" classname="scenarios.GEO.v1.GeoOrgStdPut"/>
</testsuite> <!-- scenarios.GEO.v1.GeoOrgStdPut -->
