<?xml version="1.0" encoding="UTF-8"?>
<!-- Generated by org.testng.reporters.JUnitReportReporter -->
<testsuite hostname="SYN-FLX-005" name="scenarios.GEO.v1.GeoOrgStdPut" tests="17" failures="0" timestamp="27 Jul 2020 11:15:27 GMT" time="38.460" errors="0">
  <testcase name="TC_15" time="1.214" classname="scenarios.GEO.v1.GeoOrgStdPut"/>
  <testcase name="TC_06" time="2.622" classname="scenarios.GEO.v1.GeoOrgStdPut"/>
  <testcase name="TC_14" time="1.260" classname="scenarios.GEO.v1.GeoOrgStdPut"/>
  <testcase name="TC_04" time="1.310" classname="scenarios.GEO.v1.GeoOrgStdPut"/>
  <testcase name="TC_05" time="1.348" classname="scenarios.GEO.v1.GeoOrgStdPut"/>
  <testcase name="TC_03" time="2.676" classname="scenarios.GEO.v1.GeoOrgStdPut"/>
  <testcase name="TC_17" time="10.020" classname="scenarios.GEO.v1.GeoOrgStdPut"/>
  <testcase name="TC_11" time="1.764" classname="scenarios.GEO.v1.GeoOrgStdPut"/>
  <testcase name="TC_01" time="5.225" classname="scenarios.GEO.v1.GeoOrgStdPut"/>
  <testcase name="TC_16" time="1.235" classname="scenarios.GEO.v1.GeoOrgStdPut"/>
  <testcase name="TC_13" time="1.385" classname="scenarios.GEO.v1.GeoOrgStdPut"/>
  <testcase name="TC_08" time="1.301" classname="scenarios.GEO.v1.GeoOrgStdPut"/>
  <testcase name="TC_02" time="1.672" classname="scenarios.GEO.v1.GeoOrgStdPut"/>
  <testcase name="TC_09" time="1.385" classname="scenarios.GEO.v1.GeoOrgStdPut"/>
  <testcase name="TC_10" time="1.364" classname="scenarios.GEO.v1.GeoOrgStdPut"/>
  <testcase name="TC_12" time="1.171" classname="scenarios.GEO.v1.GeoOrgStdPut"/>
  <testcase name="TC_07" time="1.508" classname="scenarios.GEO.v1.GeoOrgStdPut"/>
</testsuite> <!-- scenarios.GEO.v1.GeoOrgStdPut -->
