<?xml version="1.0" encoding="UTF-8"?>
<!-- Generated by org.testng.reporters.JUnitReportReporter -->
<testsuite hostname="SYN-FLX-005" name="scenarios.GEO.v1.HolidayPut" tests="19" failures="0" timestamp="8 Sep 2020 09:19:27 GMT" time="39.499" errors="0">
  <testcase name="TC_10" time="1.238" classname="scenarios.GEO.v1.HolidayPut"/>
  <testcase name="TC_04" time="1.305" classname="scenarios.GEO.v1.HolidayPut"/>
  <testcase name="TC_15" time="1.299" classname="scenarios.GEO.v1.HolidayPut"/>
  <testcase name="TC_17" time="1.218" classname="scenarios.GEO.v1.HolidayPut"/>
  <testcase name="TC_02" time="1.339" classname="scenarios.GEO.v1.HolidayPut"/>
  <testcase name="TC_05" time="1.150" classname="scenarios.GEO.v1.HolidayPut"/>
  <testcase name="TC_01" time="4.875" classname="scenarios.GEO.v1.HolidayPut"/>
  <testcase name="TC_03" time="2.397" classname="scenarios.GEO.v1.HolidayPut"/>
  <testcase name="TC_13" time="1.268" classname="scenarios.GEO.v1.HolidayPut"/>
  <testcase name="TC_19" time="9.348" classname="scenarios.GEO.v1.HolidayPut"/>
  <testcase name="TC_18" time="1.142" classname="scenarios.GEO.v1.HolidayPut"/>
  <testcase name="TC_16" time="1.399" classname="scenarios.GEO.v1.HolidayPut"/>
  <testcase name="TC_07" time="1.231" classname="scenarios.GEO.v1.HolidayPut"/>
  <testcase name="TC_09" time="1.899" classname="scenarios.GEO.v1.HolidayPut"/>
  <testcase name="TC_08" time="1.190" classname="scenarios.GEO.v1.HolidayPut"/>
  <testcase name="TC_11" time="1.320" classname="scenarios.GEO.v1.HolidayPut"/>
  <testcase name="TC_06" time="2.351" classname="scenarios.GEO.v1.HolidayPut"/>
  <testcase name="TC_14" time="1.280" classname="scenarios.GEO.v1.HolidayPut"/>
  <testcase name="TC_12" time="2.250" classname="scenarios.GEO.v1.HolidayPut"/>
</testsuite> <!-- scenarios.GEO.v1.HolidayPut -->
