<?xml version="1.0" encoding="UTF-8"?>
<!-- Generated by org.testng.reporters.JUnitReportReporter -->
<testsuite hostname="SYN-FLX-005" name="scenarios.GEO.v1.AddressLabelsPost" tests="1" failures="0" timestamp="29 Jul 2020 12:27:38 GMT" time="440.466" errors="0">
  <testcase name="TC_20" time="440.466" classname="scenarios.GEO.v1.AddressLabelsPost"/>
</testsuite> <!-- scenarios.GEO.v1.AddressLabelsPost -->
