<?xml version="1.0" encoding="UTF-8"?>
<!-- Generated by org.testng.reporters.JUnitReportReporter -->
<testsuite skipped="0" hostname="COS-3572253-L1" name="scenarios.GEO.MonthOfYearGet" tests="2" failures="0" timestamp="19 Jul 2019 17:56:13 GMT" time="24.143" errors="0">
  <testcase name="TC_01" time="23.570" classname="scenarios.GEO.MonthOfYearGet"/>
  <testcase name="TC_02" time="0.573" classname="scenarios.GEO.MonthOfYearGet"/>
</testsuite> <!-- scenarios.GEO.MonthOfYearGet -->
