<?xml version="1.0" encoding="UTF-8"?>
<!-- Generated by org.testng.reporters.JUnitReportReporter -->
<testsuite hostname="SYN-FLX-001" name="scenarios.GEO.CntryOrgStdPost" tests="1" failures="0" timestamp="23 Jan 2020 12:16:11 GMT" time="6.491" errors="0">
  <testcase name="TC_01" time="6.491" classname="scenarios.GEO.CntryOrgStdPost"/>
</testsuite> <!-- scenarios.GEO.CntryOrgStdPost -->
