<?xml version="1.0" encoding="UTF-8"?>
<!-- Generated by org.testng.reporters.JUnitReportReporter -->
<testsuite hostname="SYN-FLX-001" name="scenarios.GEO.CountryPost" tests="1" failures="0" timestamp="23 Jan 2020 09:29:21 GMT" time="24.576" errors="0">
  <testcase name="TC_01" time="24.576" classname="scenarios.GEO.CountryPost"/>
</testsuite> <!-- scenarios.GEO.CountryPost -->
