<?xml version="1.0" encoding="UTF-8"?>
<!-- Generated by org.testng.reporters.JUnitReportReporter -->
<testsuite hostname="SYN-FLX-005" name="scenarios.GEO.CntryOrgStdPut" tests="28" failures="0" timestamp="24 Feb 2020 16:22:14 GMT" time="63.018" errors="0">
  <testcase name="TC_20" time="1.239" classname="scenarios.GEO.CntryOrgStdPut"/>
  <testcase name="TC_15" time="2.398" classname="scenarios.GEO.CntryOrgStdPut"/>
  <testcase name="TC_12" time="1.312" classname="scenarios.GEO.CntryOrgStdPut"/>
  <testcase name="TC_19" time="1.443" classname="scenarios.GEO.CntryOrgStdPut"/>
  <testcase name="TC_02" time="1.719" classname="scenarios.GEO.CntryOrgStdPut"/>
  <testcase name="TC_23" time="1.414" classname="scenarios.GEO.CntryOrgStdPut"/>
  <testcase name="TC_28" time="9.749" classname="scenarios.GEO.CntryOrgStdPut"/>
  <testcase name="TC_27" time="1.400" classname="scenarios.GEO.CntryOrgStdPut"/>
  <testcase name="TC_21" time="1.238" classname="scenarios.GEO.CntryOrgStdPut"/>
  <testcase name="TC_09" time="1.348" classname="scenarios.GEO.CntryOrgStdPut"/>
  <testcase name="TC_07" time="2.558" classname="scenarios.GEO.CntryOrgStdPut"/>
  <testcase name="TC_13" time="1.357" classname="scenarios.GEO.CntryOrgStdPut"/>
  <testcase name="TC_05" time="1.275" classname="scenarios.GEO.CntryOrgStdPut"/>
  <testcase name="TC_25" time="1.340" classname="scenarios.GEO.CntryOrgStdPut"/>
  <testcase name="TC_14" time="2.476" classname="scenarios.GEO.CntryOrgStdPut"/>
  <testcase name="TC_03" time="2.551" classname="scenarios.GEO.CntryOrgStdPut"/>
  <testcase name="TC_24" time="1.196" classname="scenarios.GEO.CntryOrgStdPut"/>
  <testcase name="TC_17" time="1.348" classname="scenarios.GEO.CntryOrgStdPut"/>
  <testcase name="TC_11" time="1.321" classname="scenarios.GEO.CntryOrgStdPut"/>
  <testcase name="TC_08" time="2.126" classname="scenarios.GEO.CntryOrgStdPut"/>
  <testcase name="TC_04" time="2.392" classname="scenarios.GEO.CntryOrgStdPut"/>
  <testcase name="TC_22" time="1.261" classname="scenarios.GEO.CntryOrgStdPut"/>
  <testcase name="TC_06" time="1.491" classname="scenarios.GEO.CntryOrgStdPut"/>
  <testcase name="TC_16" time="1.495" classname="scenarios.GEO.CntryOrgStdPut"/>
  <testcase name="TC_10" time="1.398" classname="scenarios.GEO.CntryOrgStdPut"/>
  <testcase name="TC_18" time="2.715" classname="scenarios.GEO.CntryOrgStdPut"/>
  <testcase name="TC_01" time="10.077" classname="scenarios.GEO.CntryOrgStdPut"/>
  <testcase name="TC_26" time="1.381" classname="scenarios.GEO.CntryOrgStdPut"/>
</testsuite> <!-- scenarios.GEO.CntryOrgStdPut -->
